2025-04-20T18:00:43.845+0200 [DEBUG] [org.gradle.launcher.daemon.bootstrap.DaemonMain] Assuming the daemon was started with following jvm opts: [--add-opens=java.base/java.util=ALL-UNNAMED, --add-opens=java.base/java.lang=ALL-UNNAMED, --add-opens=java.base/java.lang.invoke=ALL-UNNAMED, --add-opens=java.prefs/java.util.prefs=ALL-UNNAMED, --add-opens=java.base/java.nio.charset=ALL-UNNAMED, --add-opens=java.base/java.net=ALL-UNNAMED, --add-opens=java.base/java.util.concurrent.atomic=ALL-UNNAMED, -Xmx2048m, -Dfile.encoding=UTF-8, -Duser.country=ES, -Duser.language=es, -Duser.variant]
2025-04-20T18:00:44.095+0200 [DEBUG] [org.gradle.internal.nativeintegration.services.NativeServices] Native-platform posix files integration is not available. Continuing with fallback.
2025-04-20T18:00:44.118+0200 [INFO] [org.gradle.launcher.daemon.server.Daemon] start() called on daemon - DefaultDaemonContext[uid=f25a553f-3cf9-4a78-85f5-d2564be6fc2d,javaHome=C:\Program Files\Android\Android Studio1\jbr,daemonRegistryDir=C:\Users\Alvaro\Desktop\Proyecto\PMDM\CarKier\daemon,pid=17100,idleTimeout=10800000,priority=NORMAL,applyInstrumentationAgent=true,daemonOpts=--add-opens=java.base/java.util=ALL-UNNAMED,--add-opens=java.base/java.lang=ALL-UNNAMED,--add-opens=java.base/java.lang.invoke=ALL-UNNAMED,--add-opens=java.prefs/java.util.prefs=ALL-UNNAMED,--add-opens=java.base/java.nio.charset=ALL-UNNAMED,--add-opens=java.base/java.net=ALL-UNNAMED,--add-opens=java.base/java.util.concurrent.atomic=ALL-UNNAMED,-Xmx2048m,-Dfile.encoding=UTF-8,-Duser.country=ES,-Duser.language=es,-Duser.variant]
2025-04-20T18:00:44.267+0200 [DEBUG] [org.gradle.internal.remote.internal.inet.InetAddresses] Adding IP addresses for network interface Software Loopback Interface 1
2025-04-20T18:00:44.271+0200 [DEBUG] [org.gradle.internal.remote.internal.inet.InetAddresses] Is this a loopback interface? true
2025-04-20T18:00:44.272+0200 [DEBUG] [org.gradle.internal.remote.internal.inet.InetAddresses] Adding loopback address /127.0.0.1
2025-04-20T18:00:44.272+0200 [DEBUG] [org.gradle.internal.remote.internal.inet.InetAddresses] Adding loopback address /0:0:0:0:0:0:0:1
2025-04-20T18:00:44.274+0200 [DEBUG] [org.gradle.internal.remote.internal.inet.InetAddresses] Adding IP addresses for network interface Microsoft 6to4 Adapter
2025-04-20T18:00:44.280+0200 [DEBUG] [org.gradle.internal.remote.internal.inet.InetAddresses] Is this a loopback interface? false
2025-04-20T18:00:44.280+0200 [DEBUG] [org.gradle.internal.remote.internal.inet.InetAddresses] Adding IP addresses for network interface VirtualBox Host-Only Ethernet Adapter
2025-04-20T18:00:44.286+0200 [DEBUG] [org.gradle.internal.remote.internal.inet.InetAddresses] Is this a loopback interface? false
2025-04-20T18:00:44.286+0200 [DEBUG] [org.gradle.internal.remote.internal.inet.InetAddresses] Adding remote address /192.168.56.1
2025-04-20T18:00:44.287+0200 [DEBUG] [org.gradle.internal.remote.internal.inet.InetAddresses] Adding remote address /fe80:0:0:0:2ec5:9c91:2417:71d6%eth0
2025-04-20T18:00:44.287+0200 [DEBUG] [org.gradle.internal.remote.internal.inet.InetAddresses] Adding IP addresses for network interface WAN Miniport (IKEv2)
2025-04-20T18:00:44.291+0200 [DEBUG] [org.gradle.internal.remote.internal.inet.InetAddresses] Is this a loopback interface? false
2025-04-20T18:00:44.291+0200 [DEBUG] [org.gradle.internal.remote.internal.inet.InetAddresses] Adding IP addresses for network interface WAN Miniport (PPTP)
2025-04-20T18:00:44.294+0200 [DEBUG] [org.gradle.internal.remote.internal.inet.InetAddresses] Is this a loopback interface? false
2025-04-20T18:00:44.294+0200 [DEBUG] [org.gradle.internal.remote.internal.inet.InetAddresses] Adding IP addresses for network interface Microsoft IP-HTTPS Platform Adapter
2025-04-20T18:00:44.299+0200 [DEBUG] [org.gradle.internal.remote.internal.inet.InetAddresses] Is this a loopback interface? false
2025-04-20T18:00:44.299+0200 [DEBUG] [org.gradle.internal.remote.internal.inet.InetAddresses] Adding IP addresses for network interface Microsoft Kernel Debug Network Adapter
2025-04-20T18:00:44.303+0200 [DEBUG] [org.gradle.internal.remote.internal.inet.InetAddresses] Is this a loopback interface? false
2025-04-20T18:00:44.303+0200 [DEBUG] [org.gradle.internal.remote.internal.inet.InetAddresses] Adding IP addresses for network interface WAN Miniport (IPv6)
2025-04-20T18:00:44.306+0200 [DEBUG] [org.gradle.internal.remote.internal.inet.InetAddresses] Is this a loopback interface? false
2025-04-20T18:00:44.307+0200 [DEBUG] [org.gradle.internal.remote.internal.inet.InetAddresses] Adding IP addresses for network interface Realtek RTL8852BE WiFi 6 802.11ax PCIe Adapter
2025-04-20T18:00:44.310+0200 [DEBUG] [org.gradle.internal.remote.internal.inet.InetAddresses] Is this a loopback interface? false
2025-04-20T18:00:44.310+0200 [DEBUG] [org.gradle.internal.remote.internal.inet.InetAddresses] Adding remote address /192.168.1.142
2025-04-20T18:00:44.310+0200 [DEBUG] [org.gradle.internal.remote.internal.inet.InetAddresses] Adding remote address /fe80:0:0:0:d705:93c3:fc:4934%wlan0
2025-04-20T18:00:44.310+0200 [DEBUG] [org.gradle.internal.remote.internal.inet.InetAddresses] Adding IP addresses for network interface Bluetooth Device (Personal Area Network)
2025-04-20T18:00:44.313+0200 [DEBUG] [org.gradle.internal.remote.internal.inet.InetAddresses] Is this a loopback interface? false
2025-04-20T18:00:44.313+0200 [DEBUG] [org.gradle.internal.remote.internal.inet.InetAddresses] Adding remote address /fe80:0:0:0:7d04:3643:f7cf:5ebb%eth3
2025-04-20T18:00:44.313+0200 [DEBUG] [org.gradle.internal.remote.internal.inet.InetAddresses] Adding IP addresses for network interface Microsoft Teredo Tunneling Adapter
2025-04-20T18:00:44.316+0200 [DEBUG] [org.gradle.internal.remote.internal.inet.InetAddresses] Is this a loopback interface? false
2025-04-20T18:00:44.316+0200 [DEBUG] [org.gradle.internal.remote.internal.inet.InetAddresses] Adding IP addresses for network interface WAN Miniport (L2TP)
2025-04-20T18:00:44.322+0200 [DEBUG] [org.gradle.internal.remote.internal.inet.InetAddresses] Is this a loopback interface? false
2025-04-20T18:00:44.322+0200 [DEBUG] [org.gradle.internal.remote.internal.inet.InetAddresses] Adding IP addresses for network interface WAN Miniport (Network Monitor)
2025-04-20T18:00:44.326+0200 [DEBUG] [org.gradle.internal.remote.internal.inet.InetAddresses] Is this a loopback interface? false
2025-04-20T18:00:44.326+0200 [DEBUG] [org.gradle.internal.remote.internal.inet.InetAddresses] Adding IP addresses for network interface Microsoft Wi-Fi Direct Virtual Adapter
2025-04-20T18:00:44.329+0200 [DEBUG] [org.gradle.internal.remote.internal.inet.InetAddresses] Is this a loopback interface? false
2025-04-20T18:00:44.329+0200 [DEBUG] [org.gradle.internal.remote.internal.inet.InetAddresses] Adding remote address /fe80:0:0:0:195f:e5c0:c10d:1d27%wlan1
2025-04-20T18:00:44.329+0200 [DEBUG] [org.gradle.internal.remote.internal.inet.InetAddresses] Adding IP addresses for network interface Realtek RTL8852BE WiFi 6 802.11ax PCIe Adapter-WFP Native MAC Layer LightWeight Filter-0000
2025-04-20T18:00:44.333+0200 [DEBUG] [org.gradle.internal.remote.internal.inet.InetAddresses] Is this a loopback interface? false
2025-04-20T18:00:44.333+0200 [DEBUG] [org.gradle.internal.remote.internal.inet.InetAddresses] Adding IP addresses for network interface WAN Miniport (PPPOE)
2025-04-20T18:00:44.337+0200 [DEBUG] [org.gradle.internal.remote.internal.inet.InetAddresses] Is this a loopback interface? false
2025-04-20T18:00:44.338+0200 [DEBUG] [org.gradle.internal.remote.internal.inet.InetAddresses] Adding IP addresses for network interface WAN Miniport (SSTP)
2025-04-20T18:00:44.340+0200 [DEBUG] [org.gradle.internal.remote.internal.inet.InetAddresses] Is this a loopback interface? false
2025-04-20T18:00:44.340+0200 [DEBUG] [org.gradle.internal.remote.internal.inet.InetAddresses] Adding IP addresses for network interface Realtek PCIe GbE Family Controller
2025-04-20T18:00:44.343+0200 [DEBUG] [org.gradle.internal.remote.internal.inet.InetAddresses] Is this a loopback interface? false
2025-04-20T18:00:44.343+0200 [DEBUG] [org.gradle.internal.remote.internal.inet.InetAddresses] Adding remote address /fe80:0:0:0:1e22:1271:ec1e:8815%eth5
2025-04-20T18:00:44.343+0200 [DEBUG] [org.gradle.internal.remote.internal.inet.InetAddresses] Adding IP addresses for network interface Microsoft Wi-Fi Direct Virtual Adapter #2
2025-04-20T18:00:44.349+0200 [DEBUG] [org.gradle.internal.remote.internal.inet.InetAddresses] Is this a loopback interface? false
2025-04-20T18:00:44.349+0200 [DEBUG] [org.gradle.internal.remote.internal.inet.InetAddresses] Adding remote address /fe80:0:0:0:ec3:cb18:e2f3:ebdc%wlan3
2025-04-20T18:00:44.349+0200 [DEBUG] [org.gradle.internal.remote.internal.inet.InetAddresses] Adding IP addresses for network interface WAN Miniport (IP)
2025-04-20T18:00:44.353+0200 [DEBUG] [org.gradle.internal.remote.internal.inet.InetAddresses] Is this a loopback interface? false
2025-04-20T18:00:44.353+0200 [DEBUG] [org.gradle.internal.remote.internal.inet.InetAddresses] Adding IP addresses for network interface VirtualBox Host-Only Ethernet Adapter-WFP Native MAC Layer LightWeight Filter-0000
2025-04-20T18:00:44.357+0200 [DEBUG] [org.gradle.internal.remote.internal.inet.InetAddresses] Is this a loopback interface? false
2025-04-20T18:00:44.357+0200 [DEBUG] [org.gradle.internal.remote.internal.inet.InetAddresses] Adding IP addresses for network interface VirtualBox Host-Only Ethernet Adapter-QoS Packet Scheduler-0000
2025-04-20T18:00:44.360+0200 [DEBUG] [org.gradle.internal.remote.internal.inet.InetAddresses] Is this a loopback interface? false
2025-04-20T18:00:44.360+0200 [DEBUG] [org.gradle.internal.remote.internal.inet.InetAddresses] Adding IP addresses for network interface VirtualBox Host-Only Ethernet Adapter-WFP 802.3 MAC Layer LightWeight Filter-0000
2025-04-20T18:00:44.363+0200 [DEBUG] [org.gradle.internal.remote.internal.inet.InetAddresses] Is this a loopback interface? false
2025-04-20T18:00:44.363+0200 [DEBUG] [org.gradle.internal.remote.internal.inet.InetAddresses] Adding IP addresses for network interface Realtek PCIe GbE Family Controller-WFP Native MAC Layer LightWeight Filter-0000
2025-04-20T18:00:44.366+0200 [DEBUG] [org.gradle.internal.remote.internal.inet.InetAddresses] Is this a loopback interface? false
2025-04-20T18:00:44.367+0200 [DEBUG] [org.gradle.internal.remote.internal.inet.InetAddresses] Adding IP addresses for network interface Realtek PCIe GbE Family Controller-VirtualBox NDIS Light-Weight Filter-0000
2025-04-20T18:00:44.370+0200 [DEBUG] [org.gradle.internal.remote.internal.inet.InetAddresses] Is this a loopback interface? false
2025-04-20T18:00:44.371+0200 [DEBUG] [org.gradle.internal.remote.internal.inet.InetAddresses] Adding IP addresses for network interface Realtek PCIe GbE Family Controller-QoS Packet Scheduler-0000
2025-04-20T18:00:44.374+0200 [DEBUG] [org.gradle.internal.remote.internal.inet.InetAddresses] Is this a loopback interface? false
2025-04-20T18:00:44.375+0200 [DEBUG] [org.gradle.internal.remote.internal.inet.InetAddresses] Adding IP addresses for network interface Realtek PCIe GbE Family Controller-WFP 802.3 MAC Layer LightWeight Filter-0000
2025-04-20T18:00:44.379+0200 [DEBUG] [org.gradle.internal.remote.internal.inet.InetAddresses] Is this a loopback interface? false
2025-04-20T18:00:44.380+0200 [DEBUG] [org.gradle.internal.remote.internal.inet.InetAddresses] Adding IP addresses for network interface Realtek RTL8852BE WiFi 6 802.11ax PCIe Adapter-Virtual WiFi Filter Driver-0000
2025-04-20T18:00:44.383+0200 [DEBUG] [org.gradle.internal.remote.internal.inet.InetAddresses] Is this a loopback interface? false
2025-04-20T18:00:44.383+0200 [DEBUG] [org.gradle.internal.remote.internal.inet.InetAddresses] Adding IP addresses for network interface Realtek RTL8852BE WiFi 6 802.11ax PCIe Adapter-Native WiFi Filter Driver-0000
2025-04-20T18:00:44.386+0200 [DEBUG] [org.gradle.internal.remote.internal.inet.InetAddresses] Is this a loopback interface? false
2025-04-20T18:00:44.387+0200 [DEBUG] [org.gradle.internal.remote.internal.inet.InetAddresses] Adding IP addresses for network interface Realtek RTL8852BE WiFi 6 802.11ax PCIe Adapter-VirtualBox NDIS Light-Weight Filter-0000
2025-04-20T18:00:44.390+0200 [DEBUG] [org.gradle.internal.remote.internal.inet.InetAddresses] Is this a loopback interface? false
2025-04-20T18:00:44.390+0200 [DEBUG] [org.gradle.internal.remote.internal.inet.InetAddresses] Adding IP addresses for network interface Realtek RTL8852BE WiFi 6 802.11ax PCIe Adapter-QoS Packet Scheduler-0000
2025-04-20T18:00:44.393+0200 [DEBUG] [org.gradle.internal.remote.internal.inet.InetAddresses] Is this a loopback interface? false
2025-04-20T18:00:44.393+0200 [DEBUG] [org.gradle.internal.remote.internal.inet.InetAddresses] Adding IP addresses for network interface Realtek RTL8852BE WiFi 6 802.11ax PCIe Adapter-WFP 802.3 MAC Layer LightWeight Filter-0000
2025-04-20T18:00:44.396+0200 [DEBUG] [org.gradle.internal.remote.internal.inet.InetAddresses] Is this a loopback interface? false
2025-04-20T18:00:44.397+0200 [DEBUG] [org.gradle.internal.remote.internal.inet.InetAddresses] Adding IP addresses for network interface Microsoft Wi-Fi Direct Virtual Adapter-WFP Native MAC Layer LightWeight Filter-0000
2025-04-20T18:00:44.401+0200 [DEBUG] [org.gradle.internal.remote.internal.inet.InetAddresses] Is this a loopback interface? false
2025-04-20T18:00:44.402+0200 [DEBUG] [org.gradle.internal.remote.internal.inet.InetAddresses] Adding IP addresses for network interface Microsoft Wi-Fi Direct Virtual Adapter-Native WiFi Filter Driver-0000
2025-04-20T18:00:44.405+0200 [DEBUG] [org.gradle.internal.remote.internal.inet.InetAddresses] Is this a loopback interface? false
2025-04-20T18:00:44.405+0200 [DEBUG] [org.gradle.internal.remote.internal.inet.InetAddresses] Adding IP addresses for network interface Microsoft Wi-Fi Direct Virtual Adapter-VirtualBox NDIS Light-Weight Filter-0000
2025-04-20T18:00:44.410+0200 [DEBUG] [org.gradle.internal.remote.internal.inet.InetAddresses] Is this a loopback interface? false
2025-04-20T18:00:44.410+0200 [DEBUG] [org.gradle.internal.remote.internal.inet.InetAddresses] Adding IP addresses for network interface Microsoft Wi-Fi Direct Virtual Adapter-QoS Packet Scheduler-0000
2025-04-20T18:00:44.415+0200 [DEBUG] [org.gradle.internal.remote.internal.inet.InetAddresses] Is this a loopback interface? false
2025-04-20T18:00:44.415+0200 [DEBUG] [org.gradle.internal.remote.internal.inet.InetAddresses] Adding IP addresses for network interface Microsoft Wi-Fi Direct Virtual Adapter-WFP 802.3 MAC Layer LightWeight Filter-0000
2025-04-20T18:00:44.420+0200 [DEBUG] [org.gradle.internal.remote.internal.inet.InetAddresses] Is this a loopback interface? false
2025-04-20T18:00:44.420+0200 [DEBUG] [org.gradle.internal.remote.internal.inet.InetAddresses] Adding IP addresses for network interface Microsoft Wi-Fi Direct Virtual Adapter #2-WFP Native MAC Layer LightWeight Filter-0000
2025-04-20T18:00:44.424+0200 [DEBUG] [org.gradle.internal.remote.internal.inet.InetAddresses] Is this a loopback interface? false
2025-04-20T18:00:44.424+0200 [DEBUG] [org.gradle.internal.remote.internal.inet.InetAddresses] Adding IP addresses for network interface WAN Miniport (IP)-WFP Native MAC Layer LightWeight Filter-0000
2025-04-20T18:00:44.427+0200 [DEBUG] [org.gradle.internal.remote.internal.inet.InetAddresses] Is this a loopback interface? false
2025-04-20T18:00:44.427+0200 [DEBUG] [org.gradle.internal.remote.internal.inet.InetAddresses] Adding IP addresses for network interface WAN Miniport (IP)-QoS Packet Scheduler-0000
2025-04-20T18:00:44.430+0200 [DEBUG] [org.gradle.internal.remote.internal.inet.InetAddresses] Is this a loopback interface? false
2025-04-20T18:00:44.431+0200 [DEBUG] [org.gradle.internal.remote.internal.inet.InetAddresses] Adding IP addresses for network interface WAN Miniport (IPv6)-WFP Native MAC Layer LightWeight Filter-0000
2025-04-20T18:00:44.434+0200 [DEBUG] [org.gradle.internal.remote.internal.inet.InetAddresses] Is this a loopback interface? false
2025-04-20T18:00:44.435+0200 [DEBUG] [org.gradle.internal.remote.internal.inet.InetAddresses] Adding IP addresses for network interface WAN Miniport (IPv6)-QoS Packet Scheduler-0000
2025-04-20T18:00:44.437+0200 [DEBUG] [org.gradle.internal.remote.internal.inet.InetAddresses] Is this a loopback interface? false
2025-04-20T18:00:44.437+0200 [DEBUG] [org.gradle.internal.remote.internal.inet.InetAddresses] Adding IP addresses for network interface WAN Miniport (Network Monitor)-WFP Native MAC Layer LightWeight Filter-0000
2025-04-20T18:00:44.439+0200 [DEBUG] [org.gradle.internal.remote.internal.inet.InetAddresses] Is this a loopback interface? false
2025-04-20T18:00:44.440+0200 [DEBUG] [org.gradle.internal.remote.internal.inet.InetAddresses] Adding IP addresses for network interface WAN Miniport (Network Monitor)-QoS Packet Scheduler-0000
2025-04-20T18:00:44.443+0200 [DEBUG] [org.gradle.internal.remote.internal.inet.InetAddresses] Is this a loopback interface? false
2025-04-20T18:00:44.444+0200 [DEBUG] [org.gradle.internal.remote.internal.inet.InetAddresses] Adding IP addresses for network interface Microsoft Wi-Fi Direct Virtual Adapter #2-Native WiFi Filter Driver-0000
2025-04-20T18:00:44.446+0200 [DEBUG] [org.gradle.internal.remote.internal.inet.InetAddresses] Is this a loopback interface? false
2025-04-20T18:00:44.447+0200 [DEBUG] [org.gradle.internal.remote.internal.inet.InetAddresses] Adding IP addresses for network interface Microsoft Wi-Fi Direct Virtual Adapter #2-VirtualBox NDIS Light-Weight Filter-0000
2025-04-20T18:00:44.449+0200 [DEBUG] [org.gradle.internal.remote.internal.inet.InetAddresses] Is this a loopback interface? false
2025-04-20T18:00:44.449+0200 [DEBUG] [org.gradle.internal.remote.internal.inet.InetAddresses] Adding IP addresses for network interface Microsoft Wi-Fi Direct Virtual Adapter #2-QoS Packet Scheduler-0000
2025-04-20T18:00:44.452+0200 [DEBUG] [org.gradle.internal.remote.internal.inet.InetAddresses] Is this a loopback interface? false
2025-04-20T18:00:44.452+0200 [DEBUG] [org.gradle.internal.remote.internal.inet.InetAddresses] Adding IP addresses for network interface Microsoft Wi-Fi Direct Virtual Adapter #2-WFP 802.3 MAC Layer LightWeight Filter-0000
2025-04-20T18:00:44.455+0200 [DEBUG] [org.gradle.internal.remote.internal.inet.InetAddresses] Is this a loopback interface? false
2025-04-20T18:00:44.464+0200 [DEBUG] [org.gradle.internal.remote.internal.inet.TcpIncomingConnector] Listening on [73051ff2-73d5-4ea5-baa8-b432a2994491 port:63311, addresses:[localhost/127.0.0.1]].
2025-04-20T18:00:44.498+0200 [DEBUG] [org.gradle.launcher.daemon.server.Daemon] Daemon starting at: Sun Apr 20 18:00:44 CEST 2025, with address: [73051ff2-73d5-4ea5-baa8-b432a2994491 port:63311, addresses:[localhost/127.0.0.1]]
2025-04-20T18:00:44.498+0200 [INFO] [org.gradle.launcher.daemon.server.DaemonRegistryUpdater] Advertising the daemon address to the clients: [73051ff2-73d5-4ea5-baa8-b432a2994491 port:63311, addresses:[localhost/127.0.0.1]]
2025-04-20T18:00:44.498+0200 [DEBUG] [org.gradle.launcher.daemon.server.DaemonRegistryUpdater] Advertised daemon context: DefaultDaemonContext[uid=f25a553f-3cf9-4a78-85f5-d2564be6fc2d,javaHome=C:\Program Files\Android\Android Studio1\jbr,daemonRegistryDir=C:\Users\Alvaro\Desktop\Proyecto\PMDM\CarKier\daemon,pid=17100,idleTimeout=10800000,priority=NORMAL,applyInstrumentationAgent=true,daemonOpts=--add-opens=java.base/java.util=ALL-UNNAMED,--add-opens=java.base/java.lang=ALL-UNNAMED,--add-opens=java.base/java.lang.invoke=ALL-UNNAMED,--add-opens=java.prefs/java.util.prefs=ALL-UNNAMED,--add-opens=java.base/java.nio.charset=ALL-UNNAMED,--add-opens=java.base/java.net=ALL-UNNAMED,--add-opens=java.base/java.util.concurrent.atomic=ALL-UNNAMED,-Xmx2048m,-Dfile.encoding=UTF-8,-Duser.country=ES,-Duser.language=es,-Duser.variant]
2025-04-20T18:00:44.499+0200 [DEBUG] [org.gradle.launcher.daemon.registry.PersistentDaemonRegistry] Storing daemon address: [73051ff2-73d5-4ea5-baa8-b432a2994491 port:63311, addresses:[localhost/127.0.0.1]], context: DefaultDaemonContext[uid=f25a553f-3cf9-4a78-85f5-d2564be6fc2d,javaHome=C:\Program Files\Android\Android Studio1\jbr,daemonRegistryDir=C:\Users\Alvaro\Desktop\Proyecto\PMDM\CarKier\daemon,pid=17100,idleTimeout=10800000,priority=NORMAL,applyInstrumentationAgent=true,daemonOpts=--add-opens=java.base/java.util=ALL-UNNAMED,--add-opens=java.base/java.lang=ALL-UNNAMED,--add-opens=java.base/java.lang.invoke=ALL-UNNAMED,--add-opens=java.prefs/java.util.prefs=ALL-UNNAMED,--add-opens=java.base/java.nio.charset=ALL-UNNAMED,--add-opens=java.base/java.net=ALL-UNNAMED,--add-opens=java.base/java.util.concurrent.atomic=ALL-UNNAMED,-Xmx2048m,-Dfile.encoding=UTF-8,-Duser.country=ES,-Duser.language=es,-Duser.variant]
2025-04-20T18:00:44.521+0200 [DEBUG] [org.gradle.cache.internal.DefaultFileLockManager] Waiting to acquire exclusive lock on daemon addresses registry.
2025-04-20T18:00:44.527+0200 [DEBUG] [org.gradle.cache.internal.DefaultFileLockManager] Lock acquired on daemon addresses registry.
2025-04-20T18:00:44.536+0200 [DEBUG] [org.gradle.cache.internal.DefaultFileLockManager] Releasing lock on daemon addresses registry.
2025-04-20T18:00:44.537+0200 [LIFECYCLE] [org.gradle.launcher.daemon.server.Daemon] Daemon server started.
2025-04-20T18:00:44.538+0200 [DEBUG] [org.gradle.launcher.daemon.bootstrap.DaemonStartupCommunication] Completed writing the daemon greeting. Closing streams...
2025-04-20T18:00:44.546+0200 [DEBUG] [org.gradle.launcher.daemon.server.Daemon] stopOnExpiration() called on daemon
2025-04-20T18:00:44.548+0200 [DEBUG] [org.gradle.launcher.daemon.server.Daemon] awaitExpiration() called on daemon
2025-04-20T18:00:44.549+0200 [DEBUG] [org.gradle.launcher.daemon.server.DaemonStateCoordinator] daemon is running. Sleeping until state changes.
2025-04-20T18:00:44.571+0200 [DEBUG] [org.gradle.internal.remote.internal.inet.TcpIncomingConnector] Accepted connection from /127.0.0.1:63312 to /127.0.0.1:63311.
2025-04-20T18:00:44.674+0200 [DEBUG] [org.gradle.launcher.daemon.server.SynchronizedDispatchConnection] thread 30: received class org.gradle.launcher.daemon.protocol.Build
2025-04-20T18:00:44.674+0200 [DEBUG] [org.gradle.launcher.daemon.server.DefaultDaemonConnection] thread 30: Received non-IO message from client: Build{id=c22d3224-1de0-4106-90bb-83e4dbddf3db, currentDir=C:\Users\Alvaro\Desktop\Proyecto\PMDM\CarKier}
2025-04-20T18:00:44.675+0200 [INFO] [org.gradle.launcher.daemon.server.DefaultIncomingConnectionHandler] Received command: Build{id=c22d3224-1de0-4106-90bb-83e4dbddf3db, currentDir=C:\Users\Alvaro\Desktop\Proyecto\PMDM\CarKier}.
2025-04-20T18:00:44.675+0200 [DEBUG] [org.gradle.launcher.daemon.server.DefaultIncomingConnectionHandler] Starting executing command: Build{id=c22d3224-1de0-4106-90bb-83e4dbddf3db, currentDir=C:\Users\Alvaro\Desktop\Proyecto\PMDM\CarKier} with connection: socket connection from /127.0.0.1:63311 to /127.0.0.1:63312.
2025-04-20T18:00:44.679+0200 [DEBUG] [org.gradle.launcher.daemon.server.DaemonStateCoordinator] Command execution: started DaemonCommandExecution[command = Build{id=c22d3224-1de0-4106-90bb-83e4dbddf3db, currentDir=C:\Users\Alvaro\Desktop\Proyecto\PMDM\CarKier}, connection = DefaultDaemonConnection: socket connection from /127.0.0.1:63311 to /127.0.0.1:63312] after 0.0 minutes of idle
2025-04-20T18:00:44.679+0200 [INFO] [org.gradle.launcher.daemon.server.DaemonRegistryUpdater] Marking the daemon as busy, address: [73051ff2-73d5-4ea5-baa8-b432a2994491 port:63311, addresses:[localhost/127.0.0.1]]
2025-04-20T18:00:44.680+0200 [DEBUG] [org.gradle.launcher.daemon.registry.PersistentDaemonRegistry] Marking busy by address: [73051ff2-73d5-4ea5-baa8-b432a2994491 port:63311, addresses:[localhost/127.0.0.1]]
2025-04-20T18:00:44.681+0200 [DEBUG] [org.gradle.cache.internal.DefaultFileLockManager] Waiting to acquire exclusive lock on daemon addresses registry.
2025-04-20T18:00:44.682+0200 [DEBUG] [org.gradle.cache.internal.DefaultFileLockManager] Lock acquired on daemon addresses registry.
2025-04-20T18:00:44.683+0200 [DEBUG] [org.gradle.cache.internal.DefaultFileLockManager] Releasing lock on daemon addresses registry.
2025-04-20T18:00:44.684+0200 [DEBUG] [org.gradle.launcher.daemon.server.DaemonStateCoordinator] resetting idle timer
2025-04-20T18:00:44.684+0200 [DEBUG] [org.gradle.launcher.daemon.server.DaemonStateCoordinator] daemon is running. Sleeping until state changes.
2025-04-20T18:00:44.685+0200 [INFO] [org.gradle.launcher.daemon.server.exec.StartBuildOrRespondWithBusy] Daemon is about to start building Build{id=c22d3224-1de0-4106-90bb-83e4dbddf3db, currentDir=C:\Users\Alvaro\Desktop\Proyecto\PMDM\CarKier}. Dispatching build started information...
2025-04-20T18:00:44.685+0200 [DEBUG] [org.gradle.launcher.daemon.server.SynchronizedDispatchConnection] thread 32: dispatching org.gradle.launcher.daemon.protocol.BuildStarted@76c390f2
2025-04-20T18:00:44.688+0200 [DEBUG] [org.gradle.launcher.daemon.server.exec.EstablishBuildEnvironment] Configuring env variables: [USERDOMAIN_ROAMINGPROFILE, LOCALAPPDATA, PROCESSOR_LEVEL, USERDOMAIN, LOGONSERVER, FPS_BROWSER_APP_PROFILE_STRING, SESSIONNAME, ALLUSERSPROFILE, PROCESSOR_ARCHITECTURE, PSModulePath, SystemDrive, OneDrive, APPDATA, USERNAME, ProgramFiles(x86), VBOX_MSI_INSTALL_PATH, CommonProgramFiles, Path, FPS_BROWSER_USER_PROFILE_STRING, PATHEXT, DriverData, OS, COMPUTERNAME, PROCESSOR_REVISION, CommonProgramW6432, ComSpec, ProgramData, ProgramW6432, TEMP, HOMEPATH, SystemRoot, PROCESSOR_IDENTIFIER, HOMEDRIVE, USERPROFILE, TMP, CommonProgramFiles(x86), EFC_8376, ProgramFiles, PUBLIC, windir, NUMBER_OF_PROCESSORS, =::, IDEA_INITIAL_DIRECTORY, ZES_ENABLE_SYSMAN]
2025-04-20T18:00:44.691+0200 [DEBUG] [org.gradle.launcher.daemon.server.SynchronizedDispatchConnection] thread 30: received class org.gradle.launcher.daemon.protocol.CloseInput
2025-04-20T18:00:44.692+0200 [DEBUG] [org.gradle.launcher.daemon.server.DefaultDaemonConnection] thread 30: Received IO message from client: org.gradle.launcher.daemon.protocol.CloseInput@2a50f7c
2025-04-20T18:00:44.697+0200 [DEBUG] [org.gradle.launcher.daemon.server.exec.LogToClient] About to start relaying all logs to the client via the connection.
2025-04-20T18:00:44.697+0200 [INFO] [org.gradle.launcher.daemon.server.exec.LogToClient] The client will now receive all logging from the daemon (pid: 17100). The daemon log file: C:\Users\Alvaro\Desktop\Proyecto\PMDM\CarKier\daemon\8.2\daemon-17100.out.log
2025-04-20T18:00:44.701+0200 [INFO] [org.gradle.launcher.daemon.server.exec.LogAndCheckHealth] Starting build in new daemon [memory: 2 GiB]
2025-04-20T18:00:44.703+0200 [INFO] [org.gradle.launcher.daemon.server.exec.ForwardClientInput] Closing daemon's stdin at end of input.
2025-04-20T18:00:44.703+0200 [INFO] [org.gradle.launcher.daemon.server.exec.ForwardClientInput] The daemon will no longer process any standard input.
2025-04-20T18:00:44.704+0200 [DEBUG] [org.gradle.launcher.daemon.server.exec.ExecuteBuild] The daemon has started executing the build.
2025-04-20T18:00:44.705+0200 [DEBUG] [org.gradle.launcher.daemon.server.exec.ExecuteBuild] Executing build with daemon context: DefaultDaemonContext[uid=f25a553f-3cf9-4a78-85f5-d2564be6fc2d,javaHome=C:\Program Files\Android\Android Studio1\jbr,daemonRegistryDir=C:\Users\Alvaro\Desktop\Proyecto\PMDM\CarKier\daemon,pid=17100,idleTimeout=10800000,priority=NORMAL,applyInstrumentationAgent=true,daemonOpts=--add-opens=java.base/java.util=ALL-UNNAMED,--add-opens=java.base/java.lang=ALL-UNNAMED,--add-opens=java.base/java.lang.invoke=ALL-UNNAMED,--add-opens=java.prefs/java.util.prefs=ALL-UNNAMED,--add-opens=java.base/java.nio.charset=ALL-UNNAMED,--add-opens=java.base/java.net=ALL-UNNAMED,--add-opens=java.base/java.util.concurrent.atomic=ALL-UNNAMED,-Xmx2048m,-Dfile.encoding=UTF-8,-Duser.country=ES,-Duser.language=es,-Duser.variant]

BUILD SUCCESSFUL in 19s
36 actionable tasks: 1 executed, 35 up-to-date
2025-04-20T18:01:00.946+0200 [DEBUG] [org.gradle.launcher.daemon.server.exec.ExecuteBuild] The daemon has finished executing the build.
2025-04-20T18:01:00.963+0200 [DEBUG] [org.gradle.launcher.daemon.server.DaemonStateCoordinator] daemon is running. Sleeping until state changes.
2025-04-20T18:01:00.964+0200 [DEBUG] [org.gradle.launcher.daemon.server.DaemonStateCoordinator] Command execution: finished waiting for DaemonCommandExecution[command = Build{id=c22d3224-1de0-4106-90bb-83e4dbddf3db, currentDir=C:\Users\Alvaro\Desktop\Proyecto\PMDM\CarKier}, connection = DefaultDaemonConnection: socket connection from /127.0.0.1:63311 to /127.0.0.1:63312]. Result org.gradle.launcher.daemon.server.DaemonStateCoordinator@1dfb883f with state Busy
2025-04-20T18:01:00.964+0200 [DEBUG] [org.gradle.launcher.daemon.server.DaemonStateCoordinator] Command execution: completed DaemonCommandExecution[command = Build{id=c22d3224-1de0-4106-90bb-83e4dbddf3db, currentDir=C:\Users\Alvaro\Desktop\Proyecto\PMDM\CarKier}, connection = DefaultDaemonConnection: socket connection from /127.0.0.1:63311 to /127.0.0.1:63312]
2025-04-20T18:01:00.964+0200 [DEBUG] [org.gradle.launcher.daemon.server.DaemonStateCoordinator] resetting idle timer
2025-04-20T18:01:00.964+0200 [INFO] [org.gradle.launcher.daemon.server.DaemonRegistryUpdater] Marking the daemon as idle, address: [73051ff2-73d5-4ea5-baa8-b432a2994491 port:63311, addresses:[localhost/127.0.0.1]]
2025-04-20T18:01:00.964+0200 [DEBUG] [org.gradle.launcher.daemon.registry.PersistentDaemonRegistry] Marking busy by address: [73051ff2-73d5-4ea5-baa8-b432a2994491 port:63311, addresses:[localhost/127.0.0.1]]
2025-04-20T18:01:00.966+0200 [DEBUG] [org.gradle.cache.internal.DefaultFileLockManager] Waiting to acquire exclusive lock on daemon addresses registry.
2025-04-20T18:01:00.966+0200 [DEBUG] [org.gradle.cache.internal.DefaultFileLockManager] Lock acquired on daemon addresses registry.
2025-04-20T18:01:00.968+0200 [DEBUG] [org.gradle.cache.internal.DefaultFileLockManager] Releasing lock on daemon addresses registry.
2025-04-20T18:01:00.968+0200 [DEBUG] [org.gradle.launcher.daemon.server.DaemonStateCoordinator] daemon is running. Sleeping until state changes.
2025-04-20T18:01:00.968+0200 [DEBUG] [org.gradle.launcher.daemon.server.exec.ReturnResult] Daemon is dispatching the build result: Success[value=org.gradle.launcher.exec.BuildActionResult@2b007df]
2025-04-20T18:01:00.969+0200 [DEBUG] [org.gradle.launcher.daemon.server.SynchronizedDispatchConnection] thread 29: dispatching Success[value=org.gradle.launcher.exec.BuildActionResult@2b007df]
2025-04-20T18:01:00.969+0200 [DEBUG] [org.gradle.launcher.daemon.server.DefaultIncomingConnectionHandler] Finishing executing command: Build{id=c22d3224-1de0-4106-90bb-83e4dbddf3db, currentDir=C:\Users\Alvaro\Desktop\Proyecto\PMDM\CarKier}
2025-04-20T18:01:00.970+0200 [DEBUG] [org.gradle.launcher.daemon.server.SynchronizedDispatchConnection] thread 30: received class org.gradle.launcher.daemon.protocol.Finished
2025-04-20T18:01:00.971+0200 [DEBUG] [org.gradle.launcher.daemon.server.DefaultDaemonConnection] thread 30: Received non-IO message from client: org.gradle.launcher.daemon.protocol.Finished@37114dd0
2025-04-20T18:01:00.971+0200 [DEBUG] [org.gradle.launcher.daemon.server.DefaultIncomingConnectionHandler] Received finished message: org.gradle.launcher.daemon.protocol.Finished@37114dd0
2025-04-20T18:01:00.971+0200 [DEBUG] [org.gradle.launcher.daemon.server.SynchronizedDispatchConnection] thread 29: stopping connection
2025-04-20T18:01:00.971+0200 [DEBUG] [org.gradle.internal.remote.internal.inet.SocketConnection] Discarding EOFException: java.io.EOFException
2025-04-20T18:01:00.972+0200 [DEBUG] [org.gradle.launcher.daemon.server.SynchronizedDispatchConnection] thread 30: received null
2025-04-20T18:01:00.972+0200 [DEBUG] [org.gradle.launcher.daemon.server.DefaultDaemonConnection] thread 30: Received end-of-input from client.
2025-04-20T18:01:00.973+0200 [DEBUG] [org.gradle.launcher.daemon.server.SynchronizedDispatchConnection] thread 29: stopping connection
2025-04-20T18:01:02.980+0200 [DEBUG] [org.gradle.process.internal.health.memory.DefaultMemoryManager] 1689163366 memory requested, 156430336 free
2025-04-20T18:01:02.980+0200 [DEBUG] [org.gradle.workers.internal.WorkerDaemonExpiration] Will attempt to release 1610 of memory
2025-04-20T18:01:02.980+0200 [DEBUG] [org.gradle.process.internal.health.memory.DefaultMemoryManager] 1689163366 memory requested, 0 released, 156430336 free
2025-04-20T18:01:04.552+0200 [DEBUG] [org.gradle.cache.internal.DefaultFileLockManager] Waiting to acquire shared lock on daemon addresses registry.
2025-04-20T18:01:04.552+0200 [DEBUG] [org.gradle.cache.internal.DefaultFileLockManager] Lock acquired on daemon addresses registry.
2025-04-20T18:01:04.554+0200 [DEBUG] [org.gradle.cache.internal.DefaultFileLockManager] Releasing lock on daemon addresses registry.
2025-04-20T18:01:04.555+0200 [DEBUG] [org.gradle.cache.internal.DefaultFileLockManager] Waiting to acquire shared lock on daemon addresses registry.
2025-04-20T18:01:04.556+0200 [DEBUG] [org.gradle.cache.internal.DefaultFileLockManager] Lock acquired on daemon addresses registry.
2025-04-20T18:01:04.556+0200 [DEBUG] [org.gradle.cache.internal.DefaultFileLockManager] Releasing lock on daemon addresses registry.
2025-04-20T18:01:07.974+0200 [DEBUG] [org.gradle.process.internal.health.memory.DefaultMemoryManager] 1689163366 memory requested, 408715264 free
2025-04-20T18:01:07.974+0200 [DEBUG] [org.gradle.workers.internal.WorkerDaemonExpiration] Will attempt to release 1610 of memory
2025-04-20T18:01:07.974+0200 [DEBUG] [org.gradle.process.internal.health.memory.DefaultMemoryManager] 1689163366 memory requested, 0 released, 408715264 free
2025-04-20T18:01:12.982+0200 [DEBUG] [org.gradle.process.internal.health.memory.DefaultMemoryManager] 1689163366 memory requested, 723513344 free
2025-04-20T18:01:12.982+0200 [DEBUG] [org.gradle.workers.internal.WorkerDaemonExpiration] Will attempt to release 1610 of memory
2025-04-20T18:01:12.982+0200 [DEBUG] [org.gradle.process.internal.health.memory.DefaultMemoryManager] 1689163366 memory requested, 0 released, 723513344 free
2025-04-20T18:01:14.558+0200 [DEBUG] [org.gradle.cache.internal.DefaultFileLockManager] Waiting to acquire shared lock on daemon addresses registry.
2025-04-20T18:01:14.558+0200 [DEBUG] [org.gradle.cache.internal.DefaultFileLockManager] Lock acquired on daemon addresses registry.
2025-04-20T18:01:14.559+0200 [DEBUG] [org.gradle.cache.internal.DefaultFileLockManager] Releasing lock on daemon addresses registry.
2025-04-20T18:01:14.561+0200 [DEBUG] [org.gradle.cache.internal.DefaultFileLockManager] Waiting to acquire shared lock on daemon addresses registry.
2025-04-20T18:01:14.561+0200 [DEBUG] [org.gradle.cache.internal.DefaultFileLockManager] Lock acquired on daemon addresses registry.
2025-04-20T18:01:14.562+0200 [DEBUG] [org.gradle.cache.internal.DefaultFileLockManager] Releasing lock on daemon addresses registry.
2025-04-20T18:01:14.564+0200 [DEBUG] [org.gradle.cache.internal.DefaultFileLockManager] Waiting to acquire shared lock on daemon addresses registry.
2025-04-20T18:01:14.565+0200 [DEBUG] [org.gradle.cache.internal.DefaultFileLockManager] Lock acquired on daemon addresses registry.
2025-04-20T18:01:14.566+0200 [DEBUG] [org.gradle.cache.internal.DefaultFileLockManager] Releasing lock on daemon addresses registry.
2025-04-20T18:01:17.989+0200 [DEBUG] [org.gradle.process.internal.health.memory.DefaultMemoryManager] 1689163366 memory requested, 564281344 free
2025-04-20T18:01:17.989+0200 [DEBUG] [org.gradle.workers.internal.WorkerDaemonExpiration] Will attempt to release 1610 of memory
2025-04-20T18:01:17.989+0200 [DEBUG] [org.gradle.process.internal.health.memory.DefaultMemoryManager] 1689163366 memory requested, 0 released, 564281344 free
2025-04-20T18:01:22.975+0200 [DEBUG] [org.gradle.process.internal.health.memory.DefaultMemoryManager] 1689163366 memory requested, 612945920 free
2025-04-20T18:01:22.976+0200 [DEBUG] [org.gradle.workers.internal.WorkerDaemonExpiration] Will attempt to release 1610 of memory
2025-04-20T18:01:22.976+0200 [DEBUG] [org.gradle.process.internal.health.memory.DefaultMemoryManager] 1689163366 memory requested, 0 released, 612945920 free
2025-04-20T18:01:24.564+0200 [DEBUG] [org.gradle.cache.internal.DefaultFileLockManager] Waiting to acquire shared lock on daemon addresses registry.
2025-04-20T18:01:24.564+0200 [DEBUG] [org.gradle.cache.internal.DefaultFileLockManager] Lock acquired on daemon addresses registry.
2025-04-20T18:01:24.565+0200 [DEBUG] [org.gradle.cache.internal.DefaultFileLockManager] Releasing lock on daemon addresses registry.
2025-04-20T18:01:24.567+0200 [DEBUG] [org.gradle.cache.internal.DefaultFileLockManager] Waiting to acquire shared lock on daemon addresses registry.
2025-04-20T18:01:24.567+0200 [DEBUG] [org.gradle.cache.internal.DefaultFileLockManager] Lock acquired on daemon addresses registry.
2025-04-20T18:01:24.568+0200 [DEBUG] [org.gradle.cache.internal.DefaultFileLockManager] Releasing lock on daemon addresses registry.
2025-04-20T18:01:24.569+0200 [DEBUG] [org.gradle.cache.internal.DefaultFileLockManager] Waiting to acquire shared lock on daemon addresses registry.
2025-04-20T18:01:24.570+0200 [DEBUG] [org.gradle.cache.internal.DefaultFileLockManager] Lock acquired on daemon addresses registry.
2025-04-20T18:01:24.570+0200 [DEBUG] [org.gradle.cache.internal.DefaultFileLockManager] Releasing lock on daemon addresses registry.
2025-04-20T18:01:27.982+0200 [DEBUG] [org.gradle.process.internal.health.memory.DefaultMemoryManager] 1689163366 memory requested, 828436480 free
2025-04-20T18:01:27.982+0200 [DEBUG] [org.gradle.workers.internal.WorkerDaemonExpiration] Will attempt to release 1610 of memory
2025-04-20T18:01:27.983+0200 [DEBUG] [org.gradle.process.internal.health.memory.DefaultMemoryManager] 1689163366 memory requested, 0 released, 828436480 free
2025-04-20T18:01:32.974+0200 [DEBUG] [org.gradle.process.internal.health.memory.DefaultMemoryManager] 1689163366 memory requested, 701378560 free
2025-04-20T18:01:32.974+0200 [DEBUG] [org.gradle.workers.internal.WorkerDaemonExpiration] Will attempt to release 1610 of memory
2025-04-20T18:01:32.974+0200 [DEBUG] [org.gradle.process.internal.health.memory.DefaultMemoryManager] 1689163366 memory requested, 0 released, 701378560 free
2025-04-20T18:01:34.566+0200 [DEBUG] [org.gradle.cache.internal.DefaultFileLockManager] Waiting to acquire shared lock on daemon addresses registry.
2025-04-20T18:01:34.566+0200 [DEBUG] [org.gradle.cache.internal.DefaultFileLockManager] Lock acquired on daemon addresses registry.
2025-04-20T18:01:34.568+0200 [DEBUG] [org.gradle.cache.internal.DefaultFileLockManager] Releasing lock on daemon addresses registry.
2025-04-20T18:01:34.571+0200 [DEBUG] [org.gradle.cache.internal.DefaultFileLockManager] Waiting to acquire shared lock on daemon addresses registry.
2025-04-20T18:01:34.572+0200 [DEBUG] [org.gradle.cache.internal.DefaultFileLockManager] Lock acquired on daemon addresses registry.
2025-04-20T18:01:34.573+0200 [DEBUG] [org.gradle.cache.internal.DefaultFileLockManager] Releasing lock on daemon addresses registry.
2025-04-20T18:01:34.575+0200 [DEBUG] [org.gradle.cache.internal.DefaultFileLockManager] Waiting to acquire shared lock on daemon addresses registry.
2025-04-20T18:01:34.576+0200 [DEBUG] [org.gradle.cache.internal.DefaultFileLockManager] Lock acquired on daemon addresses registry.
2025-04-20T18:01:34.578+0200 [DEBUG] [org.gradle.cache.internal.DefaultFileLockManager] Releasing lock on daemon addresses registry.
2025-04-20T18:01:37.981+0200 [DEBUG] [org.gradle.process.internal.health.memory.DefaultMemoryManager] 1689163366 memory requested, 667332608 free
2025-04-20T18:01:37.982+0200 [DEBUG] [org.gradle.workers.internal.WorkerDaemonExpiration] Will attempt to release 1610 of memory
2025-04-20T18:01:37.983+0200 [DEBUG] [org.gradle.process.internal.health.memory.DefaultMemoryManager] 1689163366 memory requested, 0 released, 667332608 free
2025-04-20T18:01:42.971+0200 [DEBUG] [org.gradle.process.internal.health.memory.DefaultMemoryManager] 1689163366 memory requested, 577687552 free
2025-04-20T18:01:42.971+0200 [DEBUG] [org.gradle.workers.internal.WorkerDaemonExpiration] Will attempt to release 1610 of memory
2025-04-20T18:01:42.972+0200 [DEBUG] [org.gradle.process.internal.health.memory.DefaultMemoryManager] 1689163366 memory requested, 0 released, 577687552 free
2025-04-20T18:01:44.560+0200 [DEBUG] [org.gradle.cache.internal.DefaultFileLockManager] Waiting to acquire shared lock on daemon addresses registry.
2025-04-20T18:01:44.560+0200 [DEBUG] [org.gradle.cache.internal.DefaultFileLockManager] Lock acquired on daemon addresses registry.
2025-04-20T18:01:44.561+0200 [DEBUG] [org.gradle.cache.internal.DefaultFileLockManager] Releasing lock on daemon addresses registry.
2025-04-20T18:01:44.563+0200 [DEBUG] [org.gradle.cache.internal.DefaultFileLockManager] Waiting to acquire shared lock on daemon addresses registry.
2025-04-20T18:01:44.563+0200 [DEBUG] [org.gradle.cache.internal.DefaultFileLockManager] Lock acquired on daemon addresses registry.
2025-04-20T18:01:44.563+0200 [DEBUG] [org.gradle.cache.internal.DefaultFileLockManager] Releasing lock on daemon addresses registry.
2025-04-20T18:01:44.565+0200 [DEBUG] [org.gradle.cache.internal.DefaultFileLockManager] Waiting to acquire shared lock on daemon addresses registry.
2025-04-20T18:01:44.565+0200 [DEBUG] [org.gradle.cache.internal.DefaultFileLockManager] Lock acquired on daemon addresses registry.
2025-04-20T18:01:44.565+0200 [DEBUG] [org.gradle.cache.internal.DefaultFileLockManager] Releasing lock on daemon addresses registry.
2025-04-20T18:01:47.979+0200 [DEBUG] [org.gradle.process.internal.health.memory.DefaultMemoryManager] 1689163366 memory requested, 549175296 free
2025-04-20T18:01:47.979+0200 [DEBUG] [org.gradle.workers.internal.WorkerDaemonExpiration] Will attempt to release 1610 of memory
2025-04-20T18:01:47.979+0200 [DEBUG] [org.gradle.process.internal.health.memory.DefaultMemoryManager] 1689163366 memory requested, 0 released, 549175296 free
2025-04-20T18:01:52.976+0200 [DEBUG] [org.gradle.process.internal.health.memory.DefaultMemoryManager] 1689163366 memory requested, 542011392 free
2025-04-20T18:01:52.976+0200 [DEBUG] [org.gradle.workers.internal.WorkerDaemonExpiration] Will attempt to release 1610 of memory
2025-04-20T18:01:52.977+0200 [DEBUG] [org.gradle.process.internal.health.memory.DefaultMemoryManager] 1689163366 memory requested, 0 released, 542011392 free
2025-04-20T18:01:54.572+0200 [DEBUG] [org.gradle.cache.internal.DefaultFileLockManager] Waiting to acquire shared lock on daemon addresses registry.
2025-04-20T18:01:54.572+0200 [DEBUG] [org.gradle.cache.internal.DefaultFileLockManager] Lock acquired on daemon addresses registry.
2025-04-20T18:01:54.573+0200 [DEBUG] [org.gradle.cache.internal.DefaultFileLockManager] Releasing lock on daemon addresses registry.
2025-04-20T18:01:54.575+0200 [DEBUG] [org.gradle.cache.internal.DefaultFileLockManager] Waiting to acquire shared lock on daemon addresses registry.
2025-04-20T18:01:54.576+0200 [DEBUG] [org.gradle.cache.internal.DefaultFileLockManager] Lock acquired on daemon addresses registry.
2025-04-20T18:01:54.576+0200 [DEBUG] [org.gradle.cache.internal.DefaultFileLockManager] Releasing lock on daemon addresses registry.
2025-04-20T18:01:54.579+0200 [DEBUG] [org.gradle.cache.internal.DefaultFileLockManager] Waiting to acquire shared lock on daemon addresses registry.
2025-04-20T18:01:54.579+0200 [DEBUG] [org.gradle.cache.internal.DefaultFileLockManager] Lock acquired on daemon addresses registry.
2025-04-20T18:01:54.580+0200 [DEBUG] [org.gradle.cache.internal.DefaultFileLockManager] Releasing lock on daemon addresses registry.
2025-04-20T18:01:57.978+0200 [DEBUG] [org.gradle.process.internal.health.memory.DefaultMemoryManager] 1689163366 memory requested, 548147200 free
2025-04-20T18:01:57.978+0200 [DEBUG] [org.gradle.workers.internal.WorkerDaemonExpiration] Will attempt to release 1610 of memory
2025-04-20T18:01:57.978+0200 [DEBUG] [org.gradle.process.internal.health.memory.DefaultMemoryManager] 1689163366 memory requested, 0 released, 548147200 free
2025-04-20T18:02:02.973+0200 [DEBUG] [org.gradle.process.internal.health.memory.DefaultMemoryManager] 1689163366 memory requested, 537935872 free
2025-04-20T18:02:02.973+0200 [DEBUG] [org.gradle.workers.internal.WorkerDaemonExpiration] Will attempt to release 1610 of memory
2025-04-20T18:02:02.973+0200 [DEBUG] [org.gradle.process.internal.health.memory.DefaultMemoryManager] 1689163366 memory requested, 0 released, 537935872 free
2025-04-20T18:02:04.559+0200 [DEBUG] [org.gradle.cache.internal.DefaultFileLockManager] Waiting to acquire shared lock on daemon addresses registry.
2025-04-20T18:02:04.559+0200 [DEBUG] [org.gradle.cache.internal.DefaultFileLockManager] Lock acquired on daemon addresses registry.
2025-04-20T18:02:04.560+0200 [DEBUG] [org.gradle.cache.internal.DefaultFileLockManager] Releasing lock on daemon addresses registry.
2025-04-20T18:02:04.561+0200 [DEBUG] [org.gradle.cache.internal.DefaultFileLockManager] Waiting to acquire shared lock on daemon addresses registry.
2025-04-20T18:02:04.562+0200 [DEBUG] [org.gradle.cache.internal.DefaultFileLockManager] Lock acquired on daemon addresses registry.
2025-04-20T18:02:04.563+0200 [DEBUG] [org.gradle.cache.internal.DefaultFileLockManager] Releasing lock on daemon addresses registry.
2025-04-20T18:02:04.565+0200 [DEBUG] [org.gradle.cache.internal.DefaultFileLockManager] Waiting to acquire shared lock on daemon addresses registry.
2025-04-20T18:02:04.565+0200 [DEBUG] [org.gradle.cache.internal.DefaultFileLockManager] Lock acquired on daemon addresses registry.
2025-04-20T18:02:04.565+0200 [DEBUG] [org.gradle.cache.internal.DefaultFileLockManager] Releasing lock on daemon addresses registry.
2025-04-20T18:02:07.977+0200 [DEBUG] [org.gradle.process.internal.health.memory.DefaultMemoryManager] 1689163366 memory requested, 508870656 free
2025-04-20T18:02:07.978+0200 [DEBUG] [org.gradle.workers.internal.WorkerDaemonExpiration] Will attempt to release 1610 of memory
2025-04-20T18:02:07.978+0200 [DEBUG] [org.gradle.process.internal.health.memory.DefaultMemoryManager] 1689163366 memory requested, 0 released, 508870656 free
2025-04-20T18:02:12.979+0200 [DEBUG] [org.gradle.process.internal.health.memory.DefaultMemoryManager] 1689163366 memory requested, 452050944 free
2025-04-20T18:02:12.979+0200 [DEBUG] [org.gradle.workers.internal.WorkerDaemonExpiration] Will attempt to release 1610 of memory
2025-04-20T18:02:12.980+0200 [DEBUG] [org.gradle.process.internal.health.memory.DefaultMemoryManager] 1689163366 memory requested, 0 released, 452050944 free
2025-04-20T18:02:14.555+0200 [DEBUG] [org.gradle.cache.internal.DefaultFileLockManager] Waiting to acquire shared lock on daemon addresses registry.
2025-04-20T18:02:14.555+0200 [DEBUG] [org.gradle.cache.internal.DefaultFileLockManager] Lock acquired on daemon addresses registry.
2025-04-20T18:02:14.556+0200 [DEBUG] [org.gradle.cache.internal.DefaultFileLockManager] Releasing lock on daemon addresses registry.
2025-04-20T18:02:14.557+0200 [DEBUG] [org.gradle.cache.internal.DefaultFileLockManager] Waiting to acquire shared lock on daemon addresses registry.
2025-04-20T18:02:14.557+0200 [DEBUG] [org.gradle.cache.internal.DefaultFileLockManager] Lock acquired on daemon addresses registry.
2025-04-20T18:02:14.558+0200 [DEBUG] [org.gradle.cache.internal.DefaultFileLockManager] Releasing lock on daemon addresses registry.
2025-04-20T18:02:14.559+0200 [DEBUG] [org.gradle.cache.internal.DefaultFileLockManager] Waiting to acquire shared lock on daemon addresses registry.
2025-04-20T18:02:14.559+0200 [DEBUG] [org.gradle.cache.internal.DefaultFileLockManager] Lock acquired on daemon addresses registry.
2025-04-20T18:02:14.560+0200 [DEBUG] [org.gradle.cache.internal.DefaultFileLockManager] Releasing lock on daemon addresses registry.
2025-04-20T18:02:17.974+0200 [DEBUG] [org.gradle.process.internal.health.memory.DefaultMemoryManager] 1689163366 memory requested, 447762432 free
2025-04-20T18:02:17.974+0200 [DEBUG] [org.gradle.workers.internal.WorkerDaemonExpiration] Will attempt to release 1610 of memory
2025-04-20T18:02:17.974+0200 [DEBUG] [org.gradle.process.internal.health.memory.DefaultMemoryManager] 1689163366 memory requested, 0 released, 447762432 free
2025-04-20T18:02:22.973+0200 [DEBUG] [org.gradle.process.internal.health.memory.DefaultMemoryManager] 1689163366 memory requested, 990007296 free
2025-04-20T18:02:22.974+0200 [DEBUG] [org.gradle.workers.internal.WorkerDaemonExpiration] Will attempt to release 1610 of memory
2025-04-20T18:02:22.974+0200 [DEBUG] [org.gradle.process.internal.health.memory.DefaultMemoryManager] 1689163366 memory requested, 0 released, 990007296 free
2025-04-20T18:02:24.561+0200 [DEBUG] [org.gradle.cache.internal.DefaultFileLockManager] Waiting to acquire shared lock on daemon addresses registry.
2025-04-20T18:02:24.562+0200 [DEBUG] [org.gradle.cache.internal.DefaultFileLockManager] Lock acquired on daemon addresses registry.
2025-04-20T18:02:24.563+0200 [DEBUG] [org.gradle.cache.internal.DefaultFileLockManager] Releasing lock on daemon addresses registry.
2025-04-20T18:02:24.566+0200 [DEBUG] [org.gradle.cache.internal.DefaultFileLockManager] Waiting to acquire shared lock on daemon addresses registry.
2025-04-20T18:02:24.566+0200 [DEBUG] [org.gradle.cache.internal.DefaultFileLockManager] Lock acquired on daemon addresses registry.
2025-04-20T18:02:24.568+0200 [DEBUG] [org.gradle.cache.internal.DefaultFileLockManager] Releasing lock on daemon addresses registry.
2025-04-20T18:02:24.571+0200 [DEBUG] [org.gradle.cache.internal.DefaultFileLockManager] Waiting to acquire shared lock on daemon addresses registry.
2025-04-20T18:02:24.573+0200 [DEBUG] [org.gradle.cache.internal.DefaultFileLockManager] Lock acquired on daemon addresses registry.
2025-04-20T18:02:24.574+0200 [DEBUG] [org.gradle.cache.internal.DefaultFileLockManager] Releasing lock on daemon addresses registry.
2025-04-20T18:02:27.976+0200 [DEBUG] [org.gradle.process.internal.health.memory.DefaultMemoryManager] 1689163366 memory requested, 997388288 free
2025-04-20T18:02:27.977+0200 [DEBUG] [org.gradle.workers.internal.WorkerDaemonExpiration] Will attempt to release 1610 of memory
2025-04-20T18:02:27.977+0200 [DEBUG] [org.gradle.process.internal.health.memory.DefaultMemoryManager] 1689163366 memory requested, 0 released, 997388288 free
2025-04-20T18:02:32.979+0200 [DEBUG] [org.gradle.process.internal.health.memory.DefaultMemoryManager] 1689163366 memory requested, 1008607232 free
2025-04-20T18:02:32.979+0200 [DEBUG] [org.gradle.workers.internal.WorkerDaemonExpiration] Will attempt to release 1610 of memory
2025-04-20T18:02:32.979+0200 [DEBUG] [org.gradle.process.internal.health.memory.DefaultMemoryManager] 1689163366 memory requested, 0 released, 1008607232 free
2025-04-20T18:02:34.565+0200 [DEBUG] [org.gradle.cache.internal.DefaultFileLockManager] Waiting to acquire shared lock on daemon addresses registry.
2025-04-20T18:02:34.566+0200 [DEBUG] [org.gradle.cache.internal.DefaultFileLockManager] Lock acquired on daemon addresses registry.
2025-04-20T18:02:34.567+0200 [DEBUG] [org.gradle.cache.internal.DefaultFileLockManager] Releasing lock on daemon addresses registry.
2025-04-20T18:02:34.570+0200 [DEBUG] [org.gradle.cache.internal.DefaultFileLockManager] Waiting to acquire shared lock on daemon addresses registry.
2025-04-20T18:02:34.570+0200 [DEBUG] [org.gradle.cache.internal.DefaultFileLockManager] Lock acquired on daemon addresses registry.
2025-04-20T18:02:34.571+0200 [DEBUG] [org.gradle.cache.internal.DefaultFileLockManager] Releasing lock on daemon addresses registry.
2025-04-20T18:02:34.573+0200 [DEBUG] [org.gradle.cache.internal.DefaultFileLockManager] Waiting to acquire shared lock on daemon addresses registry.
2025-04-20T18:02:34.573+0200 [DEBUG] [org.gradle.cache.internal.DefaultFileLockManager] Lock acquired on daemon addresses registry.
2025-04-20T18:02:34.574+0200 [DEBUG] [org.gradle.cache.internal.DefaultFileLockManager] Releasing lock on daemon addresses registry.
2025-04-20T18:02:37.977+0200 [DEBUG] [org.gradle.process.internal.health.memory.DefaultMemoryManager] 1689163366 memory requested, 971612160 free
2025-04-20T18:02:37.977+0200 [DEBUG] [org.gradle.workers.internal.WorkerDaemonExpiration] Will attempt to release 1610 of memory
2025-04-20T18:02:37.977+0200 [DEBUG] [org.gradle.process.internal.health.memory.DefaultMemoryManager] 1689163366 memory requested, 0 released, 971612160 free
2025-04-20T18:02:42.972+0200 [DEBUG] [org.gradle.process.internal.health.memory.DefaultMemoryManager] 1689163366 memory requested, 872349696 free
2025-04-20T18:02:42.973+0200 [DEBUG] [org.gradle.workers.internal.WorkerDaemonExpiration] Will attempt to release 1610 of memory
2025-04-20T18:02:42.973+0200 [DEBUG] [org.gradle.process.internal.health.memory.DefaultMemoryManager] 1689163366 memory requested, 0 released, 872349696 free
2025-04-20T18:02:44.562+0200 [DEBUG] [org.gradle.cache.internal.DefaultFileLockManager] Waiting to acquire shared lock on daemon addresses registry.
2025-04-20T18:02:44.563+0200 [DEBUG] [org.gradle.cache.internal.DefaultFileLockManager] Lock acquired on daemon addresses registry.
2025-04-20T18:02:44.564+0200 [DEBUG] [org.gradle.cache.internal.DefaultFileLockManager] Releasing lock on daemon addresses registry.
2025-04-20T18:02:44.567+0200 [DEBUG] [org.gradle.cache.internal.DefaultFileLockManager] Waiting to acquire shared lock on daemon addresses registry.
2025-04-20T18:02:44.567+0200 [DEBUG] [org.gradle.cache.internal.DefaultFileLockManager] Lock acquired on daemon addresses registry.
2025-04-20T18:02:44.568+0200 [DEBUG] [org.gradle.cache.internal.DefaultFileLockManager] Releasing lock on daemon addresses registry.
2025-04-20T18:02:44.570+0200 [DEBUG] [org.gradle.cache.internal.DefaultFileLockManager] Waiting to acquire shared lock on daemon addresses registry.
2025-04-20T18:02:44.570+0200 [DEBUG] [org.gradle.cache.internal.DefaultFileLockManager] Lock acquired on daemon addresses registry.
2025-04-20T18:02:44.571+0200 [DEBUG] [org.gradle.cache.internal.DefaultFileLockManager] Releasing lock on daemon addresses registry.
2025-04-20T18:02:47.985+0200 [DEBUG] [org.gradle.process.internal.health.memory.DefaultMemoryManager] 1689163366 memory requested, 767135744 free
2025-04-20T18:02:47.985+0200 [DEBUG] [org.gradle.workers.internal.WorkerDaemonExpiration] Will attempt to release 1610 of memory
2025-04-20T18:02:47.985+0200 [DEBUG] [org.gradle.process.internal.health.memory.DefaultMemoryManager] 1689163366 memory requested, 0 released, 767135744 free
2025-04-20T18:02:52.980+0200 [DEBUG] [org.gradle.process.internal.health.memory.DefaultMemoryManager] 1689163366 memory requested, 821506048 free
2025-04-20T18:02:52.980+0200 [DEBUG] [org.gradle.workers.internal.WorkerDaemonExpiration] Will attempt to release 1610 of memory
2025-04-20T18:02:52.980+0200 [DEBUG] [org.gradle.process.internal.health.memory.DefaultMemoryManager] 1689163366 memory requested, 0 released, 821506048 free
2025-04-20T18:02:54.572+0200 [DEBUG] [org.gradle.cache.internal.DefaultFileLockManager] Waiting to acquire shared lock on daemon addresses registry.
2025-04-20T18:02:54.572+0200 [DEBUG] [org.gradle.cache.internal.DefaultFileLockManager] Lock acquired on daemon addresses registry.
2025-04-20T18:02:54.573+0200 [DEBUG] [org.gradle.cache.internal.DefaultFileLockManager] Releasing lock on daemon addresses registry.
2025-04-20T18:02:54.577+0200 [DEBUG] [org.gradle.cache.internal.DefaultFileLockManager] Waiting to acquire shared lock on daemon addresses registry.
2025-04-20T18:02:54.577+0200 [DEBUG] [org.gradle.cache.internal.DefaultFileLockManager] Lock acquired on daemon addresses registry.
2025-04-20T18:02:54.578+0200 [DEBUG] [org.gradle.cache.internal.DefaultFileLockManager] Releasing lock on daemon addresses registry.
2025-04-20T18:02:54.581+0200 [DEBUG] [org.gradle.cache.internal.DefaultFileLockManager] Waiting to acquire shared lock on daemon addresses registry.
2025-04-20T18:02:54.581+0200 [DEBUG] [org.gradle.cache.internal.DefaultFileLockManager] Lock acquired on daemon addresses registry.
2025-04-20T18:02:54.582+0200 [DEBUG] [org.gradle.cache.internal.DefaultFileLockManager] Releasing lock on daemon addresses registry.
2025-04-20T18:02:57.979+0200 [DEBUG] [org.gradle.process.internal.health.memory.DefaultMemoryManager] 1689163366 memory requested, 754962432 free
2025-04-20T18:02:57.979+0200 [DEBUG] [org.gradle.workers.internal.WorkerDaemonExpiration] Will attempt to release 1610 of memory
2025-04-20T18:02:57.979+0200 [DEBUG] [org.gradle.process.internal.health.memory.DefaultMemoryManager] 1689163366 memory requested, 0 released, 754962432 free
2025-04-20T18:03:02.973+0200 [DEBUG] [org.gradle.process.internal.health.memory.DefaultMemoryManager] 1689163366 memory requested, 671047680 free
2025-04-20T18:03:02.973+0200 [DEBUG] [org.gradle.workers.internal.WorkerDaemonExpiration] Will attempt to release 1610 of memory
2025-04-20T18:03:02.973+0200 [DEBUG] [org.gradle.process.internal.health.memory.DefaultMemoryManager] 1689163366 memory requested, 0 released, 671047680 free
2025-04-20T18:03:04.559+0200 [DEBUG] [org.gradle.cache.internal.DefaultFileLockManager] Waiting to acquire shared lock on daemon addresses registry.
2025-04-20T18:03:04.559+0200 [DEBUG] [org.gradle.cache.internal.DefaultFileLockManager] Lock acquired on daemon addresses registry.
2025-04-20T18:03:04.560+0200 [DEBUG] [org.gradle.cache.internal.DefaultFileLockManager] Releasing lock on daemon addresses registry.
2025-04-20T18:03:04.561+0200 [DEBUG] [org.gradle.cache.internal.DefaultFileLockManager] Waiting to acquire shared lock on daemon addresses registry.
2025-04-20T18:03:04.562+0200 [DEBUG] [org.gradle.cache.internal.DefaultFileLockManager] Lock acquired on daemon addresses registry.
2025-04-20T18:03:04.562+0200 [DEBUG] [org.gradle.cache.internal.DefaultFileLockManager] Releasing lock on daemon addresses registry.
2025-04-20T18:03:04.564+0200 [DEBUG] [org.gradle.cache.internal.DefaultFileLockManager] Waiting to acquire shared lock on daemon addresses registry.
2025-04-20T18:03:04.564+0200 [DEBUG] [org.gradle.cache.internal.DefaultFileLockManager] Lock acquired on daemon addresses registry.
2025-04-20T18:03:04.565+0200 [DEBUG] [org.gradle.cache.internal.DefaultFileLockManager] Releasing lock on daemon addresses registry.
2025-04-20T18:03:07.984+0200 [DEBUG] [org.gradle.process.internal.health.memory.DefaultMemoryManager] 1689163366 memory requested, 538492928 free
2025-04-20T18:03:07.984+0200 [DEBUG] [org.gradle.workers.internal.WorkerDaemonExpiration] Will attempt to release 1610 of memory
2025-04-20T18:03:07.985+0200 [DEBUG] [org.gradle.process.internal.health.memory.DefaultMemoryManager] 1689163366 memory requested, 0 released, 538492928 free
2025-04-20T18:03:12.971+0200 [DEBUG] [org.gradle.process.internal.health.memory.DefaultMemoryManager] 1689163366 memory requested, 464371712 free
2025-04-20T18:03:12.972+0200 [DEBUG] [org.gradle.workers.internal.WorkerDaemonExpiration] Will attempt to release 1610 of memory
2025-04-20T18:03:12.972+0200 [DEBUG] [org.gradle.process.internal.health.memory.DefaultMemoryManager] 1689163366 memory requested, 0 released, 464371712 free
2025-04-20T18:03:14.560+0200 [DEBUG] [org.gradle.cache.internal.DefaultFileLockManager] Waiting to acquire shared lock on daemon addresses registry.
2025-04-20T18:03:14.560+0200 [DEBUG] [org.gradle.cache.internal.DefaultFileLockManager] Lock acquired on daemon addresses registry.
2025-04-20T18:03:14.560+0200 [DEBUG] [org.gradle.cache.internal.DefaultFileLockManager] Releasing lock on daemon addresses registry.
2025-04-20T18:03:14.562+0200 [DEBUG] [org.gradle.cache.internal.DefaultFileLockManager] Waiting to acquire shared lock on daemon addresses registry.
2025-04-20T18:03:14.562+0200 [DEBUG] [org.gradle.cache.internal.DefaultFileLockManager] Lock acquired on daemon addresses registry.
2025-04-20T18:03:14.563+0200 [DEBUG] [org.gradle.cache.internal.DefaultFileLockManager] Releasing lock on daemon addresses registry.
2025-04-20T18:03:14.564+0200 [DEBUG] [org.gradle.cache.internal.DefaultFileLockManager] Waiting to acquire shared lock on daemon addresses registry.
2025-04-20T18:03:14.564+0200 [DEBUG] [org.gradle.cache.internal.DefaultFileLockManager] Lock acquired on daemon addresses registry.
2025-04-20T18:03:14.565+0200 [DEBUG] [org.gradle.cache.internal.DefaultFileLockManager] Releasing lock on daemon addresses registry.
2025-04-20T18:03:17.973+0200 [DEBUG] [org.gradle.process.internal.health.memory.DefaultMemoryManager] 1689163366 memory requested, 447512576 free
2025-04-20T18:03:17.973+0200 [DEBUG] [org.gradle.workers.internal.WorkerDaemonExpiration] Will attempt to release 1610 of memory
2025-04-20T18:03:17.973+0200 [DEBUG] [org.gradle.process.internal.health.memory.DefaultMemoryManager] 1689163366 memory requested, 0 released, 447512576 free
2025-04-20T18:03:22.975+0200 [DEBUG] [org.gradle.process.internal.health.memory.DefaultMemoryManager] 1689163366 memory requested, 445358080 free
2025-04-20T18:03:22.975+0200 [DEBUG] [org.gradle.workers.internal.WorkerDaemonExpiration] Will attempt to release 1610 of memory
2025-04-20T18:03:22.975+0200 [DEBUG] [org.gradle.process.internal.health.memory.DefaultMemoryManager] 1689163366 memory requested, 0 released, 445358080 free
2025-04-20T18:03:24.566+0200 [DEBUG] [org.gradle.cache.internal.DefaultFileLockManager] Waiting to acquire shared lock on daemon addresses registry.
2025-04-20T18:03:24.566+0200 [DEBUG] [org.gradle.cache.internal.DefaultFileLockManager] Lock acquired on daemon addresses registry.
2025-04-20T18:03:24.567+0200 [DEBUG] [org.gradle.cache.internal.DefaultFileLockManager] Releasing lock on daemon addresses registry.
2025-04-20T18:03:24.569+0200 [DEBUG] [org.gradle.cache.internal.DefaultFileLockManager] Waiting to acquire shared lock on daemon addresses registry.
2025-04-20T18:03:24.569+0200 [DEBUG] [org.gradle.cache.internal.DefaultFileLockManager] Lock acquired on daemon addresses registry.
2025-04-20T18:03:24.570+0200 [DEBUG] [org.gradle.cache.internal.DefaultFileLockManager] Releasing lock on daemon addresses registry.
2025-04-20T18:03:24.571+0200 [DEBUG] [org.gradle.cache.internal.DefaultFileLockManager] Waiting to acquire shared lock on daemon addresses registry.
2025-04-20T18:03:24.571+0200 [DEBUG] [org.gradle.cache.internal.DefaultFileLockManager] Lock acquired on daemon addresses registry.
2025-04-20T18:03:24.572+0200 [DEBUG] [org.gradle.cache.internal.DefaultFileLockManager] Releasing lock on daemon addresses registry.
2025-04-20T18:03:27.972+0200 [DEBUG] [org.gradle.process.internal.health.memory.DefaultMemoryManager] 1689163366 memory requested, 510947328 free
2025-04-20T18:03:27.972+0200 [DEBUG] [org.gradle.workers.internal.WorkerDaemonExpiration] Will attempt to release 1610 of memory
2025-04-20T18:03:27.972+0200 [DEBUG] [org.gradle.process.internal.health.memory.DefaultMemoryManager] 1689163366 memory requested, 0 released, 510947328 free
2025-04-20T18:03:32.975+0200 [DEBUG] [org.gradle.process.internal.health.memory.DefaultMemoryManager] 1689163366 memory requested, 523837440 free
2025-04-20T18:03:32.975+0200 [DEBUG] [org.gradle.workers.internal.WorkerDaemonExpiration] Will attempt to release 1610 of memory
2025-04-20T18:03:32.975+0200 [DEBUG] [org.gradle.process.internal.health.memory.DefaultMemoryManager] 1689163366 memory requested, 0 released, 523837440 free
2025-04-20T18:03:34.560+0200 [DEBUG] [org.gradle.cache.internal.DefaultFileLockManager] Waiting to acquire shared lock on daemon addresses registry.
2025-04-20T18:03:34.560+0200 [DEBUG] [org.gradle.cache.internal.DefaultFileLockManager] Lock acquired on daemon addresses registry.
2025-04-20T18:03:34.561+0200 [DEBUG] [org.gradle.cache.internal.DefaultFileLockManager] Releasing lock on daemon addresses registry.
2025-04-20T18:03:34.564+0200 [DEBUG] [org.gradle.cache.internal.DefaultFileLockManager] Waiting to acquire shared lock on daemon addresses registry.
2025-04-20T18:03:34.564+0200 [DEBUG] [org.gradle.cache.internal.DefaultFileLockManager] Lock acquired on daemon addresses registry.
2025-04-20T18:03:34.565+0200 [DEBUG] [org.gradle.cache.internal.DefaultFileLockManager] Releasing lock on daemon addresses registry.
2025-04-20T18:03:34.568+0200 [DEBUG] [org.gradle.cache.internal.DefaultFileLockManager] Waiting to acquire shared lock on daemon addresses registry.
2025-04-20T18:03:34.568+0200 [DEBUG] [org.gradle.cache.internal.DefaultFileLockManager] Lock acquired on daemon addresses registry.
2025-04-20T18:03:34.569+0200 [DEBUG] [org.gradle.cache.internal.DefaultFileLockManager] Releasing lock on daemon addresses registry.
2025-04-20T18:03:37.974+0200 [DEBUG] [org.gradle.process.internal.health.memory.DefaultMemoryManager] 1689163366 memory requested, 494608384 free
2025-04-20T18:03:37.974+0200 [DEBUG] [org.gradle.workers.internal.WorkerDaemonExpiration] Will attempt to release 1610 of memory
2025-04-20T18:03:37.974+0200 [DEBUG] [org.gradle.process.internal.health.memory.DefaultMemoryManager] 1689163366 memory requested, 0 released, 494608384 free
2025-04-20T18:03:42.974+0200 [DEBUG] [org.gradle.process.internal.health.memory.DefaultMemoryManager] 1689163366 memory requested, 486580224 free
2025-04-20T18:03:42.974+0200 [DEBUG] [org.gradle.workers.internal.WorkerDaemonExpiration] Will attempt to release 1610 of memory
2025-04-20T18:03:42.974+0200 [DEBUG] [org.gradle.process.internal.health.memory.DefaultMemoryManager] 1689163366 memory requested, 0 released, 486580224 free
2025-04-20T18:03:44.556+0200 [DEBUG] [org.gradle.cache.internal.DefaultFileLockManager] Waiting to acquire shared lock on daemon addresses registry.
2025-04-20T18:03:44.556+0200 [DEBUG] [org.gradle.cache.internal.DefaultFileLockManager] Lock acquired on daemon addresses registry.
2025-04-20T18:03:44.556+0200 [DEBUG] [org.gradle.cache.internal.DefaultFileLockManager] Releasing lock on daemon addresses registry.
2025-04-20T18:03:44.558+0200 [DEBUG] [org.gradle.cache.internal.DefaultFileLockManager] Waiting to acquire shared lock on daemon addresses registry.
2025-04-20T18:03:44.558+0200 [DEBUG] [org.gradle.cache.internal.DefaultFileLockManager] Lock acquired on daemon addresses registry.
2025-04-20T18:03:44.559+0200 [DEBUG] [org.gradle.cache.internal.DefaultFileLockManager] Releasing lock on daemon addresses registry.
2025-04-20T18:03:44.561+0200 [DEBUG] [org.gradle.cache.internal.DefaultFileLockManager] Waiting to acquire shared lock on daemon addresses registry.
2025-04-20T18:03:44.561+0200 [DEBUG] [org.gradle.cache.internal.DefaultFileLockManager] Lock acquired on daemon addresses registry.
2025-04-20T18:03:44.562+0200 [DEBUG] [org.gradle.cache.internal.DefaultFileLockManager] Releasing lock on daemon addresses registry.
2025-04-20T18:03:47.986+0200 [DEBUG] [org.gradle.process.internal.health.memory.DefaultMemoryManager] 1689163366 memory requested, 510263296 free
2025-04-20T18:03:47.986+0200 [DEBUG] [org.gradle.workers.internal.WorkerDaemonExpiration] Will attempt to release 1610 of memory
2025-04-20T18:03:47.986+0200 [DEBUG] [org.gradle.process.internal.health.memory.DefaultMemoryManager] 1689163366 memory requested, 0 released, 510263296 free
2025-04-20T18:03:52.973+0200 [DEBUG] [org.gradle.process.internal.health.memory.DefaultMemoryManager] 1689163366 memory requested, 565723136 free
2025-04-20T18:03:52.974+0200 [DEBUG] [org.gradle.workers.internal.WorkerDaemonExpiration] Will attempt to release 1610 of memory
2025-04-20T18:03:52.974+0200 [DEBUG] [org.gradle.process.internal.health.memory.DefaultMemoryManager] 1689163366 memory requested, 0 released, 565723136 free
2025-04-20T18:03:54.565+0200 [DEBUG] [org.gradle.cache.internal.DefaultFileLockManager] Waiting to acquire shared lock on daemon addresses registry.
2025-04-20T18:03:54.565+0200 [DEBUG] [org.gradle.cache.internal.DefaultFileLockManager] Lock acquired on daemon addresses registry.
2025-04-20T18:03:54.576+0200 [DEBUG] [org.gradle.cache.internal.DefaultFileLockManager] Releasing lock on daemon addresses registry.
2025-04-20T18:03:54.581+0200 [DEBUG] [org.gradle.cache.internal.DefaultFileLockManager] Waiting to acquire shared lock on daemon addresses registry.
2025-04-20T18:03:54.581+0200 [DEBUG] [org.gradle.cache.internal.DefaultFileLockManager] Lock acquired on daemon addresses registry.
2025-04-20T18:03:54.583+0200 [DEBUG] [org.gradle.cache.internal.DefaultFileLockManager] Releasing lock on daemon addresses registry.
2025-04-20T18:03:54.586+0200 [DEBUG] [org.gradle.cache.internal.DefaultFileLockManager] Waiting to acquire shared lock on daemon addresses registry.
2025-04-20T18:03:54.587+0200 [DEBUG] [org.gradle.cache.internal.DefaultFileLockManager] Lock acquired on daemon addresses registry.
2025-04-20T18:03:54.589+0200 [DEBUG] [org.gradle.cache.internal.DefaultFileLockManager] Releasing lock on daemon addresses registry.
2025-04-20T18:03:57.982+0200 [DEBUG] [org.gradle.process.internal.health.memory.DefaultMemoryManager] 1689163366 memory requested, 568619008 free
2025-04-20T18:03:57.982+0200 [DEBUG] [org.gradle.workers.internal.WorkerDaemonExpiration] Will attempt to release 1610 of memory
2025-04-20T18:03:57.982+0200 [DEBUG] [org.gradle.process.internal.health.memory.DefaultMemoryManager] 1689163366 memory requested, 0 released, 568619008 free
2025-04-20T18:04:02.971+0200 [DEBUG] [org.gradle.process.internal.health.memory.DefaultMemoryManager] 1689163366 memory requested, 543506432 free
2025-04-20T18:04:02.972+0200 [DEBUG] [org.gradle.workers.internal.WorkerDaemonExpiration] Will attempt to release 1610 of memory
2025-04-20T18:04:02.972+0200 [DEBUG] [org.gradle.process.internal.health.memory.DefaultMemoryManager] 1689163366 memory requested, 0 released, 543506432 free
2025-04-20T18:04:04.566+0200 [DEBUG] [org.gradle.cache.internal.DefaultFileLockManager] Waiting to acquire shared lock on daemon addresses registry.
2025-04-20T18:04:04.568+0200 [DEBUG] [org.gradle.cache.internal.DefaultFileLockManager] Lock acquired on daemon addresses registry.
2025-04-20T18:04:04.569+0200 [DEBUG] [org.gradle.cache.internal.DefaultFileLockManager] Releasing lock on daemon addresses registry.
2025-04-20T18:04:04.572+0200 [DEBUG] [org.gradle.cache.internal.DefaultFileLockManager] Waiting to acquire shared lock on daemon addresses registry.
2025-04-20T18:04:04.572+0200 [DEBUG] [org.gradle.cache.internal.DefaultFileLockManager] Lock acquired on daemon addresses registry.
2025-04-20T18:04:04.573+0200 [DEBUG] [org.gradle.cache.internal.DefaultFileLockManager] Releasing lock on daemon addresses registry.
2025-04-20T18:04:04.576+0200 [DEBUG] [org.gradle.cache.internal.DefaultFileLockManager] Waiting to acquire shared lock on daemon addresses registry.
2025-04-20T18:04:04.576+0200 [DEBUG] [org.gradle.cache.internal.DefaultFileLockManager] Lock acquired on daemon addresses registry.
2025-04-20T18:04:04.577+0200 [DEBUG] [org.gradle.cache.internal.DefaultFileLockManager] Releasing lock on daemon addresses registry.
2025-04-20T18:04:07.985+0200 [DEBUG] [org.gradle.process.internal.health.memory.DefaultMemoryManager] 1689163366 memory requested, 547037184 free
2025-04-20T18:04:07.985+0200 [DEBUG] [org.gradle.workers.internal.WorkerDaemonExpiration] Will attempt to release 1610 of memory
2025-04-20T18:04:07.985+0200 [DEBUG] [org.gradle.process.internal.health.memory.DefaultMemoryManager] 1689163366 memory requested, 0 released, 547037184 free
2025-04-20T18:04:12.972+0200 [DEBUG] [org.gradle.process.internal.health.memory.DefaultMemoryManager] 1689163366 memory requested, 479596544 free
2025-04-20T18:04:12.972+0200 [DEBUG] [org.gradle.workers.internal.WorkerDaemonExpiration] Will attempt to release 1610 of memory
2025-04-20T18:04:12.972+0200 [DEBUG] [org.gradle.process.internal.health.memory.DefaultMemoryManager] 1689163366 memory requested, 0 released, 479596544 free
2025-04-20T18:04:14.552+0200 [DEBUG] [org.gradle.cache.internal.DefaultFileLockManager] Waiting to acquire shared lock on daemon addresses registry.
2025-04-20T18:04:14.552+0200 [DEBUG] [org.gradle.cache.internal.DefaultFileLockManager] Lock acquired on daemon addresses registry.
2025-04-20T18:04:14.553+0200 [DEBUG] [org.gradle.cache.internal.DefaultFileLockManager] Releasing lock on daemon addresses registry.
2025-04-20T18:04:14.555+0200 [DEBUG] [org.gradle.cache.internal.DefaultFileLockManager] Waiting to acquire shared lock on daemon addresses registry.
2025-04-20T18:04:14.555+0200 [DEBUG] [org.gradle.cache.internal.DefaultFileLockManager] Lock acquired on daemon addresses registry.
2025-04-20T18:04:14.556+0200 [DEBUG] [org.gradle.cache.internal.DefaultFileLockManager] Releasing lock on daemon addresses registry.
2025-04-20T18:04:14.558+0200 [DEBUG] [org.gradle.cache.internal.DefaultFileLockManager] Waiting to acquire shared lock on daemon addresses registry.
2025-04-20T18:04:14.558+0200 [DEBUG] [org.gradle.cache.internal.DefaultFileLockManager] Lock acquired on daemon addresses registry.
2025-04-20T18:04:14.559+0200 [DEBUG] [org.gradle.cache.internal.DefaultFileLockManager] Releasing lock on daemon addresses registry.
2025-04-20T18:04:17.987+0200 [DEBUG] [org.gradle.process.internal.health.memory.DefaultMemoryManager] 1689163366 memory requested, 372056064 free
2025-04-20T18:04:17.987+0200 [DEBUG] [org.gradle.workers.internal.WorkerDaemonExpiration] Will attempt to release 1610 of memory
2025-04-20T18:04:17.987+0200 [DEBUG] [org.gradle.process.internal.health.memory.DefaultMemoryManager] 1689163366 memory requested, 0 released, 372056064 free
2025-04-20T18:04:22.981+0200 [DEBUG] [org.gradle.process.internal.health.memory.DefaultMemoryManager] 1689163366 memory requested, 342282240 free
2025-04-20T18:04:22.981+0200 [DEBUG] [org.gradle.workers.internal.WorkerDaemonExpiration] Will attempt to release 1610 of memory
2025-04-20T18:04:22.982+0200 [DEBUG] [org.gradle.process.internal.health.memory.DefaultMemoryManager] 1689163366 memory requested, 0 released, 342282240 free
2025-04-20T18:04:24.554+0200 [DEBUG] [org.gradle.cache.internal.DefaultFileLockManager] Waiting to acquire shared lock on daemon addresses registry.
2025-04-20T18:04:24.554+0200 [DEBUG] [org.gradle.cache.internal.DefaultFileLockManager] Lock acquired on daemon addresses registry.
2025-04-20T18:04:24.555+0200 [DEBUG] [org.gradle.cache.internal.DefaultFileLockManager] Releasing lock on daemon addresses registry.
2025-04-20T18:04:24.560+0200 [DEBUG] [org.gradle.cache.internal.DefaultFileLockManager] Waiting to acquire shared lock on daemon addresses registry.
2025-04-20T18:04:24.561+0200 [DEBUG] [org.gradle.cache.internal.DefaultFileLockManager] Lock acquired on daemon addresses registry.
2025-04-20T18:04:24.562+0200 [DEBUG] [org.gradle.cache.internal.DefaultFileLockManager] Releasing lock on daemon addresses registry.
2025-04-20T18:04:24.566+0200 [DEBUG] [org.gradle.cache.internal.DefaultFileLockManager] Waiting to acquire shared lock on daemon addresses registry.
2025-04-20T18:04:24.567+0200 [DEBUG] [org.gradle.cache.internal.DefaultFileLockManager] Lock acquired on daemon addresses registry.
2025-04-20T18:04:24.569+0200 [DEBUG] [org.gradle.cache.internal.DefaultFileLockManager] Releasing lock on daemon addresses registry.
2025-04-20T18:04:27.986+0200 [DEBUG] [org.gradle.process.internal.health.memory.DefaultMemoryManager] 1689163366 memory requested, 395452416 free
2025-04-20T18:04:27.986+0200 [DEBUG] [org.gradle.workers.internal.WorkerDaemonExpiration] Will attempt to release 1610 of memory
2025-04-20T18:04:27.986+0200 [DEBUG] [org.gradle.process.internal.health.memory.DefaultMemoryManager] 1689163366 memory requested, 0 released, 395452416 free
2025-04-20T18:04:32.975+0200 [DEBUG] [org.gradle.process.internal.health.memory.DefaultMemoryManager] 1689163366 memory requested, 379027456 free
2025-04-20T18:04:32.975+0200 [DEBUG] [org.gradle.workers.internal.WorkerDaemonExpiration] Will attempt to release 1610 of memory
2025-04-20T18:04:32.975+0200 [DEBUG] [org.gradle.process.internal.health.memory.DefaultMemoryManager] 1689163366 memory requested, 0 released, 379027456 free
2025-04-20T18:04:34.557+0200 [DEBUG] [org.gradle.cache.internal.DefaultFileLockManager] Waiting to acquire shared lock on daemon addresses registry.
2025-04-20T18:04:34.557+0200 [DEBUG] [org.gradle.cache.internal.DefaultFileLockManager] Lock acquired on daemon addresses registry.
2025-04-20T18:04:34.558+0200 [DEBUG] [org.gradle.cache.internal.DefaultFileLockManager] Releasing lock on daemon addresses registry.
2025-04-20T18:04:34.561+0200 [DEBUG] [org.gradle.cache.internal.DefaultFileLockManager] Waiting to acquire shared lock on daemon addresses registry.
2025-04-20T18:04:34.561+0200 [DEBUG] [org.gradle.cache.internal.DefaultFileLockManager] Lock acquired on daemon addresses registry.
2025-04-20T18:04:34.562+0200 [DEBUG] [org.gradle.cache.internal.DefaultFileLockManager] Releasing lock on daemon addresses registry.
2025-04-20T18:04:34.565+0200 [DEBUG] [org.gradle.cache.internal.DefaultFileLockManager] Waiting to acquire shared lock on daemon addresses registry.
2025-04-20T18:04:34.565+0200 [DEBUG] [org.gradle.cache.internal.DefaultFileLockManager] Lock acquired on daemon addresses registry.
2025-04-20T18:04:34.566+0200 [DEBUG] [org.gradle.cache.internal.DefaultFileLockManager] Releasing lock on daemon addresses registry.
2025-04-20T18:04:37.982+0200 [DEBUG] [org.gradle.process.internal.health.memory.DefaultMemoryManager] 1689163366 memory requested, 525156352 free
2025-04-20T18:04:37.982+0200 [DEBUG] [org.gradle.workers.internal.WorkerDaemonExpiration] Will attempt to release 1610 of memory
2025-04-20T18:04:37.982+0200 [DEBUG] [org.gradle.process.internal.health.memory.DefaultMemoryManager] 1689163366 memory requested, 0 released, 525156352 free
2025-04-20T18:04:42.977+0200 [DEBUG] [org.gradle.process.internal.health.memory.DefaultMemoryManager] 1689163366 memory requested, 510619648 free
2025-04-20T18:04:42.977+0200 [DEBUG] [org.gradle.workers.internal.WorkerDaemonExpiration] Will attempt to release 1610 of memory
2025-04-20T18:04:42.977+0200 [DEBUG] [org.gradle.process.internal.health.memory.DefaultMemoryManager] 1689163366 memory requested, 0 released, 510619648 free
2025-04-20T18:04:44.566+0200 [DEBUG] [org.gradle.cache.internal.DefaultFileLockManager] Waiting to acquire shared lock on daemon addresses registry.
2025-04-20T18:04:44.566+0200 [DEBUG] [org.gradle.cache.internal.DefaultFileLockManager] Lock acquired on daemon addresses registry.
2025-04-20T18:04:44.567+0200 [DEBUG] [org.gradle.cache.internal.DefaultFileLockManager] Releasing lock on daemon addresses registry.
2025-04-20T18:04:44.569+0200 [DEBUG] [org.gradle.cache.internal.DefaultFileLockManager] Waiting to acquire shared lock on daemon addresses registry.
2025-04-20T18:04:44.569+0200 [DEBUG] [org.gradle.cache.internal.DefaultFileLockManager] Lock acquired on daemon addresses registry.
2025-04-20T18:04:44.570+0200 [DEBUG] [org.gradle.cache.internal.DefaultFileLockManager] Releasing lock on daemon addresses registry.
2025-04-20T18:04:44.572+0200 [DEBUG] [org.gradle.cache.internal.DefaultFileLockManager] Waiting to acquire shared lock on daemon addresses registry.
2025-04-20T18:04:44.572+0200 [DEBUG] [org.gradle.cache.internal.DefaultFileLockManager] Lock acquired on daemon addresses registry.
2025-04-20T18:04:44.573+0200 [DEBUG] [org.gradle.cache.internal.DefaultFileLockManager] Releasing lock on daemon addresses registry.
2025-04-20T18:04:47.981+0200 [DEBUG] [org.gradle.process.internal.health.memory.DefaultMemoryManager] 1689163366 memory requested, 510754816 free
2025-04-20T18:04:47.981+0200 [DEBUG] [org.gradle.workers.internal.WorkerDaemonExpiration] Will attempt to release 1610 of memory
2025-04-20T18:04:47.981+0200 [DEBUG] [org.gradle.process.internal.health.memory.DefaultMemoryManager] 1689163366 memory requested, 0 released, 510754816 free
2025-04-20T18:04:52.974+0200 [DEBUG] [org.gradle.process.internal.health.memory.DefaultMemoryManager] 1689163366 memory requested, 501420032 free
2025-04-20T18:04:52.974+0200 [DEBUG] [org.gradle.workers.internal.WorkerDaemonExpiration] Will attempt to release 1610 of memory
2025-04-20T18:04:52.974+0200 [DEBUG] [org.gradle.process.internal.health.memory.DefaultMemoryManager] 1689163366 memory requested, 0 released, 501420032 free
2025-04-20T18:04:54.563+0200 [DEBUG] [org.gradle.cache.internal.DefaultFileLockManager] Waiting to acquire shared lock on daemon addresses registry.
2025-04-20T18:04:54.564+0200 [DEBUG] [org.gradle.cache.internal.DefaultFileLockManager] Lock acquired on daemon addresses registry.
2025-04-20T18:04:54.565+0200 [DEBUG] [org.gradle.cache.internal.DefaultFileLockManager] Releasing lock on daemon addresses registry.
2025-04-20T18:04:54.582+0200 [DEBUG] [org.gradle.cache.internal.DefaultFileLockManager] Waiting to acquire shared lock on daemon addresses registry.
2025-04-20T18:04:54.583+0200 [DEBUG] [org.gradle.cache.internal.DefaultFileLockManager] Lock acquired on daemon addresses registry.
2025-04-20T18:04:54.584+0200 [DEBUG] [org.gradle.cache.internal.DefaultFileLockManager] Releasing lock on daemon addresses registry.
2025-04-20T18:04:54.586+0200 [DEBUG] [org.gradle.cache.internal.DefaultFileLockManager] Waiting to acquire shared lock on daemon addresses registry.
2025-04-20T18:04:54.587+0200 [DEBUG] [org.gradle.cache.internal.DefaultFileLockManager] Lock acquired on daemon addresses registry.
2025-04-20T18:04:54.587+0200 [DEBUG] [org.gradle.cache.internal.DefaultFileLockManager] Releasing lock on daemon addresses registry.
2025-04-20T18:04:57.984+0200 [DEBUG] [org.gradle.process.internal.health.memory.DefaultMemoryManager] 1689163366 memory requested, 484491264 free
2025-04-20T18:04:57.984+0200 [DEBUG] [org.gradle.workers.internal.WorkerDaemonExpiration] Will attempt to release 1610 of memory
2025-04-20T18:04:57.984+0200 [DEBUG] [org.gradle.process.internal.health.memory.DefaultMemoryManager] 1689163366 memory requested, 0 released, 484491264 free
2025-04-20T18:04:59.420+0200 [DEBUG] [org.gradle.internal.remote.internal.inet.TcpIncomingConnector] Accepted connection from /127.0.0.1:63516 to /127.0.0.1:63311.
2025-04-20T18:04:59.430+0200 [DEBUG] [org.gradle.launcher.daemon.server.SynchronizedDispatchConnection] thread 247: received class org.gradle.launcher.daemon.protocol.StopWhenIdle
2025-04-20T18:04:59.430+0200 [DEBUG] [org.gradle.launcher.daemon.server.DefaultDaemonConnection] thread 247: Received non-IO message from client: StopWhenIdle[id=2979127d-f4c2-4c62-a165-f1816632eaca]
2025-04-20T18:04:59.430+0200 [INFO] [org.gradle.launcher.daemon.server.DefaultIncomingConnectionHandler] Received command: StopWhenIdle[id=2979127d-f4c2-4c62-a165-f1816632eaca].
2025-04-20T18:04:59.430+0200 [DEBUG] [org.gradle.launcher.daemon.server.DefaultIncomingConnectionHandler] Starting executing command: StopWhenIdle[id=2979127d-f4c2-4c62-a165-f1816632eaca] with connection: socket connection from /127.0.0.1:63311 to /127.0.0.1:63516.
2025-04-20T18:04:59.431+0200 [DEBUG] [org.gradle.launcher.daemon.server.DaemonRegistryUpdater] Storing daemon stop event: stop command received
2025-04-20T18:04:59.432+0200 [DEBUG] [org.gradle.launcher.daemon.registry.PersistentDaemonRegistry] Storing daemon stop event with timestamp 1745165099430
2025-04-20T18:04:59.434+0200 [DEBUG] [org.gradle.cache.internal.DefaultFileLockManager] Waiting to acquire exclusive lock on daemon addresses registry.
2025-04-20T18:04:59.435+0200 [DEBUG] [org.gradle.cache.internal.DefaultFileLockManager] Lock acquired on daemon addresses registry.
2025-04-20T18:04:59.437+0200 [DEBUG] [org.gradle.cache.internal.DefaultFileLockManager] Releasing lock on daemon addresses registry.
2025-04-20T18:04:59.438+0200 [LIFECYCLE] [org.gradle.launcher.daemon.server.DaemonStateCoordinator] Daemon will be stopped at the end of the build stop command received
2025-04-20T18:04:59.438+0200 [DEBUG] [org.gradle.launcher.daemon.server.DaemonStateCoordinator] Marking daemon stopped due to stop command received. The daemon is running a build: false
2025-04-20T18:04:59.438+0200 [DEBUG] [org.gradle.launcher.daemon.server.SynchronizedDispatchConnection] thread 246: dispatching Success[value=null]
2025-04-20T18:04:59.438+0200 [DEBUG] [org.gradle.launcher.daemon.server.DaemonStateCoordinator] daemon has stopped.
2025-04-20T18:04:59.438+0200 [DEBUG] [org.gradle.launcher.daemon.server.Daemon] stop() called on daemon
2025-04-20T18:04:59.438+0200 [INFO] [org.gradle.launcher.daemon.server.Daemon] Stop requested. Daemon is removing its presence from the registry...
2025-04-20T18:04:59.438+0200 [DEBUG] [org.gradle.launcher.daemon.server.DefaultIncomingConnectionHandler] Finishing executing command: StopWhenIdle[id=2979127d-f4c2-4c62-a165-f1816632eaca]
2025-04-20T18:04:59.438+0200 [DEBUG] [org.gradle.launcher.daemon.server.DaemonRegistryUpdater] Removing our presence to clients, eg. removing this address from the registry: [73051ff2-73d5-4ea5-baa8-b432a2994491 port:63311, addresses:[localhost/127.0.0.1]]
2025-04-20T18:04:59.438+0200 [DEBUG] [org.gradle.launcher.daemon.registry.PersistentDaemonRegistry] Removing daemon address: [73051ff2-73d5-4ea5-baa8-b432a2994491 port:63311, addresses:[localhost/127.0.0.1]]
2025-04-20T18:04:59.438+0200 [DEBUG] [org.gradle.launcher.daemon.server.SynchronizedDispatchConnection] thread 247: received class org.gradle.launcher.daemon.protocol.Finished
2025-04-20T18:04:59.439+0200 [DEBUG] [org.gradle.launcher.daemon.server.DefaultDaemonConnection] thread 247: Received non-IO message from client: org.gradle.launcher.daemon.protocol.Finished@1e130819
2025-04-20T18:04:59.439+0200 [DEBUG] [org.gradle.launcher.daemon.server.DefaultIncomingConnectionHandler] Received finished message: org.gradle.launcher.daemon.protocol.Finished@1e130819
2025-04-20T18:04:59.439+0200 [DEBUG] [org.gradle.launcher.daemon.server.SynchronizedDispatchConnection] thread 246: stopping connection
2025-04-20T18:04:59.439+0200 [DEBUG] [org.gradle.internal.remote.internal.inet.SocketConnection] Discarding EOFException: java.io.EOFException
2025-04-20T18:04:59.439+0200 [DEBUG] [org.gradle.launcher.daemon.server.SynchronizedDispatchConnection] thread 247: received null
2025-04-20T18:04:59.440+0200 [DEBUG] [org.gradle.launcher.daemon.server.DefaultDaemonConnection] thread 247: Received end-of-input from client.
2025-04-20T18:04:59.440+0200 [DEBUG] [org.gradle.launcher.daemon.server.SynchronizedDispatchConnection] thread 246: stopping connection
2025-04-20T18:04:59.440+0200 [DEBUG] [org.gradle.cache.internal.DefaultFileLockManager] Waiting to acquire exclusive lock on daemon addresses registry.
2025-04-20T18:04:59.441+0200 [DEBUG] [org.gradle.cache.internal.DefaultFileLockManager] Lock acquired on daemon addresses registry.
2025-04-20T18:04:59.442+0200 [DEBUG] [org.gradle.cache.internal.DefaultFileLockManager] Releasing lock on daemon addresses registry.
2025-04-20T18:04:59.443+0200 [DEBUG] [org.gradle.launcher.daemon.server.DaemonRegistryUpdater] Address removed from registry.
2025-04-20T18:04:59.445+0200 [DEBUG] [org.gradle.cache.internal.LockOnDemandCrossProcessCacheAccess] Releasing file lock for jars (C:\Users\Alvaro\Desktop\Proyecto\PMDM\CarKier\caches\jars-9)
2025-04-20T18:04:59.445+0200 [DEBUG] [org.gradle.cache.internal.DefaultFileLockManager] Releasing lock on jars (C:\Users\Alvaro\Desktop\Proyecto\PMDM\CarKier\caches\jars-9).
2025-04-20T18:04:59.446+0200 [DEBUG] [org.gradle.cache.internal.DefaultPersistentDirectoryStore] jars (C:\Users\Alvaro\Desktop\Proyecto\PMDM\CarKier\caches\jars-9) has last been fully cleaned up 198 hours ago
2025-04-20T18:04:59.450+0200 [INFO] [org.gradle.cache.internal.AbstractCacheCleanup] jars (C:\Users\Alvaro\Desktop\Proyecto\PMDM\CarKier\caches\jars-9) cleanup deleted 0 files/directories.
2025-04-20T18:04:59.451+0200 [INFO] [org.gradle.cache.internal.LeastRecentlyUsedCacheCleanup] jars (C:\Users\Alvaro\Desktop\Proyecto\PMDM\CarKier\caches\jars-9) removing files not accessed on or after Sun Apr 13 18:00:47 CEST 2025.
2025-04-20T18:04:59.631+0200 [INFO] [org.gradle.cache.internal.AbstractCacheCleanup] jars (C:\Users\Alvaro\Desktop\Proyecto\PMDM\CarKier\caches\jars-9) cleanup deleted 36 files/directories.
2025-04-20T18:04:59.631+0200 [INFO] [org.gradle.cache.internal.DefaultPersistentDirectoryStore] jars (C:\Users\Alvaro\Desktop\Proyecto\PMDM\CarKier\caches\jars-9) cleaned up in 0.184 secs.
2025-04-20T18:04:59.632+0200 [DEBUG] [org.gradle.cache.internal.LockOnDemandCrossProcessCacheAccess] Releasing file lock for Artifact transforms cache (C:\Users\Alvaro\Desktop\Proyecto\PMDM\CarKier\caches\transforms-3)
2025-04-20T18:04:59.632+0200 [DEBUG] [org.gradle.cache.internal.DefaultFileLockManager] Releasing lock on Artifact transforms cache (C:\Users\Alvaro\Desktop\Proyecto\PMDM\CarKier\caches\transforms-3).
2025-04-20T18:04:59.633+0200 [DEBUG] [org.gradle.cache.internal.DefaultPersistentDirectoryStore] Artifact transforms cache (C:\Users\Alvaro\Desktop\Proyecto\PMDM\CarKier\caches\transforms-3) has last been fully cleaned up 198 hours ago
2025-04-20T18:04:59.633+0200 [INFO] [org.gradle.cache.internal.LeastRecentlyUsedCacheCleanup] Artifact transforms cache (C:\Users\Alvaro\Desktop\Proyecto\PMDM\CarKier\caches\transforms-3) removing files not accessed on or after Sun Apr 13 18:00:47 CEST 2025.
2025-04-20T18:05:26.536+0200 [INFO] [org.gradle.cache.internal.AbstractCacheCleanup] Artifact transforms cache (C:\Users\Alvaro\Desktop\Proyecto\PMDM\CarKier\caches\transforms-3) cleanup deleted 96 files/directories.
2025-04-20T18:05:26.536+0200 [INFO] [org.gradle.cache.internal.DefaultPersistentDirectoryStore] Artifact transforms cache (C:\Users\Alvaro\Desktop\Proyecto\PMDM\CarKier\caches\transforms-3) cleaned up in 26.903 secs.
2025-04-20T18:05:26.536+0200 [DEBUG] [org.gradle.cache.internal.LockOnDemandCrossProcessCacheAccess] Releasing file lock for kotlin-dsl (C:\Users\Alvaro\Desktop\Proyecto\PMDM\CarKier\caches\8.2\kotlin-dsl)
2025-04-20T18:05:26.536+0200 [DEBUG] [org.gradle.cache.internal.btree.BTreePersistentIndexedCache] Closing cache executionHistory.bin (C:\Users\Alvaro\Desktop\Proyecto\PMDM\CarKier\caches\8.2\kotlin-dsl\executionHistory.bin)
2025-04-20T18:05:26.537+0200 [DEBUG] [org.gradle.cache.internal.DefaultFileLockManager] Releasing lock on kotlin-dsl (C:\Users\Alvaro\Desktop\Proyecto\PMDM\CarKier\caches\8.2\kotlin-dsl).
2025-04-20T18:05:26.538+0200 [DEBUG] [org.gradle.cache.internal.DefaultPersistentDirectoryStore] kotlin-dsl (C:\Users\Alvaro\Desktop\Proyecto\PMDM\CarKier\caches\8.2\kotlin-dsl) has last been fully cleaned up 198 hours ago
2025-04-20T18:05:26.538+0200 [INFO] [org.gradle.cache.internal.LeastRecentlyUsedCacheCleanup] kotlin-dsl (C:\Users\Alvaro\Desktop\Proyecto\PMDM\CarKier\caches\8.2\kotlin-dsl) removing files not accessed on or after Sun Apr 13 18:00:47 CEST 2025.
2025-04-20T18:05:26.585+0200 [INFO] [org.gradle.cache.internal.AbstractCacheCleanup] kotlin-dsl (C:\Users\Alvaro\Desktop\Proyecto\PMDM\CarKier\caches\8.2\kotlin-dsl) cleanup deleted 1 files/directories.
2025-04-20T18:05:26.586+0200 [INFO] [org.gradle.cache.internal.DefaultPersistentDirectoryStore] kotlin-dsl (C:\Users\Alvaro\Desktop\Proyecto\PMDM\CarKier\caches\8.2\kotlin-dsl) cleaned up in 0.048 secs.
2025-04-20T18:05:26.631+0200 [DEBUG] [org.gradle.cache.internal.LockOnDemandCrossProcessCacheAccess] Releasing file lock for file content cache (C:\Users\Alvaro\Desktop\Proyecto\PMDM\CarKier\caches\8.2\fileContent)
2025-04-20T18:05:26.631+0200 [DEBUG] [org.gradle.cache.internal.DefaultFileLockManager] Releasing lock on file content cache (C:\Users\Alvaro\Desktop\Proyecto\PMDM\CarKier\caches\8.2\fileContent).
2025-04-20T18:05:26.632+0200 [DEBUG] [org.gradle.internal.watch.vfs.impl.WatchingVirtualFileSystem] Closing VFS, dropping state
2025-04-20T18:05:26.633+0200 [DEBUG] [org.gradle.internal.watch.registry.impl.DefaultFileWatcherRegistry] Finished listening to file system change events
2025-04-20T18:05:26.634+0200 [DEBUG] [org.gradle.cache.internal.LockOnDemandCrossProcessCacheAccess] Releasing file lock for Generated Gradle JARs cache (C:\Users\Alvaro\Desktop\Proyecto\PMDM\CarKier\caches\8.2\generated-gradle-jars)
2025-04-20T18:05:26.634+0200 [DEBUG] [org.gradle.cache.internal.DefaultFileLockManager] Releasing lock on Generated Gradle JARs cache (C:\Users\Alvaro\Desktop\Proyecto\PMDM\CarKier\caches\8.2\generated-gradle-jars).
2025-04-20T18:05:26.635+0200 [DEBUG] [org.gradle.cache.internal.LockOnDemandCrossProcessCacheAccess] Releasing file lock for artifact cache (C:\Users\Alvaro\Desktop\Proyecto\PMDM\CarKier\caches\modules-2)
2025-04-20T18:05:26.635+0200 [DEBUG] [org.gradle.cache.internal.btree.BTreePersistentIndexedCache] Closing cache module-artifact.bin (C:\Users\Alvaro\Desktop\Proyecto\PMDM\CarKier\caches\modules-2\metadata-2.106\module-artifact.bin)
2025-04-20T18:05:26.636+0200 [DEBUG] [org.gradle.cache.internal.btree.BTreePersistentIndexedCache] Closing cache module-metadata.bin (C:\Users\Alvaro\Desktop\Proyecto\PMDM\CarKier\caches\modules-2\metadata-2.106\module-metadata.bin)
2025-04-20T18:05:26.636+0200 [DEBUG] [org.gradle.cache.internal.DefaultFileLockManager] Releasing lock on artifact cache (C:\Users\Alvaro\Desktop\Proyecto\PMDM\CarKier\caches\modules-2).
2025-04-20T18:05:26.637+0200 [DEBUG] [org.gradle.cache.internal.DefaultPersistentDirectoryStore] artifact cache (C:\Users\Alvaro\Desktop\Proyecto\PMDM\CarKier\caches\modules-2) has last been fully cleaned up 198 hours ago
2025-04-20T18:05:26.638+0200 [INFO] [org.gradle.cache.internal.AbstractCacheCleanup] artifact cache (C:\Users\Alvaro\Desktop\Proyecto\PMDM\CarKier\caches\modules-2) cleanup deleted 0 files/directories.
2025-04-20T18:05:26.640+0200 [INFO] [org.gradle.cache.internal.AbstractCacheCleanup] artifact cache (C:\Users\Alvaro\Desktop\Proyecto\PMDM\CarKier\caches\modules-2) [subdir: C:\Users\Alvaro\Desktop\Proyecto\PMDM\CarKier\caches\modules-2\resources-2.1] cleanup deleted 0 files/directories.
2025-04-20T18:05:26.640+0200 [INFO] [org.gradle.cache.internal.LeastRecentlyUsedCacheCleanup] artifact cache (C:\Users\Alvaro\Desktop\Proyecto\PMDM\CarKier\caches\modules-2) [subdir: C:\Users\Alvaro\Desktop\Proyecto\PMDM\CarKier\caches\modules-2\resources-2.1] removing files not accessed on or after Fri Mar 21 17:00:47 CET 2025.
2025-04-20T18:05:26.640+0200 [INFO] [org.gradle.cache.internal.AbstractCacheCleanup] artifact cache (C:\Users\Alvaro\Desktop\Proyecto\PMDM\CarKier\caches\modules-2) [subdir: C:\Users\Alvaro\Desktop\Proyecto\PMDM\CarKier\caches\modules-2\resources-2.1] cleanup deleted 0 files/directories.
2025-04-20T18:05:26.641+0200 [INFO] [org.gradle.cache.internal.AbstractCacheCleanup] artifact cache (C:\Users\Alvaro\Desktop\Proyecto\PMDM\CarKier\caches\modules-2) [subdir: C:\Users\Alvaro\Desktop\Proyecto\PMDM\CarKier\caches\modules-2\files-2.1] cleanup deleted 0 files/directories.
2025-04-20T18:05:26.641+0200 [INFO] [org.gradle.cache.internal.LeastRecentlyUsedCacheCleanup] artifact cache (C:\Users\Alvaro\Desktop\Proyecto\PMDM\CarKier\caches\modules-2) [subdir: C:\Users\Alvaro\Desktop\Proyecto\PMDM\CarKier\caches\modules-2\files-2.1] removing files not accessed on or after Fri Mar 21 17:00:47 CET 2025.
2025-04-20T18:05:26.843+0200 [INFO] [org.gradle.cache.internal.AbstractCacheCleanup] artifact cache (C:\Users\Alvaro\Desktop\Proyecto\PMDM\CarKier\caches\modules-2) [subdir: C:\Users\Alvaro\Desktop\Proyecto\PMDM\CarKier\caches\modules-2\files-2.1] cleanup deleted 0 files/directories.
2025-04-20T18:05:26.844+0200 [INFO] [org.gradle.cache.internal.AbstractCacheCleanup] artifact cache (C:\Users\Alvaro\Desktop\Proyecto\PMDM\CarKier\caches\modules-2) [subdir: C:\Users\Alvaro\Desktop\Proyecto\PMDM\CarKier\caches\modules-2\metadata-2.106] cleanup deleted 0 files/directories.
2025-04-20T18:05:26.844+0200 [INFO] [org.gradle.cache.internal.DefaultPersistentDirectoryStore] artifact cache (C:\Users\Alvaro\Desktop\Proyecto\PMDM\CarKier\caches\modules-2) cleaned up in 0.207 secs.
2025-04-20T18:05:26.844+0200 [DEBUG] [org.gradle.cache.internal.LockOnDemandCrossProcessCacheAccess] Releasing file lock for journal cache (C:\Users\Alvaro\Desktop\Proyecto\PMDM\CarKier\caches\journal-1)
2025-04-20T18:05:26.845+0200 [DEBUG] [org.gradle.cache.internal.btree.BTreePersistentIndexedCache] Closing cache file-access.bin (C:\Users\Alvaro\Desktop\Proyecto\PMDM\CarKier\caches\journal-1\file-access.bin)
2025-04-20T18:05:26.845+0200 [DEBUG] [org.gradle.cache.internal.DefaultFileLockManager] Releasing lock on journal cache (C:\Users\Alvaro\Desktop\Proyecto\PMDM\CarKier\caches\journal-1).
2025-04-20T18:05:26.845+0200 [DEBUG] [org.gradle.cache.internal.LockOnDemandCrossProcessCacheAccess] Releasing file lock for file hash cache (C:\Users\Alvaro\Desktop\Proyecto\PMDM\CarKier\caches\8.2\fileHashes)
2025-04-20T18:05:26.845+0200 [DEBUG] [org.gradle.cache.internal.btree.BTreePersistentIndexedCache] Closing cache fileHashes.bin (C:\Users\Alvaro\Desktop\Proyecto\PMDM\CarKier\caches\8.2\fileHashes\fileHashes.bin)
2025-04-20T18:05:26.846+0200 [DEBUG] [org.gradle.cache.internal.btree.BTreePersistentIndexedCache] Closing cache resourceHashesCache.bin (C:\Users\Alvaro\Desktop\Proyecto\PMDM\CarKier\caches\8.2\fileHashes\resourceHashesCache.bin)
2025-04-20T18:05:26.846+0200 [DEBUG] [org.gradle.cache.internal.DefaultFileLockManager] Releasing lock on file hash cache (C:\Users\Alvaro\Desktop\Proyecto\PMDM\CarKier\caches\8.2\fileHashes).
2025-04-20T18:05:26.846+0200 [DEBUG] [org.gradle.cache.internal.LockOnDemandCrossProcessCacheAccess] Releasing file lock for execution history cache (C:\Users\Alvaro\Desktop\Proyecto\PMDM\CarKier\caches\8.2\executionHistory)
2025-04-20T18:05:26.846+0200 [DEBUG] [org.gradle.cache.internal.btree.BTreePersistentIndexedCache] Closing cache executionHistory.bin (C:\Users\Alvaro\Desktop\Proyecto\PMDM\CarKier\caches\8.2\executionHistory\executionHistory.bin)
2025-04-20T18:05:26.847+0200 [DEBUG] [org.gradle.cache.internal.DefaultFileLockManager] Releasing lock on execution history cache (C:\Users\Alvaro\Desktop\Proyecto\PMDM\CarKier\caches\8.2\executionHistory).
2025-04-20T18:05:26.848+0200 [DEBUG] [org.gradle.cache.internal.VersionSpecificCacheCleanupAction] Processed version-specific caches at C:\Users\Alvaro\Desktop\Proyecto\PMDM\CarKier\caches for cleanup in 0.0 secs
Daemon vm is shutting down... The daemon has exited normally or was terminated in response to a user interrupt.
2025-04-20T18:05:26.853+0200 [DEBUG] [org.gradle.launcher.daemon.registry.PersistentDaemonRegistry] Removing daemon address: [73051ff2-73d5-4ea5-baa8-b432a2994491 port:63311, addresses:[localhost/127.0.0.1]]
2025-04-20T18:05:26.854+0200 [DEBUG] [org.gradle.cache.internal.DefaultFileLockManager] Waiting to acquire exclusive lock on daemon addresses registry.
2025-04-20T18:05:26.854+0200 [DEBUG] [org.gradle.cache.internal.DefaultFileLockManager] Lock acquired on daemon addresses registry.
2025-04-20T18:05:26.855+0200 [DEBUG] [org.gradle.cache.internal.DefaultFileLockManager] Releasing lock on daemon addresses registry.
