2025-06-08T20:33:26.695+0200 [DEBUG] [org.gradle.launcher.daemon.bootstrap.DaemonMain] Assuming the daemon was started with following jvm opts: [--add-opens=java.base/java.util=ALL-UNNAMED, --add-opens=java.base/java.lang=ALL-UNNAMED, --add-opens=java.base/java.lang.invoke=ALL-UNNAMED, --add-opens=java.prefs/java.util.prefs=ALL-UNNAMED, --add-opens=java.base/java.nio.charset=ALL-UNNAMED, --add-opens=java.base/java.net=ALL-UNNAMED, --add-opens=java.base/java.util.concurrent.atomic=ALL-UNNAMED, -Xmx2048m, -Dfile.encoding=UTF-8, -Duser.country=ES, -Duser.language=es, -Duser.variant]
2025-06-08T20:33:26.844+0200 [DEBUG] [org.gradle.internal.nativeintegration.services.NativeServices] Native-platform posix files integration is not available. Continuing with fallback.
2025-06-08T20:33:26.865+0200 [INFO] [org.gradle.launcher.daemon.server.Daemon] start() called on daemon - DefaultDaemonContext[uid=ee101058-0994-45cd-bfd1-f2637f433353,javaHome=C:\Program Files\Android\Android Studio1\jbr,daemonRegistryDir=C:\Users\Alvaro\Desktop\Proyecto\PMDM\CarKier\daemon,pid=20968,idleTimeout=10800000,priority=NORMAL,applyInstrumentationAgent=true,daemonOpts=--add-opens=java.base/java.util=ALL-UNNAMED,--add-opens=java.base/java.lang=ALL-UNNAMED,--add-opens=java.base/java.lang.invoke=ALL-UNNAMED,--add-opens=java.prefs/java.util.prefs=ALL-UNNAMED,--add-opens=java.base/java.nio.charset=ALL-UNNAMED,--add-opens=java.base/java.net=ALL-UNNAMED,--add-opens=java.base/java.util.concurrent.atomic=ALL-UNNAMED,-Xmx2048m,-Dfile.encoding=UTF-8,-Duser.country=ES,-Duser.language=es,-Duser.variant]
2025-06-08T20:33:26.932+0200 [DEBUG] [org.gradle.internal.remote.internal.inet.InetAddresses] Adding IP addresses for network interface Software Loopback Interface 1
2025-06-08T20:33:26.935+0200 [DEBUG] [org.gradle.internal.remote.internal.inet.InetAddresses] Is this a loopback interface? true
2025-06-08T20:33:26.936+0200 [DEBUG] [org.gradle.internal.remote.internal.inet.InetAddresses] Adding loopback address /127.0.0.1
2025-06-08T20:33:26.936+0200 [DEBUG] [org.gradle.internal.remote.internal.inet.InetAddresses] Adding loopback address /0:0:0:0:0:0:0:1
2025-06-08T20:33:26.937+0200 [DEBUG] [org.gradle.internal.remote.internal.inet.InetAddresses] Adding IP addresses for network interface Microsoft 6to4 Adapter
2025-06-08T20:33:26.939+0200 [DEBUG] [org.gradle.internal.remote.internal.inet.InetAddresses] Is this a loopback interface? false
2025-06-08T20:33:26.939+0200 [DEBUG] [org.gradle.internal.remote.internal.inet.InetAddresses] Adding IP addresses for network interface VirtualBox Host-Only Ethernet Adapter
2025-06-08T20:33:26.941+0200 [DEBUG] [org.gradle.internal.remote.internal.inet.InetAddresses] Is this a loopback interface? false
2025-06-08T20:33:26.941+0200 [DEBUG] [org.gradle.internal.remote.internal.inet.InetAddresses] Adding remote address /192.168.56.1
2025-06-08T20:33:26.941+0200 [DEBUG] [org.gradle.internal.remote.internal.inet.InetAddresses] Adding remote address /fe80:0:0:0:2ec5:9c91:2417:71d6%eth0
2025-06-08T20:33:26.941+0200 [DEBUG] [org.gradle.internal.remote.internal.inet.InetAddresses] Adding IP addresses for network interface WAN Miniport (IKEv2)
2025-06-08T20:33:26.944+0200 [DEBUG] [org.gradle.internal.remote.internal.inet.InetAddresses] Is this a loopback interface? false
2025-06-08T20:33:26.944+0200 [DEBUG] [org.gradle.internal.remote.internal.inet.InetAddresses] Adding IP addresses for network interface WAN Miniport (PPTP)
2025-06-08T20:33:26.946+0200 [DEBUG] [org.gradle.internal.remote.internal.inet.InetAddresses] Is this a loopback interface? false
2025-06-08T20:33:26.947+0200 [DEBUG] [org.gradle.internal.remote.internal.inet.InetAddresses] Adding IP addresses for network interface Microsoft IP-HTTPS Platform Adapter
2025-06-08T20:33:26.949+0200 [DEBUG] [org.gradle.internal.remote.internal.inet.InetAddresses] Is this a loopback interface? false
2025-06-08T20:33:26.949+0200 [DEBUG] [org.gradle.internal.remote.internal.inet.InetAddresses] Adding IP addresses for network interface Microsoft Kernel Debug Network Adapter
2025-06-08T20:33:26.951+0200 [DEBUG] [org.gradle.internal.remote.internal.inet.InetAddresses] Is this a loopback interface? false
2025-06-08T20:33:26.951+0200 [DEBUG] [org.gradle.internal.remote.internal.inet.InetAddresses] Adding IP addresses for network interface WAN Miniport (IPv6)
2025-06-08T20:33:26.953+0200 [DEBUG] [org.gradle.internal.remote.internal.inet.InetAddresses] Is this a loopback interface? false
2025-06-08T20:33:26.953+0200 [DEBUG] [org.gradle.internal.remote.internal.inet.InetAddresses] Adding IP addresses for network interface Realtek RTL8852BE WiFi 6 802.11ax PCIe Adapter
2025-06-08T20:33:26.955+0200 [DEBUG] [org.gradle.internal.remote.internal.inet.InetAddresses] Is this a loopback interface? false
2025-06-08T20:33:26.956+0200 [DEBUG] [org.gradle.internal.remote.internal.inet.InetAddresses] Adding remote address /192.168.1.141
2025-06-08T20:33:26.956+0200 [DEBUG] [org.gradle.internal.remote.internal.inet.InetAddresses] Adding remote address /fe80:0:0:0:d705:93c3:fc:4934%wlan0
2025-06-08T20:33:26.956+0200 [DEBUG] [org.gradle.internal.remote.internal.inet.InetAddresses] Adding IP addresses for network interface Bluetooth Device (Personal Area Network)
2025-06-08T20:33:26.958+0200 [DEBUG] [org.gradle.internal.remote.internal.inet.InetAddresses] Is this a loopback interface? false
2025-06-08T20:33:26.958+0200 [DEBUG] [org.gradle.internal.remote.internal.inet.InetAddresses] Adding remote address /fe80:0:0:0:7d04:3643:f7cf:5ebb%eth3
2025-06-08T20:33:26.958+0200 [DEBUG] [org.gradle.internal.remote.internal.inet.InetAddresses] Adding IP addresses for network interface Microsoft Teredo Tunneling Adapter
2025-06-08T20:33:26.961+0200 [DEBUG] [org.gradle.internal.remote.internal.inet.InetAddresses] Is this a loopback interface? false
2025-06-08T20:33:26.961+0200 [DEBUG] [org.gradle.internal.remote.internal.inet.InetAddresses] Adding IP addresses for network interface WAN Miniport (L2TP)
2025-06-08T20:33:26.965+0200 [DEBUG] [org.gradle.internal.remote.internal.inet.InetAddresses] Is this a loopback interface? false
2025-06-08T20:33:26.965+0200 [DEBUG] [org.gradle.internal.remote.internal.inet.InetAddresses] Adding IP addresses for network interface WAN Miniport (Network Monitor)
2025-06-08T20:33:26.967+0200 [DEBUG] [org.gradle.internal.remote.internal.inet.InetAddresses] Is this a loopback interface? false
2025-06-08T20:33:26.967+0200 [DEBUG] [org.gradle.internal.remote.internal.inet.InetAddresses] Adding IP addresses for network interface Microsoft Wi-Fi Direct Virtual Adapter
2025-06-08T20:33:26.969+0200 [DEBUG] [org.gradle.internal.remote.internal.inet.InetAddresses] Is this a loopback interface? false
2025-06-08T20:33:26.969+0200 [DEBUG] [org.gradle.internal.remote.internal.inet.InetAddresses] Adding remote address /fe80:0:0:0:195f:e5c0:c10d:1d27%wlan1
2025-06-08T20:33:26.970+0200 [DEBUG] [org.gradle.internal.remote.internal.inet.InetAddresses] Adding IP addresses for network interface Realtek RTL8852BE WiFi 6 802.11ax PCIe Adapter-WFP Native MAC Layer LightWeight Filter-0000
2025-06-08T20:33:26.972+0200 [DEBUG] [org.gradle.internal.remote.internal.inet.InetAddresses] Is this a loopback interface? false
2025-06-08T20:33:26.972+0200 [DEBUG] [org.gradle.internal.remote.internal.inet.InetAddresses] Adding IP addresses for network interface WAN Miniport (PPPOE)
2025-06-08T20:33:26.974+0200 [DEBUG] [org.gradle.internal.remote.internal.inet.InetAddresses] Is this a loopback interface? false
2025-06-08T20:33:26.974+0200 [DEBUG] [org.gradle.internal.remote.internal.inet.InetAddresses] Adding IP addresses for network interface WAN Miniport (SSTP)
2025-06-08T20:33:26.976+0200 [DEBUG] [org.gradle.internal.remote.internal.inet.InetAddresses] Is this a loopback interface? false
2025-06-08T20:33:26.976+0200 [DEBUG] [org.gradle.internal.remote.internal.inet.InetAddresses] Adding IP addresses for network interface Realtek PCIe GbE Family Controller
2025-06-08T20:33:26.978+0200 [DEBUG] [org.gradle.internal.remote.internal.inet.InetAddresses] Is this a loopback interface? false
2025-06-08T20:33:26.978+0200 [DEBUG] [org.gradle.internal.remote.internal.inet.InetAddresses] Adding remote address /fe80:0:0:0:1e22:1271:ec1e:8815%eth5
2025-06-08T20:33:26.979+0200 [DEBUG] [org.gradle.internal.remote.internal.inet.InetAddresses] Adding IP addresses for network interface Microsoft Wi-Fi Direct Virtual Adapter #2
2025-06-08T20:33:26.982+0200 [DEBUG] [org.gradle.internal.remote.internal.inet.InetAddresses] Is this a loopback interface? false
2025-06-08T20:33:26.982+0200 [DEBUG] [org.gradle.internal.remote.internal.inet.InetAddresses] Adding remote address /fe80:0:0:0:ec3:cb18:e2f3:ebdc%wlan3
2025-06-08T20:33:26.983+0200 [DEBUG] [org.gradle.internal.remote.internal.inet.InetAddresses] Adding IP addresses for network interface WAN Miniport (IP)
2025-06-08T20:33:26.985+0200 [DEBUG] [org.gradle.internal.remote.internal.inet.InetAddresses] Is this a loopback interface? false
2025-06-08T20:33:26.985+0200 [DEBUG] [org.gradle.internal.remote.internal.inet.InetAddresses] Adding IP addresses for network interface VirtualBox Host-Only Ethernet Adapter-WFP Native MAC Layer LightWeight Filter-0000
2025-06-08T20:33:26.987+0200 [DEBUG] [org.gradle.internal.remote.internal.inet.InetAddresses] Is this a loopback interface? false
2025-06-08T20:33:26.987+0200 [DEBUG] [org.gradle.internal.remote.internal.inet.InetAddresses] Adding IP addresses for network interface VirtualBox Host-Only Ethernet Adapter-QoS Packet Scheduler-0000
2025-06-08T20:33:26.988+0200 [DEBUG] [org.gradle.internal.remote.internal.inet.InetAddresses] Is this a loopback interface? false
2025-06-08T20:33:26.989+0200 [DEBUG] [org.gradle.internal.remote.internal.inet.InetAddresses] Adding IP addresses for network interface VirtualBox Host-Only Ethernet Adapter-WFP 802.3 MAC Layer LightWeight Filter-0000
2025-06-08T20:33:26.990+0200 [DEBUG] [org.gradle.internal.remote.internal.inet.InetAddresses] Is this a loopback interface? false
2025-06-08T20:33:26.990+0200 [DEBUG] [org.gradle.internal.remote.internal.inet.InetAddresses] Adding IP addresses for network interface Realtek PCIe GbE Family Controller-WFP Native MAC Layer LightWeight Filter-0000
2025-06-08T20:33:26.992+0200 [DEBUG] [org.gradle.internal.remote.internal.inet.InetAddresses] Is this a loopback interface? false
2025-06-08T20:33:26.992+0200 [DEBUG] [org.gradle.internal.remote.internal.inet.InetAddresses] Adding IP addresses for network interface Realtek PCIe GbE Family Controller-VirtualBox NDIS Light-Weight Filter-0000
2025-06-08T20:33:26.994+0200 [DEBUG] [org.gradle.internal.remote.internal.inet.InetAddresses] Is this a loopback interface? false
2025-06-08T20:33:26.994+0200 [DEBUG] [org.gradle.internal.remote.internal.inet.InetAddresses] Adding IP addresses for network interface Realtek PCIe GbE Family Controller-QoS Packet Scheduler-0000
2025-06-08T20:33:26.996+0200 [DEBUG] [org.gradle.internal.remote.internal.inet.InetAddresses] Is this a loopback interface? false
2025-06-08T20:33:26.996+0200 [DEBUG] [org.gradle.internal.remote.internal.inet.InetAddresses] Adding IP addresses for network interface Realtek PCIe GbE Family Controller-WFP 802.3 MAC Layer LightWeight Filter-0000
2025-06-08T20:33:26.998+0200 [DEBUG] [org.gradle.internal.remote.internal.inet.InetAddresses] Is this a loopback interface? false
2025-06-08T20:33:26.998+0200 [DEBUG] [org.gradle.internal.remote.internal.inet.InetAddresses] Adding IP addresses for network interface Realtek RTL8852BE WiFi 6 802.11ax PCIe Adapter-Virtual WiFi Filter Driver-0000
2025-06-08T20:33:27.000+0200 [DEBUG] [org.gradle.internal.remote.internal.inet.InetAddresses] Is this a loopback interface? false
2025-06-08T20:33:27.000+0200 [DEBUG] [org.gradle.internal.remote.internal.inet.InetAddresses] Adding IP addresses for network interface Realtek RTL8852BE WiFi 6 802.11ax PCIe Adapter-Native WiFi Filter Driver-0000
2025-06-08T20:33:27.002+0200 [DEBUG] [org.gradle.internal.remote.internal.inet.InetAddresses] Is this a loopback interface? false
2025-06-08T20:33:27.003+0200 [DEBUG] [org.gradle.internal.remote.internal.inet.InetAddresses] Adding IP addresses for network interface Realtek RTL8852BE WiFi 6 802.11ax PCIe Adapter-VirtualBox NDIS Light-Weight Filter-0000
2025-06-08T20:33:27.005+0200 [DEBUG] [org.gradle.internal.remote.internal.inet.InetAddresses] Is this a loopback interface? false
2025-06-08T20:33:27.005+0200 [DEBUG] [org.gradle.internal.remote.internal.inet.InetAddresses] Adding IP addresses for network interface Realtek RTL8852BE WiFi 6 802.11ax PCIe Adapter-QoS Packet Scheduler-0000
2025-06-08T20:33:27.007+0200 [DEBUG] [org.gradle.internal.remote.internal.inet.InetAddresses] Is this a loopback interface? false
2025-06-08T20:33:27.007+0200 [DEBUG] [org.gradle.internal.remote.internal.inet.InetAddresses] Adding IP addresses for network interface Realtek RTL8852BE WiFi 6 802.11ax PCIe Adapter-WFP 802.3 MAC Layer LightWeight Filter-0000
2025-06-08T20:33:27.009+0200 [DEBUG] [org.gradle.internal.remote.internal.inet.InetAddresses] Is this a loopback interface? false
2025-06-08T20:33:27.009+0200 [DEBUG] [org.gradle.internal.remote.internal.inet.InetAddresses] Adding IP addresses for network interface Microsoft Wi-Fi Direct Virtual Adapter #2-WFP Native MAC Layer LightWeight Filter-0000
2025-06-08T20:33:27.011+0200 [DEBUG] [org.gradle.internal.remote.internal.inet.InetAddresses] Is this a loopback interface? false
2025-06-08T20:33:27.011+0200 [DEBUG] [org.gradle.internal.remote.internal.inet.InetAddresses] Adding IP addresses for network interface Microsoft Wi-Fi Direct Virtual Adapter-WFP Native MAC Layer LightWeight Filter-0000
2025-06-08T20:33:27.014+0200 [DEBUG] [org.gradle.internal.remote.internal.inet.InetAddresses] Is this a loopback interface? false
2025-06-08T20:33:27.014+0200 [DEBUG] [org.gradle.internal.remote.internal.inet.InetAddresses] Adding IP addresses for network interface Microsoft Wi-Fi Direct Virtual Adapter-Native WiFi Filter Driver-0000
2025-06-08T20:33:27.017+0200 [DEBUG] [org.gradle.internal.remote.internal.inet.InetAddresses] Is this a loopback interface? false
2025-06-08T20:33:27.017+0200 [DEBUG] [org.gradle.internal.remote.internal.inet.InetAddresses] Adding IP addresses for network interface Microsoft Wi-Fi Direct Virtual Adapter-VirtualBox NDIS Light-Weight Filter-0000
2025-06-08T20:33:27.019+0200 [DEBUG] [org.gradle.internal.remote.internal.inet.InetAddresses] Is this a loopback interface? false
2025-06-08T20:33:27.019+0200 [DEBUG] [org.gradle.internal.remote.internal.inet.InetAddresses] Adding IP addresses for network interface Microsoft Wi-Fi Direct Virtual Adapter-QoS Packet Scheduler-0000
2025-06-08T20:33:27.021+0200 [DEBUG] [org.gradle.internal.remote.internal.inet.InetAddresses] Is this a loopback interface? false
2025-06-08T20:33:27.022+0200 [DEBUG] [org.gradle.internal.remote.internal.inet.InetAddresses] Adding IP addresses for network interface Microsoft Wi-Fi Direct Virtual Adapter-WFP 802.3 MAC Layer LightWeight Filter-0000
2025-06-08T20:33:27.023+0200 [DEBUG] [org.gradle.internal.remote.internal.inet.InetAddresses] Is this a loopback interface? false
2025-06-08T20:33:27.024+0200 [DEBUG] [org.gradle.internal.remote.internal.inet.InetAddresses] Adding IP addresses for network interface WAN Miniport (IP)-WFP Native MAC Layer LightWeight Filter-0000
2025-06-08T20:33:27.026+0200 [DEBUG] [org.gradle.internal.remote.internal.inet.InetAddresses] Is this a loopback interface? false
2025-06-08T20:33:27.026+0200 [DEBUG] [org.gradle.internal.remote.internal.inet.InetAddresses] Adding IP addresses for network interface WAN Miniport (IP)-QoS Packet Scheduler-0000
2025-06-08T20:33:27.029+0200 [DEBUG] [org.gradle.internal.remote.internal.inet.InetAddresses] Is this a loopback interface? false
2025-06-08T20:33:27.029+0200 [DEBUG] [org.gradle.internal.remote.internal.inet.InetAddresses] Adding IP addresses for network interface WAN Miniport (IPv6)-WFP Native MAC Layer LightWeight Filter-0000
2025-06-08T20:33:27.030+0200 [DEBUG] [org.gradle.internal.remote.internal.inet.InetAddresses] Is this a loopback interface? false
2025-06-08T20:33:27.031+0200 [DEBUG] [org.gradle.internal.remote.internal.inet.InetAddresses] Adding IP addresses for network interface WAN Miniport (IPv6)-QoS Packet Scheduler-0000
2025-06-08T20:33:27.032+0200 [DEBUG] [org.gradle.internal.remote.internal.inet.InetAddresses] Is this a loopback interface? false
2025-06-08T20:33:27.032+0200 [DEBUG] [org.gradle.internal.remote.internal.inet.InetAddresses] Adding IP addresses for network interface WAN Miniport (Network Monitor)-WFP Native MAC Layer LightWeight Filter-0000
2025-06-08T20:33:27.035+0200 [DEBUG] [org.gradle.internal.remote.internal.inet.InetAddresses] Is this a loopback interface? false
2025-06-08T20:33:27.035+0200 [DEBUG] [org.gradle.internal.remote.internal.inet.InetAddresses] Adding IP addresses for network interface WAN Miniport (Network Monitor)-QoS Packet Scheduler-0000
2025-06-08T20:33:27.037+0200 [DEBUG] [org.gradle.internal.remote.internal.inet.InetAddresses] Is this a loopback interface? false
2025-06-08T20:33:27.037+0200 [DEBUG] [org.gradle.internal.remote.internal.inet.InetAddresses] Adding IP addresses for network interface Microsoft Wi-Fi Direct Virtual Adapter #2-Native WiFi Filter Driver-0000
2025-06-08T20:33:27.038+0200 [DEBUG] [org.gradle.internal.remote.internal.inet.InetAddresses] Is this a loopback interface? false
2025-06-08T20:33:27.039+0200 [DEBUG] [org.gradle.internal.remote.internal.inet.InetAddresses] Adding IP addresses for network interface Microsoft Wi-Fi Direct Virtual Adapter #2-VirtualBox NDIS Light-Weight Filter-0000
2025-06-08T20:33:27.040+0200 [DEBUG] [org.gradle.internal.remote.internal.inet.InetAddresses] Is this a loopback interface? false
2025-06-08T20:33:27.040+0200 [DEBUG] [org.gradle.internal.remote.internal.inet.InetAddresses] Adding IP addresses for network interface Microsoft Wi-Fi Direct Virtual Adapter #2-QoS Packet Scheduler-0000
2025-06-08T20:33:27.042+0200 [DEBUG] [org.gradle.internal.remote.internal.inet.InetAddresses] Is this a loopback interface? false
2025-06-08T20:33:27.042+0200 [DEBUG] [org.gradle.internal.remote.internal.inet.InetAddresses] Adding IP addresses for network interface Microsoft Wi-Fi Direct Virtual Adapter #2-WFP 802.3 MAC Layer LightWeight Filter-0000
2025-06-08T20:33:27.045+0200 [DEBUG] [org.gradle.internal.remote.internal.inet.InetAddresses] Is this a loopback interface? false
2025-06-08T20:33:27.050+0200 [DEBUG] [org.gradle.internal.remote.internal.inet.TcpIncomingConnector] Listening on [633f4032-24e2-415c-a0d4-77c938152124 port:62399, addresses:[localhost/127.0.0.1]].
2025-06-08T20:33:27.067+0200 [DEBUG] [org.gradle.launcher.daemon.server.Daemon] Daemon starting at: Sun Jun 08 20:33:27 CEST 2025, with address: [633f4032-24e2-415c-a0d4-77c938152124 port:62399, addresses:[localhost/127.0.0.1]]
2025-06-08T20:33:27.067+0200 [INFO] [org.gradle.launcher.daemon.server.DaemonRegistryUpdater] Advertising the daemon address to the clients: [633f4032-24e2-415c-a0d4-77c938152124 port:62399, addresses:[localhost/127.0.0.1]]
2025-06-08T20:33:27.068+0200 [DEBUG] [org.gradle.launcher.daemon.server.DaemonRegistryUpdater] Advertised daemon context: DefaultDaemonContext[uid=ee101058-0994-45cd-bfd1-f2637f433353,javaHome=C:\Program Files\Android\Android Studio1\jbr,daemonRegistryDir=C:\Users\Alvaro\Desktop\Proyecto\PMDM\CarKier\daemon,pid=20968,idleTimeout=10800000,priority=NORMAL,applyInstrumentationAgent=true,daemonOpts=--add-opens=java.base/java.util=ALL-UNNAMED,--add-opens=java.base/java.lang=ALL-UNNAMED,--add-opens=java.base/java.lang.invoke=ALL-UNNAMED,--add-opens=java.prefs/java.util.prefs=ALL-UNNAMED,--add-opens=java.base/java.nio.charset=ALL-UNNAMED,--add-opens=java.base/java.net=ALL-UNNAMED,--add-opens=java.base/java.util.concurrent.atomic=ALL-UNNAMED,-Xmx2048m,-Dfile.encoding=UTF-8,-Duser.country=ES,-Duser.language=es,-Duser.variant]
2025-06-08T20:33:27.069+0200 [DEBUG] [org.gradle.launcher.daemon.registry.PersistentDaemonRegistry] Storing daemon address: [633f4032-24e2-415c-a0d4-77c938152124 port:62399, addresses:[localhost/127.0.0.1]], context: DefaultDaemonContext[uid=ee101058-0994-45cd-bfd1-f2637f433353,javaHome=C:\Program Files\Android\Android Studio1\jbr,daemonRegistryDir=C:\Users\Alvaro\Desktop\Proyecto\PMDM\CarKier\daemon,pid=20968,idleTimeout=10800000,priority=NORMAL,applyInstrumentationAgent=true,daemonOpts=--add-opens=java.base/java.util=ALL-UNNAMED,--add-opens=java.base/java.lang=ALL-UNNAMED,--add-opens=java.base/java.lang.invoke=ALL-UNNAMED,--add-opens=java.prefs/java.util.prefs=ALL-UNNAMED,--add-opens=java.base/java.nio.charset=ALL-UNNAMED,--add-opens=java.base/java.net=ALL-UNNAMED,--add-opens=java.base/java.util.concurrent.atomic=ALL-UNNAMED,-Xmx2048m,-Dfile.encoding=UTF-8,-Duser.country=ES,-Duser.language=es,-Duser.variant]
2025-06-08T20:33:27.082+0200 [DEBUG] [org.gradle.cache.internal.DefaultFileLockManager] Waiting to acquire exclusive lock on daemon addresses registry.
2025-06-08T20:33:27.086+0200 [DEBUG] [org.gradle.cache.internal.DefaultFileLockManager] Lock acquired on daemon addresses registry.
2025-06-08T20:33:27.092+0200 [DEBUG] [org.gradle.cache.internal.DefaultFileLockManager] Releasing lock on daemon addresses registry.
2025-06-08T20:33:27.092+0200 [LIFECYCLE] [org.gradle.launcher.daemon.server.Daemon] Daemon server started.
2025-06-08T20:33:27.093+0200 [DEBUG] [org.gradle.launcher.daemon.bootstrap.DaemonStartupCommunication] Completed writing the daemon greeting. Closing streams...
2025-06-08T20:33:27.099+0200 [DEBUG] [org.gradle.launcher.daemon.server.Daemon] stopOnExpiration() called on daemon
2025-06-08T20:33:27.100+0200 [DEBUG] [org.gradle.launcher.daemon.server.Daemon] awaitExpiration() called on daemon
2025-06-08T20:33:27.101+0200 [DEBUG] [org.gradle.launcher.daemon.server.DaemonStateCoordinator] daemon is running. Sleeping until state changes.
2025-06-08T20:33:27.114+0200 [DEBUG] [org.gradle.internal.remote.internal.inet.TcpIncomingConnector] Accepted connection from /127.0.0.1:62400 to /127.0.0.1:62399.
2025-06-08T20:33:27.212+0200 [DEBUG] [org.gradle.launcher.daemon.server.SynchronizedDispatchConnection] thread 30: received class org.gradle.launcher.daemon.protocol.Build
2025-06-08T20:33:27.213+0200 [DEBUG] [org.gradle.launcher.daemon.server.DefaultDaemonConnection] thread 30: Received non-IO message from client: Build{id=4b88f30e-068b-4924-bd00-66731bf739ae, currentDir=C:\Users\Alvaro\Desktop\Proyecto\PMDM\CarKier}
2025-06-08T20:33:27.213+0200 [INFO] [org.gradle.launcher.daemon.server.DefaultIncomingConnectionHandler] Received command: Build{id=4b88f30e-068b-4924-bd00-66731bf739ae, currentDir=C:\Users\Alvaro\Desktop\Proyecto\PMDM\CarKier}.
2025-06-08T20:33:27.213+0200 [DEBUG] [org.gradle.launcher.daemon.server.DefaultIncomingConnectionHandler] Starting executing command: Build{id=4b88f30e-068b-4924-bd00-66731bf739ae, currentDir=C:\Users\Alvaro\Desktop\Proyecto\PMDM\CarKier} with connection: socket connection from /127.0.0.1:62399 to /127.0.0.1:62400.
2025-06-08T20:33:27.215+0200 [DEBUG] [org.gradle.launcher.daemon.server.DaemonStateCoordinator] Command execution: started DaemonCommandExecution[command = Build{id=4b88f30e-068b-4924-bd00-66731bf739ae, currentDir=C:\Users\Alvaro\Desktop\Proyecto\PMDM\CarKier}, connection = DefaultDaemonConnection: socket connection from /127.0.0.1:62399 to /127.0.0.1:62400] after 0.0 minutes of idle
2025-06-08T20:33:27.216+0200 [INFO] [org.gradle.launcher.daemon.server.DaemonRegistryUpdater] Marking the daemon as busy, address: [633f4032-24e2-415c-a0d4-77c938152124 port:62399, addresses:[localhost/127.0.0.1]]
2025-06-08T20:33:27.216+0200 [DEBUG] [org.gradle.launcher.daemon.registry.PersistentDaemonRegistry] Marking busy by address: [633f4032-24e2-415c-a0d4-77c938152124 port:62399, addresses:[localhost/127.0.0.1]]
2025-06-08T20:33:27.217+0200 [DEBUG] [org.gradle.cache.internal.DefaultFileLockManager] Waiting to acquire exclusive lock on daemon addresses registry.
2025-06-08T20:33:27.217+0200 [DEBUG] [org.gradle.cache.internal.DefaultFileLockManager] Lock acquired on daemon addresses registry.
2025-06-08T20:33:27.218+0200 [DEBUG] [org.gradle.cache.internal.DefaultFileLockManager] Releasing lock on daemon addresses registry.
2025-06-08T20:33:27.218+0200 [DEBUG] [org.gradle.launcher.daemon.server.DaemonStateCoordinator] resetting idle timer
2025-06-08T20:33:27.218+0200 [DEBUG] [org.gradle.launcher.daemon.server.DaemonStateCoordinator] daemon is running. Sleeping until state changes.
2025-06-08T20:33:27.219+0200 [INFO] [org.gradle.launcher.daemon.server.exec.StartBuildOrRespondWithBusy] Daemon is about to start building Build{id=4b88f30e-068b-4924-bd00-66731bf739ae, currentDir=C:\Users\Alvaro\Desktop\Proyecto\PMDM\CarKier}. Dispatching build started information...
2025-06-08T20:33:27.219+0200 [DEBUG] [org.gradle.launcher.daemon.server.SynchronizedDispatchConnection] thread 32: dispatching org.gradle.launcher.daemon.protocol.BuildStarted@13283b44
2025-06-08T20:33:27.220+0200 [DEBUG] [org.gradle.launcher.daemon.server.exec.EstablishBuildEnvironment] Configuring env variables: [USERDOMAIN_ROAMINGPROFILE, LOCALAPPDATA, PROCESSOR_LEVEL, USERDOMAIN, LOGONSERVER, FPS_BROWSER_APP_PROFILE_STRING, SESSIONNAME, ALLUSERSPROFILE, PROCESSOR_ARCHITECTURE, PSModulePath, SystemDrive, OneDrive, EFC_8668, APPDATA, USERNAME, ProgramFiles(x86), VBOX_MSI_INSTALL_PATH, CommonProgramFiles, Path, FPS_BROWSER_USER_PROFILE_STRING, PATHEXT, DriverData, OS, COMPUTERNAME, PROCESSOR_REVISION, CommonProgramW6432, ComSpec, ProgramData, ProgramW6432, TEMP, HOMEPATH, SystemRoot, PROCESSOR_IDENTIFIER, HOMEDRIVE, USERPROFILE, TMP, CommonProgramFiles(x86), ProgramFiles, PUBLIC, windir, NUMBER_OF_PROCESSORS, =::, IDEA_INITIAL_DIRECTORY, ZES_ENABLE_SYSMAN]
2025-06-08T20:33:27.220+0200 [DEBUG] [org.gradle.launcher.daemon.server.SynchronizedDispatchConnection] thread 30: received class org.gradle.launcher.daemon.protocol.CloseInput
2025-06-08T20:33:27.220+0200 [DEBUG] [org.gradle.launcher.daemon.server.DefaultDaemonConnection] thread 30: Received IO message from client: org.gradle.launcher.daemon.protocol.CloseInput@6c2b35e8
2025-06-08T20:33:27.223+0200 [DEBUG] [org.gradle.launcher.daemon.server.exec.LogToClient] About to start relaying all logs to the client via the connection.
2025-06-08T20:33:27.223+0200 [INFO] [org.gradle.launcher.daemon.server.exec.LogToClient] The client will now receive all logging from the daemon (pid: 20968). The daemon log file: C:\Users\Alvaro\Desktop\Proyecto\PMDM\CarKier\daemon\8.2\daemon-20968.out.log
2025-06-08T20:33:27.225+0200 [INFO] [org.gradle.launcher.daemon.server.exec.LogAndCheckHealth] Starting build in new daemon [memory: 2 GiB]
2025-06-08T20:33:27.226+0200 [INFO] [org.gradle.launcher.daemon.server.exec.ForwardClientInput] Closing daemon's stdin at end of input.
2025-06-08T20:33:27.226+0200 [INFO] [org.gradle.launcher.daemon.server.exec.ForwardClientInput] The daemon will no longer process any standard input.
2025-06-08T20:33:27.227+0200 [DEBUG] [org.gradle.launcher.daemon.server.exec.ExecuteBuild] The daemon has started executing the build.
2025-06-08T20:33:27.227+0200 [DEBUG] [org.gradle.launcher.daemon.server.exec.ExecuteBuild] Executing build with daemon context: DefaultDaemonContext[uid=ee101058-0994-45cd-bfd1-f2637f433353,javaHome=C:\Program Files\Android\Android Studio1\jbr,daemonRegistryDir=C:\Users\Alvaro\Desktop\Proyecto\PMDM\CarKier\daemon,pid=20968,idleTimeout=10800000,priority=NORMAL,applyInstrumentationAgent=true,daemonOpts=--add-opens=java.base/java.util=ALL-UNNAMED,--add-opens=java.base/java.lang=ALL-UNNAMED,--add-opens=java.base/java.lang.invoke=ALL-UNNAMED,--add-opens=java.prefs/java.util.prefs=ALL-UNNAMED,--add-opens=java.base/java.nio.charset=ALL-UNNAMED,--add-opens=java.base/java.net=ALL-UNNAMED,--add-opens=java.base/java.util.concurrent.atomic=ALL-UNNAMED,-Xmx2048m,-Dfile.encoding=UTF-8,-Duser.country=ES,-Duser.language=es,-Duser.variant]

BUILD SUCCESSFUL in 2m 37s
2025-06-08T20:36:03.485+0200 [DEBUG] [org.apache.http.impl.conn.DefaultManagedHttpClientConnection] http-outgoing-94: Close connection
2025-06-08T20:36:03.485+0200 [DEBUG] [org.apache.http.impl.conn.PoolingHttpClientConnectionManager] Connection manager shut down
2025-06-08T20:36:03.486+0200 [DEBUG] [org.apache.http.impl.conn.PoolingHttpClientConnectionManager] Connection manager is shutting down
2025-06-08T20:36:03.486+0200 [DEBUG] [org.apache.http.impl.conn.DefaultManagedHttpClientConnection] http-outgoing-93: Close connection
2025-06-08T20:36:03.486+0200 [DEBUG] [org.apache.http.impl.conn.PoolingHttpClientConnectionManager] Connection manager shut down
2025-06-08T20:36:03.488+0200 [DEBUG] [org.apache.http.impl.conn.PoolingHttpClientConnectionManager] Connection manager is shutting down
2025-06-08T20:36:03.488+0200 [DEBUG] [org.apache.http.impl.conn.DefaultManagedHttpClientConnection] http-outgoing-89: Close connection
2025-06-08T20:36:03.488+0200 [DEBUG] [org.apache.http.impl.conn.DefaultManagedHttpClientConnection] http-outgoing-88: Close connection
2025-06-08T20:36:03.488+0200 [DEBUG] [org.apache.http.impl.conn.DefaultManagedHttpClientConnection] http-outgoing-72: Close connection
2025-06-08T20:36:03.489+0200 [DEBUG] [org.apache.http.impl.conn.DefaultManagedHttpClientConnection] http-outgoing-90: Close connection
2025-06-08T20:36:03.489+0200 [DEBUG] [org.apache.http.impl.conn.PoolingHttpClientConnectionManager] Connection manager shut down
2025-06-08T20:36:03.489+0200 [DEBUG] [org.apache.http.impl.conn.PoolingHttpClientConnectionManager] Connection manager is shutting down
2025-06-08T20:36:03.490+0200 [DEBUG] [org.apache.http.impl.conn.DefaultManagedHttpClientConnection] http-outgoing-76: Close connection
2025-06-08T20:36:03.490+0200 [DEBUG] [org.apache.http.impl.conn.DefaultManagedHttpClientConnection] http-outgoing-82: Close connection
2025-06-08T20:36:03.490+0200 [DEBUG] [org.apache.http.impl.conn.DefaultManagedHttpClientConnection] http-outgoing-81: Close connection
2025-06-08T20:36:03.491+0200 [DEBUG] [org.apache.http.impl.conn.DefaultManagedHttpClientConnection] http-outgoing-86: Close connection
2025-06-08T20:36:03.491+0200 [DEBUG] [org.apache.http.impl.conn.DefaultManagedHttpClientConnection] http-outgoing-84: Close connection
2025-06-08T20:36:03.491+0200 [DEBUG] [org.apache.http.impl.conn.DefaultManagedHttpClientConnection] http-outgoing-73: Close connection
2025-06-08T20:36:03.491+0200 [DEBUG] [org.apache.http.impl.conn.DefaultManagedHttpClientConnection] http-outgoing-78: Close connection
2025-06-08T20:36:03.492+0200 [DEBUG] [org.apache.http.impl.conn.DefaultManagedHttpClientConnection] http-outgoing-71: Close connection
2025-06-08T20:36:03.492+0200 [DEBUG] [org.apache.http.impl.conn.DefaultManagedHttpClientConnection] http-outgoing-79: Close connection
2025-06-08T20:36:03.492+0200 [DEBUG] [org.apache.http.impl.conn.DefaultManagedHttpClientConnection] http-outgoing-80: Close connection
2025-06-08T20:36:03.492+0200 [DEBUG] [org.apache.http.impl.conn.DefaultManagedHttpClientConnection] http-outgoing-83: Close connection
2025-06-08T20:36:03.492+0200 [DEBUG] [org.apache.http.impl.conn.DefaultManagedHttpClientConnection] http-outgoing-85: Close connection
2025-06-08T20:36:03.492+0200 [DEBUG] [org.apache.http.impl.conn.DefaultManagedHttpClientConnection] http-outgoing-75: Close connection
2025-06-08T20:36:03.492+0200 [DEBUG] [org.apache.http.impl.conn.DefaultManagedHttpClientConnection] http-outgoing-77: Close connection
2025-06-08T20:36:03.493+0200 [DEBUG] [org.apache.http.impl.conn.DefaultManagedHttpClientConnection] http-outgoing-74: Close connection
2025-06-08T20:36:03.493+0200 [DEBUG] [org.apache.http.impl.conn.DefaultManagedHttpClientConnection] http-outgoing-87: Close connection
2025-06-08T20:36:03.493+0200 [DEBUG] [org.apache.http.impl.conn.PoolingHttpClientConnectionManager] Connection manager shut down
2025-06-08T20:36:03.493+0200 [DEBUG] [org.apache.http.impl.conn.PoolingHttpClientConnectionManager] Connection manager is shutting down
2025-06-08T20:36:03.494+0200 [DEBUG] [org.apache.http.impl.conn.DefaultManagedHttpClientConnection] http-outgoing-91: Close connection
2025-06-08T20:36:03.494+0200 [DEBUG] [org.apache.http.impl.conn.PoolingHttpClientConnectionManager] Connection manager shut down
2025-06-08T20:36:03.494+0200 [DEBUG] [org.apache.http.impl.conn.PoolingHttpClientConnectionManager] Connection manager is shutting down
2025-06-08T20:36:03.494+0200 [DEBUG] [org.apache.http.impl.conn.DefaultManagedHttpClientConnection] http-outgoing-68: Close connection
2025-06-08T20:36:03.494+0200 [DEBUG] [org.apache.http.impl.conn.PoolingHttpClientConnectionManager] Connection manager shut down
2025-06-08T20:36:03.495+0200 [DEBUG] [org.apache.http.impl.conn.PoolingHttpClientConnectionManager] Connection manager is shutting down
2025-06-08T20:36:03.495+0200 [DEBUG] [org.apache.http.impl.conn.DefaultManagedHttpClientConnection] http-outgoing-67: Close connection
2025-06-08T20:36:03.495+0200 [DEBUG] [org.apache.http.impl.conn.PoolingHttpClientConnectionManager] Connection manager shut down
2025-06-08T20:36:03.495+0200 [DEBUG] [org.apache.http.impl.conn.PoolingHttpClientConnectionManager] Connection manager is shutting down
2025-06-08T20:36:03.495+0200 [DEBUG] [org.apache.http.impl.conn.DefaultManagedHttpClientConnection] http-outgoing-70: Close connection
2025-06-08T20:36:03.495+0200 [DEBUG] [org.apache.http.impl.conn.DefaultManagedHttpClientConnection] http-outgoing-69: Close connection
2025-06-08T20:36:03.495+0200 [DEBUG] [org.apache.http.impl.conn.PoolingHttpClientConnectionManager] Connection manager shut down
2025-06-08T20:36:03.498+0200 [DEBUG] [org.gradle.launcher.daemon.server.exec.ExecuteBuild] The daemon has finished executing the build.
2025-06-08T20:36:03.515+0200 [DEBUG] [org.gradle.launcher.daemon.server.DaemonStateCoordinator] daemon is running. Sleeping until state changes.
2025-06-08T20:36:03.515+0200 [DEBUG] [org.gradle.launcher.daemon.server.DaemonStateCoordinator] Command execution: finished waiting for DaemonCommandExecution[command = Build{id=4b88f30e-068b-4924-bd00-66731bf739ae, currentDir=C:\Users\Alvaro\Desktop\Proyecto\PMDM\CarKier}, connection = DefaultDaemonConnection: socket connection from /127.0.0.1:62399 to /127.0.0.1:62400]. Result org.gradle.launcher.daemon.server.DaemonStateCoordinator@37e39533 with state Busy
2025-06-08T20:36:03.515+0200 [DEBUG] [org.gradle.launcher.daemon.server.DaemonStateCoordinator] Command execution: completed DaemonCommandExecution[command = Build{id=4b88f30e-068b-4924-bd00-66731bf739ae, currentDir=C:\Users\Alvaro\Desktop\Proyecto\PMDM\CarKier}, connection = DefaultDaemonConnection: socket connection from /127.0.0.1:62399 to /127.0.0.1:62400]
2025-06-08T20:36:03.516+0200 [DEBUG] [org.gradle.launcher.daemon.server.DaemonStateCoordinator] resetting idle timer
2025-06-08T20:36:03.516+0200 [INFO] [org.gradle.launcher.daemon.server.DaemonRegistryUpdater] Marking the daemon as idle, address: [633f4032-24e2-415c-a0d4-77c938152124 port:62399, addresses:[localhost/127.0.0.1]]
2025-06-08T20:36:03.516+0200 [DEBUG] [org.gradle.launcher.daemon.registry.PersistentDaemonRegistry] Marking busy by address: [633f4032-24e2-415c-a0d4-77c938152124 port:62399, addresses:[localhost/127.0.0.1]]
2025-06-08T20:36:03.518+0200 [DEBUG] [org.gradle.cache.internal.DefaultFileLockManager] Waiting to acquire exclusive lock on daemon addresses registry.
2025-06-08T20:36:03.519+0200 [DEBUG] [org.gradle.cache.internal.DefaultFileLockManager] Lock acquired on daemon addresses registry.
2025-06-08T20:36:03.521+0200 [DEBUG] [org.gradle.cache.internal.DefaultFileLockManager] Releasing lock on daemon addresses registry.
2025-06-08T20:36:03.522+0200 [DEBUG] [org.gradle.launcher.daemon.server.DaemonStateCoordinator] daemon is running. Sleeping until state changes.
2025-06-08T20:36:03.522+0200 [DEBUG] [org.gradle.launcher.daemon.server.exec.ReturnResult] Daemon is dispatching the build result: Success[value=org.gradle.launcher.exec.BuildActionResult@3b57f29e]
2025-06-08T20:36:03.522+0200 [DEBUG] [org.gradle.launcher.daemon.server.SynchronizedDispatchConnection] thread 29: dispatching Success[value=org.gradle.launcher.exec.BuildActionResult@3b57f29e]
2025-06-08T20:36:03.523+0200 [DEBUG] [org.gradle.launcher.daemon.server.DefaultIncomingConnectionHandler] Finishing executing command: Build{id=4b88f30e-068b-4924-bd00-66731bf739ae, currentDir=C:\Users\Alvaro\Desktop\Proyecto\PMDM\CarKier}
2025-06-08T20:36:03.523+0200 [DEBUG] [org.gradle.launcher.daemon.server.SynchronizedDispatchConnection] thread 30: received class org.gradle.launcher.daemon.protocol.Finished
2025-06-08T20:36:03.523+0200 [DEBUG] [org.gradle.launcher.daemon.server.DefaultDaemonConnection] thread 30: Received non-IO message from client: org.gradle.launcher.daemon.protocol.Finished@532d0460
2025-06-08T20:36:03.523+0200 [DEBUG] [org.gradle.launcher.daemon.server.DefaultIncomingConnectionHandler] Received finished message: org.gradle.launcher.daemon.protocol.Finished@532d0460
2025-06-08T20:36:03.524+0200 [DEBUG] [org.gradle.launcher.daemon.server.SynchronizedDispatchConnection] thread 29: stopping connection
2025-06-08T20:36:03.524+0200 [DEBUG] [org.gradle.internal.remote.internal.inet.SocketConnection] Discarding EOFException: java.io.EOFException
2025-06-08T20:36:03.524+0200 [DEBUG] [org.gradle.launcher.daemon.server.SynchronizedDispatchConnection] thread 30: received null
2025-06-08T20:36:03.524+0200 [DEBUG] [org.gradle.launcher.daemon.server.DefaultDaemonConnection] thread 30: Received end-of-input from client.
2025-06-08T20:36:03.525+0200 [DEBUG] [org.gradle.launcher.daemon.server.SynchronizedDispatchConnection] thread 29: stopping connection
2025-06-08T20:36:05.021+0200 [DEBUG] [org.gradle.process.internal.health.memory.DefaultMemoryManager] 1689163366 memory requested, 1406517248 free
2025-06-08T20:36:05.021+0200 [DEBUG] [org.gradle.workers.internal.WorkerDaemonExpiration] Will attempt to release 1610 of memory
2025-06-08T20:36:05.021+0200 [DEBUG] [org.gradle.process.internal.health.memory.DefaultMemoryManager] 1689163366 memory requested, 0 released, 1406517248 free
2025-06-08T20:36:07.113+0200 [DEBUG] [org.gradle.cache.internal.DefaultFileLockManager] Waiting to acquire shared lock on daemon addresses registry.
2025-06-08T20:36:07.114+0200 [DEBUG] [org.gradle.cache.internal.DefaultFileLockManager] Lock acquired on daemon addresses registry.
2025-06-08T20:36:07.114+0200 [DEBUG] [org.gradle.cache.internal.DefaultFileLockManager] Releasing lock on daemon addresses registry.
2025-06-08T20:36:07.117+0200 [DEBUG] [org.gradle.cache.internal.DefaultFileLockManager] Waiting to acquire shared lock on daemon addresses registry.
2025-06-08T20:36:07.117+0200 [DEBUG] [org.gradle.cache.internal.DefaultFileLockManager] Lock acquired on daemon addresses registry.
2025-06-08T20:36:07.118+0200 [DEBUG] [org.gradle.cache.internal.DefaultFileLockManager] Releasing lock on daemon addresses registry.
2025-06-08T20:36:10.014+0200 [DEBUG] [org.gradle.process.internal.health.memory.DefaultMemoryManager] 1689163366 memory requested, 1390583808 free
2025-06-08T20:36:10.014+0200 [DEBUG] [org.gradle.workers.internal.WorkerDaemonExpiration] Will attempt to release 1610 of memory
2025-06-08T20:36:10.014+0200 [DEBUG] [org.gradle.process.internal.health.memory.DefaultMemoryManager] 1689163366 memory requested, 0 released, 1390583808 free
2025-06-08T20:36:15.017+0200 [DEBUG] [org.gradle.process.internal.health.memory.DefaultMemoryManager] 1689163366 memory requested, 1411506176 free
2025-06-08T20:36:15.018+0200 [DEBUG] [org.gradle.workers.internal.WorkerDaemonExpiration] Will attempt to release 1610 of memory
2025-06-08T20:36:15.018+0200 [DEBUG] [org.gradle.process.internal.health.memory.DefaultMemoryManager] 1689163366 memory requested, 0 released, 1411506176 free
2025-06-08T20:36:17.109+0200 [DEBUG] [org.gradle.cache.internal.DefaultFileLockManager] Waiting to acquire shared lock on daemon addresses registry.
2025-06-08T20:36:17.110+0200 [DEBUG] [org.gradle.cache.internal.DefaultFileLockManager] Lock acquired on daemon addresses registry.
2025-06-08T20:36:17.110+0200 [DEBUG] [org.gradle.cache.internal.DefaultFileLockManager] Releasing lock on daemon addresses registry.
2025-06-08T20:36:17.111+0200 [DEBUG] [org.gradle.cache.internal.DefaultFileLockManager] Waiting to acquire shared lock on daemon addresses registry.
2025-06-08T20:36:17.111+0200 [DEBUG] [org.gradle.cache.internal.DefaultFileLockManager] Lock acquired on daemon addresses registry.
2025-06-08T20:36:17.112+0200 [DEBUG] [org.gradle.cache.internal.DefaultFileLockManager] Releasing lock on daemon addresses registry.
2025-06-08T20:36:17.113+0200 [DEBUG] [org.gradle.cache.internal.DefaultFileLockManager] Waiting to acquire shared lock on daemon addresses registry.
2025-06-08T20:36:17.113+0200 [DEBUG] [org.gradle.cache.internal.DefaultFileLockManager] Lock acquired on daemon addresses registry.
2025-06-08T20:36:17.114+0200 [DEBUG] [org.gradle.cache.internal.DefaultFileLockManager] Releasing lock on daemon addresses registry.
2025-06-08T20:36:20.023+0200 [DEBUG] [org.gradle.process.internal.health.memory.DefaultMemoryManager] 1689163366 memory requested, 1373155328 free
2025-06-08T20:36:20.023+0200 [DEBUG] [org.gradle.workers.internal.WorkerDaemonExpiration] Will attempt to release 1610 of memory
2025-06-08T20:36:20.023+0200 [DEBUG] [org.gradle.process.internal.health.memory.DefaultMemoryManager] 1689163366 memory requested, 0 released, 1373155328 free
2025-06-08T20:36:25.010+0200 [DEBUG] [org.gradle.process.internal.health.memory.DefaultMemoryManager] 1689163366 memory requested, 1406586880 free
2025-06-08T20:36:25.011+0200 [DEBUG] [org.gradle.workers.internal.WorkerDaemonExpiration] Will attempt to release 1610 of memory
2025-06-08T20:36:25.011+0200 [DEBUG] [org.gradle.process.internal.health.memory.DefaultMemoryManager] 1689163366 memory requested, 0 released, 1406586880 free
2025-06-08T20:36:27.115+0200 [DEBUG] [org.gradle.cache.internal.DefaultFileLockManager] Waiting to acquire shared lock on daemon addresses registry.
2025-06-08T20:36:27.115+0200 [DEBUG] [org.gradle.cache.internal.DefaultFileLockManager] Lock acquired on daemon addresses registry.
2025-06-08T20:36:27.116+0200 [DEBUG] [org.gradle.cache.internal.DefaultFileLockManager] Releasing lock on daemon addresses registry.
2025-06-08T20:36:27.118+0200 [DEBUG] [org.gradle.cache.internal.DefaultFileLockManager] Waiting to acquire shared lock on daemon addresses registry.
2025-06-08T20:36:27.118+0200 [DEBUG] [org.gradle.cache.internal.DefaultFileLockManager] Lock acquired on daemon addresses registry.
2025-06-08T20:36:27.119+0200 [DEBUG] [org.gradle.cache.internal.DefaultFileLockManager] Releasing lock on daemon addresses registry.
2025-06-08T20:36:27.121+0200 [DEBUG] [org.gradle.cache.internal.DefaultFileLockManager] Waiting to acquire shared lock on daemon addresses registry.
2025-06-08T20:36:27.122+0200 [DEBUG] [org.gradle.cache.internal.DefaultFileLockManager] Lock acquired on daemon addresses registry.
2025-06-08T20:36:27.122+0200 [DEBUG] [org.gradle.cache.internal.DefaultFileLockManager] Releasing lock on daemon addresses registry.
2025-06-08T20:36:30.025+0200 [DEBUG] [org.gradle.process.internal.health.memory.DefaultMemoryManager] 1689163366 memory requested, 1318912000 free
2025-06-08T20:36:30.025+0200 [DEBUG] [org.gradle.workers.internal.WorkerDaemonExpiration] Will attempt to release 1610 of memory
2025-06-08T20:36:30.025+0200 [DEBUG] [org.gradle.process.internal.health.memory.DefaultMemoryManager] 1689163366 memory requested, 0 released, 1318912000 free
2025-06-08T20:36:35.021+0200 [DEBUG] [org.gradle.process.internal.health.memory.DefaultMemoryManager] 1689163366 memory requested, 1331257344 free
2025-06-08T20:36:35.022+0200 [DEBUG] [org.gradle.workers.internal.WorkerDaemonExpiration] Will attempt to release 1610 of memory
2025-06-08T20:36:35.022+0200 [DEBUG] [org.gradle.process.internal.health.memory.DefaultMemoryManager] 1689163366 memory requested, 0 released, 1331257344 free
2025-06-08T20:36:37.106+0200 [DEBUG] [org.gradle.cache.internal.DefaultFileLockManager] Waiting to acquire shared lock on daemon addresses registry.
2025-06-08T20:36:37.106+0200 [DEBUG] [org.gradle.cache.internal.DefaultFileLockManager] Lock acquired on daemon addresses registry.
2025-06-08T20:36:37.107+0200 [DEBUG] [org.gradle.cache.internal.DefaultFileLockManager] Releasing lock on daemon addresses registry.
2025-06-08T20:36:37.109+0200 [DEBUG] [org.gradle.cache.internal.DefaultFileLockManager] Waiting to acquire shared lock on daemon addresses registry.
2025-06-08T20:36:37.110+0200 [DEBUG] [org.gradle.cache.internal.DefaultFileLockManager] Lock acquired on daemon addresses registry.
2025-06-08T20:36:37.110+0200 [DEBUG] [org.gradle.cache.internal.DefaultFileLockManager] Releasing lock on daemon addresses registry.
2025-06-08T20:36:37.113+0200 [DEBUG] [org.gradle.cache.internal.DefaultFileLockManager] Waiting to acquire shared lock on daemon addresses registry.
2025-06-08T20:36:37.113+0200 [DEBUG] [org.gradle.cache.internal.DefaultFileLockManager] Lock acquired on daemon addresses registry.
2025-06-08T20:36:37.114+0200 [DEBUG] [org.gradle.cache.internal.DefaultFileLockManager] Releasing lock on daemon addresses registry.
2025-06-08T20:36:40.025+0200 [DEBUG] [org.gradle.process.internal.health.memory.DefaultMemoryManager] 1689163366 memory requested, 841535488 free
2025-06-08T20:36:40.025+0200 [DEBUG] [org.gradle.workers.internal.WorkerDaemonExpiration] Will attempt to release 1610 of memory
2025-06-08T20:36:40.026+0200 [DEBUG] [org.gradle.process.internal.health.memory.DefaultMemoryManager] 1689163366 memory requested, 0 released, 841535488 free
2025-06-08T20:36:45.023+0200 [DEBUG] [org.gradle.process.internal.health.memory.DefaultMemoryManager] 1689163366 memory requested, 818352128 free
2025-06-08T20:36:45.023+0200 [DEBUG] [org.gradle.workers.internal.WorkerDaemonExpiration] Will attempt to release 1610 of memory
2025-06-08T20:36:45.024+0200 [DEBUG] [org.gradle.process.internal.health.memory.DefaultMemoryManager] 1689163366 memory requested, 0 released, 818352128 free
2025-06-08T20:36:47.115+0200 [DEBUG] [org.gradle.cache.internal.DefaultFileLockManager] Waiting to acquire shared lock on daemon addresses registry.
2025-06-08T20:36:47.116+0200 [DEBUG] [org.gradle.cache.internal.DefaultFileLockManager] Lock acquired on daemon addresses registry.
2025-06-08T20:36:47.117+0200 [DEBUG] [org.gradle.cache.internal.DefaultFileLockManager] Releasing lock on daemon addresses registry.
2025-06-08T20:36:47.118+0200 [DEBUG] [org.gradle.cache.internal.DefaultFileLockManager] Waiting to acquire shared lock on daemon addresses registry.
2025-06-08T20:36:47.119+0200 [DEBUG] [org.gradle.cache.internal.DefaultFileLockManager] Lock acquired on daemon addresses registry.
2025-06-08T20:36:47.119+0200 [DEBUG] [org.gradle.cache.internal.DefaultFileLockManager] Releasing lock on daemon addresses registry.
2025-06-08T20:36:47.121+0200 [DEBUG] [org.gradle.cache.internal.DefaultFileLockManager] Waiting to acquire shared lock on daemon addresses registry.
2025-06-08T20:36:47.122+0200 [DEBUG] [org.gradle.cache.internal.DefaultFileLockManager] Lock acquired on daemon addresses registry.
2025-06-08T20:36:47.122+0200 [DEBUG] [org.gradle.cache.internal.DefaultFileLockManager] Releasing lock on daemon addresses registry.
2025-06-08T20:36:50.013+0200 [DEBUG] [org.gradle.process.internal.health.memory.DefaultMemoryManager] 1689163366 memory requested, 810045440 free
2025-06-08T20:36:50.014+0200 [DEBUG] [org.gradle.workers.internal.WorkerDaemonExpiration] Will attempt to release 1610 of memory
2025-06-08T20:36:50.014+0200 [DEBUG] [org.gradle.process.internal.health.memory.DefaultMemoryManager] 1689163366 memory requested, 0 released, 810045440 free
2025-06-08T20:36:55.022+0200 [DEBUG] [org.gradle.process.internal.health.memory.DefaultMemoryManager] 1689163366 memory requested, 803639296 free
2025-06-08T20:36:55.022+0200 [DEBUG] [org.gradle.workers.internal.WorkerDaemonExpiration] Will attempt to release 1610 of memory
2025-06-08T20:36:55.022+0200 [DEBUG] [org.gradle.process.internal.health.memory.DefaultMemoryManager] 1689163366 memory requested, 0 released, 803639296 free
2025-06-08T20:36:57.104+0200 [DEBUG] [org.gradle.cache.internal.DefaultFileLockManager] Waiting to acquire shared lock on daemon addresses registry.
2025-06-08T20:36:57.104+0200 [DEBUG] [org.gradle.cache.internal.DefaultFileLockManager] Lock acquired on daemon addresses registry.
2025-06-08T20:36:57.105+0200 [DEBUG] [org.gradle.cache.internal.DefaultFileLockManager] Releasing lock on daemon addresses registry.
2025-06-08T20:36:57.107+0200 [DEBUG] [org.gradle.cache.internal.DefaultFileLockManager] Waiting to acquire shared lock on daemon addresses registry.
2025-06-08T20:36:57.107+0200 [DEBUG] [org.gradle.cache.internal.DefaultFileLockManager] Lock acquired on daemon addresses registry.
2025-06-08T20:36:57.108+0200 [DEBUG] [org.gradle.cache.internal.DefaultFileLockManager] Releasing lock on daemon addresses registry.
2025-06-08T20:36:57.111+0200 [DEBUG] [org.gradle.cache.internal.DefaultFileLockManager] Waiting to acquire shared lock on daemon addresses registry.
2025-06-08T20:36:57.111+0200 [DEBUG] [org.gradle.cache.internal.DefaultFileLockManager] Lock acquired on daemon addresses registry.
2025-06-08T20:36:57.112+0200 [DEBUG] [org.gradle.cache.internal.DefaultFileLockManager] Releasing lock on daemon addresses registry.
2025-06-08T20:37:00.025+0200 [DEBUG] [org.gradle.process.internal.health.memory.DefaultMemoryManager] 1689163366 memory requested, 763076608 free
2025-06-08T20:37:00.025+0200 [DEBUG] [org.gradle.workers.internal.WorkerDaemonExpiration] Will attempt to release 1610 of memory
2025-06-08T20:37:00.025+0200 [DEBUG] [org.gradle.process.internal.health.memory.DefaultMemoryManager] 1689163366 memory requested, 0 released, 763076608 free
2025-06-08T20:37:05.024+0200 [DEBUG] [org.gradle.process.internal.health.memory.DefaultMemoryManager] 1689163366 memory requested, 759214080 free
2025-06-08T20:37:05.024+0200 [DEBUG] [org.gradle.workers.internal.WorkerDaemonExpiration] Will attempt to release 1610 of memory
2025-06-08T20:37:05.024+0200 [DEBUG] [org.gradle.process.internal.health.memory.DefaultMemoryManager] 1689163366 memory requested, 0 released, 759214080 free
2025-06-08T20:37:07.115+0200 [DEBUG] [org.gradle.cache.internal.DefaultFileLockManager] Waiting to acquire shared lock on daemon addresses registry.
2025-06-08T20:37:07.115+0200 [DEBUG] [org.gradle.cache.internal.DefaultFileLockManager] Lock acquired on daemon addresses registry.
2025-06-08T20:37:07.116+0200 [DEBUG] [org.gradle.cache.internal.DefaultFileLockManager] Releasing lock on daemon addresses registry.
2025-06-08T20:37:07.119+0200 [DEBUG] [org.gradle.cache.internal.DefaultFileLockManager] Waiting to acquire shared lock on daemon addresses registry.
2025-06-08T20:37:07.119+0200 [DEBUG] [org.gradle.cache.internal.DefaultFileLockManager] Lock acquired on daemon addresses registry.
2025-06-08T20:37:07.121+0200 [DEBUG] [org.gradle.cache.internal.DefaultFileLockManager] Releasing lock on daemon addresses registry.
2025-06-08T20:37:07.123+0200 [DEBUG] [org.gradle.cache.internal.DefaultFileLockManager] Waiting to acquire shared lock on daemon addresses registry.
2025-06-08T20:37:07.123+0200 [DEBUG] [org.gradle.cache.internal.DefaultFileLockManager] Lock acquired on daemon addresses registry.
2025-06-08T20:37:07.124+0200 [DEBUG] [org.gradle.cache.internal.DefaultFileLockManager] Releasing lock on daemon addresses registry.
2025-06-08T20:37:10.020+0200 [DEBUG] [org.gradle.process.internal.health.memory.DefaultMemoryManager] 1689163366 memory requested, 778555392 free
2025-06-08T20:37:10.021+0200 [DEBUG] [org.gradle.workers.internal.WorkerDaemonExpiration] Will attempt to release 1610 of memory
2025-06-08T20:37:10.021+0200 [DEBUG] [org.gradle.process.internal.health.memory.DefaultMemoryManager] 1689163366 memory requested, 0 released, 778555392 free
2025-06-08T20:37:15.012+0200 [DEBUG] [org.gradle.process.internal.health.memory.DefaultMemoryManager] 1689163366 memory requested, 803696640 free
2025-06-08T20:37:15.012+0200 [DEBUG] [org.gradle.workers.internal.WorkerDaemonExpiration] Will attempt to release 1610 of memory
2025-06-08T20:37:15.013+0200 [DEBUG] [org.gradle.process.internal.health.memory.DefaultMemoryManager] 1689163366 memory requested, 0 released, 803696640 free
2025-06-08T20:37:17.112+0200 [DEBUG] [org.gradle.cache.internal.DefaultFileLockManager] Waiting to acquire shared lock on daemon addresses registry.
2025-06-08T20:37:17.113+0200 [DEBUG] [org.gradle.cache.internal.DefaultFileLockManager] Lock acquired on daemon addresses registry.
2025-06-08T20:37:17.114+0200 [DEBUG] [org.gradle.cache.internal.DefaultFileLockManager] Releasing lock on daemon addresses registry.
2025-06-08T20:37:17.116+0200 [DEBUG] [org.gradle.cache.internal.DefaultFileLockManager] Waiting to acquire shared lock on daemon addresses registry.
2025-06-08T20:37:17.117+0200 [DEBUG] [org.gradle.cache.internal.DefaultFileLockManager] Lock acquired on daemon addresses registry.
2025-06-08T20:37:17.117+0200 [DEBUG] [org.gradle.cache.internal.DefaultFileLockManager] Releasing lock on daemon addresses registry.
2025-06-08T20:37:17.119+0200 [DEBUG] [org.gradle.cache.internal.DefaultFileLockManager] Waiting to acquire shared lock on daemon addresses registry.
2025-06-08T20:37:17.120+0200 [DEBUG] [org.gradle.cache.internal.DefaultFileLockManager] Lock acquired on daemon addresses registry.
2025-06-08T20:37:17.120+0200 [DEBUG] [org.gradle.cache.internal.DefaultFileLockManager] Releasing lock on daemon addresses registry.
2025-06-08T20:37:20.014+0200 [DEBUG] [org.gradle.process.internal.health.memory.DefaultMemoryManager] 1689163366 memory requested, 790355968 free
2025-06-08T20:37:20.014+0200 [DEBUG] [org.gradle.workers.internal.WorkerDaemonExpiration] Will attempt to release 1610 of memory
2025-06-08T20:37:20.014+0200 [DEBUG] [org.gradle.process.internal.health.memory.DefaultMemoryManager] 1689163366 memory requested, 0 released, 790355968 free
2025-06-08T20:37:25.023+0200 [DEBUG] [org.gradle.process.internal.health.memory.DefaultMemoryManager] 1689163366 memory requested, 847519744 free
2025-06-08T20:37:25.023+0200 [DEBUG] [org.gradle.workers.internal.WorkerDaemonExpiration] Will attempt to release 1610 of memory
2025-06-08T20:37:25.023+0200 [DEBUG] [org.gradle.process.internal.health.memory.DefaultMemoryManager] 1689163366 memory requested, 0 released, 847519744 free
2025-06-08T20:37:27.112+0200 [DEBUG] [org.gradle.cache.internal.DefaultFileLockManager] Waiting to acquire shared lock on daemon addresses registry.
2025-06-08T20:37:27.112+0200 [DEBUG] [org.gradle.cache.internal.DefaultFileLockManager] Lock acquired on daemon addresses registry.
2025-06-08T20:37:27.113+0200 [DEBUG] [org.gradle.cache.internal.DefaultFileLockManager] Releasing lock on daemon addresses registry.
2025-06-08T20:37:27.114+0200 [DEBUG] [org.gradle.cache.internal.DefaultFileLockManager] Waiting to acquire shared lock on daemon addresses registry.
2025-06-08T20:37:27.114+0200 [DEBUG] [org.gradle.cache.internal.DefaultFileLockManager] Lock acquired on daemon addresses registry.
2025-06-08T20:37:27.115+0200 [DEBUG] [org.gradle.cache.internal.DefaultFileLockManager] Releasing lock on daemon addresses registry.
2025-06-08T20:37:27.116+0200 [DEBUG] [org.gradle.cache.internal.DefaultFileLockManager] Waiting to acquire shared lock on daemon addresses registry.
2025-06-08T20:37:27.116+0200 [DEBUG] [org.gradle.cache.internal.DefaultFileLockManager] Lock acquired on daemon addresses registry.
2025-06-08T20:37:27.116+0200 [DEBUG] [org.gradle.cache.internal.DefaultFileLockManager] Releasing lock on daemon addresses registry.
2025-06-08T20:37:30.023+0200 [DEBUG] [org.gradle.process.internal.health.memory.DefaultMemoryManager] 1689163366 memory requested, 821800960 free
2025-06-08T20:37:30.023+0200 [DEBUG] [org.gradle.workers.internal.WorkerDaemonExpiration] Will attempt to release 1610 of memory
2025-06-08T20:37:30.023+0200 [DEBUG] [org.gradle.process.internal.health.memory.DefaultMemoryManager] 1689163366 memory requested, 0 released, 821800960 free
2025-06-08T20:37:35.024+0200 [DEBUG] [org.gradle.process.internal.health.memory.DefaultMemoryManager] 1689163366 memory requested, 770502656 free
2025-06-08T20:37:35.024+0200 [DEBUG] [org.gradle.workers.internal.WorkerDaemonExpiration] Will attempt to release 1610 of memory
2025-06-08T20:37:35.024+0200 [DEBUG] [org.gradle.process.internal.health.memory.DefaultMemoryManager] 1689163366 memory requested, 0 released, 770502656 free
2025-06-08T20:37:37.112+0200 [DEBUG] [org.gradle.cache.internal.DefaultFileLockManager] Waiting to acquire shared lock on daemon addresses registry.
2025-06-08T20:37:37.112+0200 [DEBUG] [org.gradle.cache.internal.DefaultFileLockManager] Lock acquired on daemon addresses registry.
2025-06-08T20:37:37.113+0200 [DEBUG] [org.gradle.cache.internal.DefaultFileLockManager] Releasing lock on daemon addresses registry.
2025-06-08T20:37:37.114+0200 [DEBUG] [org.gradle.cache.internal.DefaultFileLockManager] Waiting to acquire shared lock on daemon addresses registry.
2025-06-08T20:37:37.114+0200 [DEBUG] [org.gradle.cache.internal.DefaultFileLockManager] Lock acquired on daemon addresses registry.
2025-06-08T20:37:37.115+0200 [DEBUG] [org.gradle.cache.internal.DefaultFileLockManager] Releasing lock on daemon addresses registry.
2025-06-08T20:37:37.116+0200 [DEBUG] [org.gradle.cache.internal.DefaultFileLockManager] Waiting to acquire shared lock on daemon addresses registry.
2025-06-08T20:37:37.116+0200 [DEBUG] [org.gradle.cache.internal.DefaultFileLockManager] Lock acquired on daemon addresses registry.
2025-06-08T20:37:37.116+0200 [DEBUG] [org.gradle.cache.internal.DefaultFileLockManager] Releasing lock on daemon addresses registry.
2025-06-08T20:37:40.021+0200 [DEBUG] [org.gradle.process.internal.health.memory.DefaultMemoryManager] 1689163366 memory requested, 735969280 free
2025-06-08T20:37:40.021+0200 [DEBUG] [org.gradle.workers.internal.WorkerDaemonExpiration] Will attempt to release 1610 of memory
2025-06-08T20:37:40.022+0200 [DEBUG] [org.gradle.process.internal.health.memory.DefaultMemoryManager] 1689163366 memory requested, 0 released, 735969280 free
2025-06-08T20:37:45.016+0200 [DEBUG] [org.gradle.process.internal.health.memory.DefaultMemoryManager] 1689163366 memory requested, 719224832 free
2025-06-08T20:37:45.016+0200 [DEBUG] [org.gradle.workers.internal.WorkerDaemonExpiration] Will attempt to release 1610 of memory
2025-06-08T20:37:45.017+0200 [DEBUG] [org.gradle.process.internal.health.memory.DefaultMemoryManager] 1689163366 memory requested, 0 released, 719224832 free
2025-06-08T20:37:47.106+0200 [DEBUG] [org.gradle.cache.internal.DefaultFileLockManager] Waiting to acquire shared lock on daemon addresses registry.
2025-06-08T20:37:47.107+0200 [DEBUG] [org.gradle.cache.internal.DefaultFileLockManager] Lock acquired on daemon addresses registry.
2025-06-08T20:37:47.107+0200 [DEBUG] [org.gradle.cache.internal.DefaultFileLockManager] Releasing lock on daemon addresses registry.
2025-06-08T20:37:47.108+0200 [DEBUG] [org.gradle.cache.internal.DefaultFileLockManager] Waiting to acquire shared lock on daemon addresses registry.
2025-06-08T20:37:47.108+0200 [DEBUG] [org.gradle.cache.internal.DefaultFileLockManager] Lock acquired on daemon addresses registry.
2025-06-08T20:37:47.108+0200 [DEBUG] [org.gradle.cache.internal.DefaultFileLockManager] Releasing lock on daemon addresses registry.
2025-06-08T20:37:47.109+0200 [DEBUG] [org.gradle.cache.internal.DefaultFileLockManager] Waiting to acquire shared lock on daemon addresses registry.
2025-06-08T20:37:47.109+0200 [DEBUG] [org.gradle.cache.internal.DefaultFileLockManager] Lock acquired on daemon addresses registry.
2025-06-08T20:37:47.110+0200 [DEBUG] [org.gradle.cache.internal.DefaultFileLockManager] Releasing lock on daemon addresses registry.
2025-06-08T20:37:50.022+0200 [DEBUG] [org.gradle.process.internal.health.memory.DefaultMemoryManager] 1689163366 memory requested, 766124032 free
2025-06-08T20:37:50.022+0200 [DEBUG] [org.gradle.workers.internal.WorkerDaemonExpiration] Will attempt to release 1610 of memory
2025-06-08T20:37:50.022+0200 [DEBUG] [org.gradle.process.internal.health.memory.DefaultMemoryManager] 1689163366 memory requested, 0 released, 766124032 free
2025-06-08T20:37:55.022+0200 [DEBUG] [org.gradle.process.internal.health.memory.DefaultMemoryManager] 1689163366 memory requested, 747302912 free
2025-06-08T20:37:55.022+0200 [DEBUG] [org.gradle.workers.internal.WorkerDaemonExpiration] Will attempt to release 1610 of memory
2025-06-08T20:37:55.022+0200 [DEBUG] [org.gradle.process.internal.health.memory.DefaultMemoryManager] 1689163366 memory requested, 0 released, 747302912 free
2025-06-08T20:37:57.108+0200 [DEBUG] [org.gradle.cache.internal.DefaultFileLockManager] Waiting to acquire shared lock on daemon addresses registry.
2025-06-08T20:37:57.109+0200 [DEBUG] [org.gradle.cache.internal.DefaultFileLockManager] Lock acquired on daemon addresses registry.
2025-06-08T20:37:57.110+0200 [DEBUG] [org.gradle.cache.internal.DefaultFileLockManager] Releasing lock on daemon addresses registry.
2025-06-08T20:37:57.113+0200 [DEBUG] [org.gradle.cache.internal.DefaultFileLockManager] Waiting to acquire shared lock on daemon addresses registry.
2025-06-08T20:37:57.113+0200 [DEBUG] [org.gradle.cache.internal.DefaultFileLockManager] Lock acquired on daemon addresses registry.
2025-06-08T20:37:57.114+0200 [DEBUG] [org.gradle.cache.internal.DefaultFileLockManager] Releasing lock on daemon addresses registry.
2025-06-08T20:37:57.116+0200 [DEBUG] [org.gradle.cache.internal.DefaultFileLockManager] Waiting to acquire shared lock on daemon addresses registry.
2025-06-08T20:37:57.117+0200 [DEBUG] [org.gradle.cache.internal.DefaultFileLockManager] Lock acquired on daemon addresses registry.
2025-06-08T20:37:57.118+0200 [DEBUG] [org.gradle.cache.internal.DefaultFileLockManager] Releasing lock on daemon addresses registry.
2025-06-08T20:38:00.013+0200 [DEBUG] [org.gradle.process.internal.health.memory.DefaultMemoryManager] 1689163366 memory requested, 730382336 free
2025-06-08T20:38:00.013+0200 [DEBUG] [org.gradle.workers.internal.WorkerDaemonExpiration] Will attempt to release 1610 of memory
2025-06-08T20:38:00.013+0200 [DEBUG] [org.gradle.process.internal.health.memory.DefaultMemoryManager] 1689163366 memory requested, 0 released, 730382336 free
2025-06-08T20:38:05.021+0200 [DEBUG] [org.gradle.process.internal.health.memory.DefaultMemoryManager] 1689163366 memory requested, 687792128 free
2025-06-08T20:38:05.021+0200 [DEBUG] [org.gradle.workers.internal.WorkerDaemonExpiration] Will attempt to release 1610 of memory
2025-06-08T20:38:05.021+0200 [DEBUG] [org.gradle.process.internal.health.memory.DefaultMemoryManager] 1689163366 memory requested, 0 released, 687792128 free
2025-06-08T20:38:07.108+0200 [DEBUG] [org.gradle.cache.internal.DefaultFileLockManager] Waiting to acquire shared lock on daemon addresses registry.
2025-06-08T20:38:07.108+0200 [DEBUG] [org.gradle.cache.internal.DefaultFileLockManager] Lock acquired on daemon addresses registry.
2025-06-08T20:38:07.109+0200 [DEBUG] [org.gradle.cache.internal.DefaultFileLockManager] Releasing lock on daemon addresses registry.
2025-06-08T20:38:07.110+0200 [DEBUG] [org.gradle.cache.internal.DefaultFileLockManager] Waiting to acquire shared lock on daemon addresses registry.
2025-06-08T20:38:07.110+0200 [DEBUG] [org.gradle.cache.internal.DefaultFileLockManager] Lock acquired on daemon addresses registry.
2025-06-08T20:38:07.111+0200 [DEBUG] [org.gradle.cache.internal.DefaultFileLockManager] Releasing lock on daemon addresses registry.
2025-06-08T20:38:07.114+0200 [DEBUG] [org.gradle.cache.internal.DefaultFileLockManager] Waiting to acquire shared lock on daemon addresses registry.
2025-06-08T20:38:07.114+0200 [DEBUG] [org.gradle.cache.internal.DefaultFileLockManager] Lock acquired on daemon addresses registry.
2025-06-08T20:38:07.115+0200 [DEBUG] [org.gradle.cache.internal.DefaultFileLockManager] Releasing lock on daemon addresses registry.
2025-06-08T20:38:10.013+0200 [DEBUG] [org.gradle.process.internal.health.memory.DefaultMemoryManager] 1689163366 memory requested, 656105472 free
2025-06-08T20:38:10.014+0200 [DEBUG] [org.gradle.workers.internal.WorkerDaemonExpiration] Will attempt to release 1610 of memory
2025-06-08T20:38:10.014+0200 [DEBUG] [org.gradle.process.internal.health.memory.DefaultMemoryManager] 1689163366 memory requested, 0 released, 656105472 free
2025-06-08T20:38:15.013+0200 [DEBUG] [org.gradle.process.internal.health.memory.DefaultMemoryManager] 1689163366 memory requested, 686342144 free
2025-06-08T20:38:15.013+0200 [DEBUG] [org.gradle.workers.internal.WorkerDaemonExpiration] Will attempt to release 1610 of memory
2025-06-08T20:38:15.013+0200 [DEBUG] [org.gradle.process.internal.health.memory.DefaultMemoryManager] 1689163366 memory requested, 0 released, 686342144 free
2025-06-08T20:38:17.114+0200 [DEBUG] [org.gradle.cache.internal.DefaultFileLockManager] Waiting to acquire shared lock on daemon addresses registry.
2025-06-08T20:38:17.114+0200 [DEBUG] [org.gradle.cache.internal.DefaultFileLockManager] Lock acquired on daemon addresses registry.
2025-06-08T20:38:17.115+0200 [DEBUG] [org.gradle.cache.internal.DefaultFileLockManager] Releasing lock on daemon addresses registry.
2025-06-08T20:38:17.118+0200 [DEBUG] [org.gradle.cache.internal.DefaultFileLockManager] Waiting to acquire shared lock on daemon addresses registry.
2025-06-08T20:38:17.118+0200 [DEBUG] [org.gradle.cache.internal.DefaultFileLockManager] Lock acquired on daemon addresses registry.
2025-06-08T20:38:17.119+0200 [DEBUG] [org.gradle.cache.internal.DefaultFileLockManager] Releasing lock on daemon addresses registry.
2025-06-08T20:38:17.122+0200 [DEBUG] [org.gradle.cache.internal.DefaultFileLockManager] Waiting to acquire shared lock on daemon addresses registry.
2025-06-08T20:38:17.122+0200 [DEBUG] [org.gradle.cache.internal.DefaultFileLockManager] Lock acquired on daemon addresses registry.
2025-06-08T20:38:17.123+0200 [DEBUG] [org.gradle.cache.internal.DefaultFileLockManager] Releasing lock on daemon addresses registry.
2025-06-08T20:38:20.025+0200 [DEBUG] [org.gradle.process.internal.health.memory.DefaultMemoryManager] 1689163366 memory requested, 774176768 free
2025-06-08T20:38:20.025+0200 [DEBUG] [org.gradle.workers.internal.WorkerDaemonExpiration] Will attempt to release 1610 of memory
2025-06-08T20:38:20.025+0200 [DEBUG] [org.gradle.process.internal.health.memory.DefaultMemoryManager] 1689163366 memory requested, 0 released, 774176768 free
2025-06-08T20:38:20.035+0200 [DEBUG] [org.gradle.internal.remote.internal.inet.TcpIncomingConnector] Accepted connection from /127.0.0.1:62571 to /127.0.0.1:62399.
2025-06-08T20:38:20.044+0200 [DEBUG] [org.gradle.launcher.daemon.server.SynchronizedDispatchConnection] thread 248: received class org.gradle.launcher.daemon.protocol.StopWhenIdle
2025-06-08T20:38:20.044+0200 [DEBUG] [org.gradle.launcher.daemon.server.DefaultDaemonConnection] thread 248: Received non-IO message from client: StopWhenIdle[id=c6614db2-1183-4e62-8f31-ed837518ea20]
2025-06-08T20:38:20.044+0200 [INFO] [org.gradle.launcher.daemon.server.DefaultIncomingConnectionHandler] Received command: StopWhenIdle[id=c6614db2-1183-4e62-8f31-ed837518ea20].
2025-06-08T20:38:20.044+0200 [DEBUG] [org.gradle.launcher.daemon.server.DefaultIncomingConnectionHandler] Starting executing command: StopWhenIdle[id=c6614db2-1183-4e62-8f31-ed837518ea20] with connection: socket connection from /127.0.0.1:62399 to /127.0.0.1:62571.
2025-06-08T20:38:20.045+0200 [DEBUG] [org.gradle.launcher.daemon.server.DaemonRegistryUpdater] Storing daemon stop event: stop command received
2025-06-08T20:38:20.045+0200 [DEBUG] [org.gradle.launcher.daemon.registry.PersistentDaemonRegistry] Storing daemon stop event with timestamp 1749407900045
2025-06-08T20:38:20.047+0200 [DEBUG] [org.gradle.cache.internal.DefaultFileLockManager] Waiting to acquire exclusive lock on daemon addresses registry.
2025-06-08T20:38:20.048+0200 [DEBUG] [org.gradle.cache.internal.DefaultFileLockManager] Lock acquired on daemon addresses registry.
2025-06-08T20:38:20.050+0200 [DEBUG] [org.gradle.cache.internal.DefaultFileLockManager] Releasing lock on daemon addresses registry.
2025-06-08T20:38:20.050+0200 [LIFECYCLE] [org.gradle.launcher.daemon.server.DaemonStateCoordinator] Daemon will be stopped at the end of the build stop command received
2025-06-08T20:38:20.050+0200 [DEBUG] [org.gradle.launcher.daemon.server.DaemonStateCoordinator] Marking daemon stopped due to stop command received. The daemon is running a build: false
2025-06-08T20:38:20.050+0200 [DEBUG] [org.gradle.launcher.daemon.server.DaemonStateCoordinator] daemon has stopped.
2025-06-08T20:38:20.050+0200 [DEBUG] [org.gradle.launcher.daemon.server.Daemon] stop() called on daemon
2025-06-08T20:38:20.050+0200 [DEBUG] [org.gradle.launcher.daemon.server.SynchronizedDispatchConnection] thread 247: dispatching Success[value=null]
2025-06-08T20:38:20.050+0200 [INFO] [org.gradle.launcher.daemon.server.Daemon] Stop requested. Daemon is removing its presence from the registry...
2025-06-08T20:38:20.051+0200 [DEBUG] [org.gradle.launcher.daemon.server.DefaultIncomingConnectionHandler] Finishing executing command: StopWhenIdle[id=c6614db2-1183-4e62-8f31-ed837518ea20]
2025-06-08T20:38:20.051+0200 [DEBUG] [org.gradle.launcher.daemon.server.DaemonRegistryUpdater] Removing our presence to clients, eg. removing this address from the registry: [633f4032-24e2-415c-a0d4-77c938152124 port:62399, addresses:[localhost/127.0.0.1]]
2025-06-08T20:38:20.051+0200 [DEBUG] [org.gradle.launcher.daemon.server.SynchronizedDispatchConnection] thread 248: received class org.gradle.launcher.daemon.protocol.Finished
2025-06-08T20:38:20.051+0200 [DEBUG] [org.gradle.launcher.daemon.registry.PersistentDaemonRegistry] Removing daemon address: [633f4032-24e2-415c-a0d4-77c938152124 port:62399, addresses:[localhost/127.0.0.1]]
2025-06-08T20:38:20.051+0200 [DEBUG] [org.gradle.launcher.daemon.server.DefaultDaemonConnection] thread 248: Received non-IO message from client: org.gradle.launcher.daemon.protocol.Finished@19e5aaf9
2025-06-08T20:38:20.051+0200 [DEBUG] [org.gradle.launcher.daemon.server.DefaultIncomingConnectionHandler] Received finished message: org.gradle.launcher.daemon.protocol.Finished@19e5aaf9
2025-06-08T20:38:20.051+0200 [DEBUG] [org.gradle.internal.remote.internal.inet.SocketConnection] Discarding EOFException: java.io.EOFException
2025-06-08T20:38:20.051+0200 [DEBUG] [org.gradle.launcher.daemon.server.SynchronizedDispatchConnection] thread 248: received null
2025-06-08T20:38:20.051+0200 [DEBUG] [org.gradle.launcher.daemon.server.SynchronizedDispatchConnection] thread 247: stopping connection
2025-06-08T20:38:20.051+0200 [DEBUG] [org.gradle.launcher.daemon.server.DefaultDaemonConnection] thread 248: Received end-of-input from client.
2025-06-08T20:38:20.052+0200 [DEBUG] [org.gradle.launcher.daemon.server.SynchronizedDispatchConnection] thread 247: stopping connection
2025-06-08T20:38:20.053+0200 [DEBUG] [org.gradle.cache.internal.DefaultFileLockManager] Waiting to acquire exclusive lock on daemon addresses registry.
2025-06-08T20:38:20.053+0200 [DEBUG] [org.gradle.cache.internal.DefaultFileLockManager] Lock acquired on daemon addresses registry.
2025-06-08T20:38:20.055+0200 [DEBUG] [org.gradle.cache.internal.DefaultFileLockManager] Releasing lock on daemon addresses registry.
2025-06-08T20:38:20.056+0200 [DEBUG] [org.gradle.launcher.daemon.server.DaemonRegistryUpdater] Address removed from registry.
2025-06-08T20:38:20.058+0200 [DEBUG] [org.gradle.cache.internal.LockOnDemandCrossProcessCacheAccess] Releasing file lock for jars (C:\Users\Alvaro\Desktop\Proyecto\PMDM\CarKier\caches\jars-9)
2025-06-08T20:38:20.058+0200 [DEBUG] [org.gradle.cache.internal.DefaultFileLockManager] Releasing lock on jars (C:\Users\Alvaro\Desktop\Proyecto\PMDM\CarKier\caches\jars-9).
2025-06-08T20:38:20.059+0200 [DEBUG] [org.gradle.cache.internal.LockOnDemandCrossProcessCacheAccess] Releasing file lock for Artifact transforms cache (C:\Users\Alvaro\Desktop\Proyecto\PMDM\CarKier\caches\transforms-3)
2025-06-08T20:38:20.059+0200 [DEBUG] [org.gradle.cache.internal.DefaultFileLockManager] Releasing lock on Artifact transforms cache (C:\Users\Alvaro\Desktop\Proyecto\PMDM\CarKier\caches\transforms-3).
2025-06-08T20:38:20.060+0200 [DEBUG] [org.gradle.cache.internal.LockOnDemandCrossProcessCacheAccess] Releasing file lock for kotlin-dsl (C:\Users\Alvaro\Desktop\Proyecto\PMDM\CarKier\caches\8.2\kotlin-dsl)
2025-06-08T20:38:20.061+0200 [DEBUG] [org.gradle.cache.internal.btree.BTreePersistentIndexedCache] Closing cache executionHistory.bin (C:\Users\Alvaro\Desktop\Proyecto\PMDM\CarKier\caches\8.2\kotlin-dsl\executionHistory.bin)
2025-06-08T20:38:20.061+0200 [DEBUG] [org.gradle.cache.internal.DefaultFileLockManager] Releasing lock on kotlin-dsl (C:\Users\Alvaro\Desktop\Proyecto\PMDM\CarKier\caches\8.2\kotlin-dsl).
2025-06-08T20:38:20.075+0200 [DEBUG] [org.gradle.cache.internal.LockOnDemandCrossProcessCacheAccess] Releasing file lock for file content cache (C:\Users\Alvaro\Desktop\Proyecto\PMDM\CarKier\caches\8.2\fileContent)
2025-06-08T20:38:20.075+0200 [DEBUG] [org.gradle.cache.internal.DefaultFileLockManager] Releasing lock on file content cache (C:\Users\Alvaro\Desktop\Proyecto\PMDM\CarKier\caches\8.2\fileContent).
2025-06-08T20:38:20.075+0200 [DEBUG] [org.gradle.internal.watch.vfs.impl.WatchingVirtualFileSystem] Closing VFS, dropping state
2025-06-08T20:38:20.076+0200 [DEBUG] [org.gradle.cache.internal.LockOnDemandCrossProcessCacheAccess] Releasing file lock for Generated Gradle JARs cache (C:\Users\Alvaro\Desktop\Proyecto\PMDM\CarKier\caches\8.2\generated-gradle-jars)
2025-06-08T20:38:20.077+0200 [DEBUG] [org.gradle.internal.watch.registry.impl.DefaultFileWatcherRegistry] Finished listening to file system change events
2025-06-08T20:38:20.077+0200 [DEBUG] [org.gradle.cache.internal.DefaultFileLockManager] Releasing lock on Generated Gradle JARs cache (C:\Users\Alvaro\Desktop\Proyecto\PMDM\CarKier\caches\8.2\generated-gradle-jars).
2025-06-08T20:38:20.077+0200 [DEBUG] [org.gradle.cache.internal.LockOnDemandCrossProcessCacheAccess] Releasing file lock for artifact cache (C:\Users\Alvaro\Desktop\Proyecto\PMDM\CarKier\caches\modules-2)
2025-06-08T20:38:20.077+0200 [DEBUG] [org.gradle.cache.internal.btree.BTreePersistentIndexedCache] Closing cache module-artifact.bin (C:\Users\Alvaro\Desktop\Proyecto\PMDM\CarKier\caches\modules-2\metadata-2.106\module-artifact.bin)
2025-06-08T20:38:20.078+0200 [DEBUG] [org.gradle.cache.internal.btree.BTreePersistentIndexedCache] Closing cache resource-at-url.bin (C:\Users\Alvaro\Desktop\Proyecto\PMDM\CarKier\caches\modules-2\metadata-2.106\resource-at-url.bin)
2025-06-08T20:38:20.078+0200 [DEBUG] [org.gradle.cache.internal.btree.BTreePersistentIndexedCache] Closing cache module-metadata.bin (C:\Users\Alvaro\Desktop\Proyecto\PMDM\CarKier\caches\modules-2\metadata-2.106\module-metadata.bin)
2025-06-08T20:38:20.079+0200 [DEBUG] [org.gradle.cache.internal.btree.BTreePersistentIndexedCache] Closing cache module-artifacts.bin (C:\Users\Alvaro\Desktop\Proyecto\PMDM\CarKier\caches\modules-2\metadata-2.106\module-artifacts.bin)
2025-06-08T20:38:20.079+0200 [DEBUG] [org.gradle.cache.internal.DefaultFileLockManager] Releasing lock on artifact cache (C:\Users\Alvaro\Desktop\Proyecto\PMDM\CarKier\caches\modules-2).
2025-06-08T20:38:20.081+0200 [DEBUG] [org.gradle.cache.internal.LockOnDemandCrossProcessCacheAccess] Releasing file lock for journal cache (C:\Users\Alvaro\Desktop\Proyecto\PMDM\CarKier\caches\journal-1)
2025-06-08T20:38:20.081+0200 [DEBUG] [org.gradle.cache.internal.btree.BTreePersistentIndexedCache] Closing cache file-access.bin (C:\Users\Alvaro\Desktop\Proyecto\PMDM\CarKier\caches\journal-1\file-access.bin)
2025-06-08T20:38:20.081+0200 [DEBUG] [org.gradle.cache.internal.DefaultFileLockManager] Releasing lock on journal cache (C:\Users\Alvaro\Desktop\Proyecto\PMDM\CarKier\caches\journal-1).
2025-06-08T20:38:20.082+0200 [DEBUG] [org.gradle.cache.internal.LockOnDemandCrossProcessCacheAccess] Releasing file lock for file hash cache (C:\Users\Alvaro\Desktop\Proyecto\PMDM\CarKier\caches\8.2\fileHashes)
2025-06-08T20:38:20.082+0200 [DEBUG] [org.gradle.cache.internal.btree.BTreePersistentIndexedCache] Closing cache fileHashes.bin (C:\Users\Alvaro\Desktop\Proyecto\PMDM\CarKier\caches\8.2\fileHashes\fileHashes.bin)
2025-06-08T20:38:20.082+0200 [DEBUG] [org.gradle.cache.internal.btree.BTreePersistentIndexedCache] Closing cache resourceHashesCache.bin (C:\Users\Alvaro\Desktop\Proyecto\PMDM\CarKier\caches\8.2\fileHashes\resourceHashesCache.bin)
2025-06-08T20:38:20.082+0200 [DEBUG] [org.gradle.cache.internal.DefaultFileLockManager] Releasing lock on file hash cache (C:\Users\Alvaro\Desktop\Proyecto\PMDM\CarKier\caches\8.2\fileHashes).
2025-06-08T20:38:20.083+0200 [DEBUG] [org.gradle.cache.internal.LockOnDemandCrossProcessCacheAccess] Releasing file lock for execution history cache (C:\Users\Alvaro\Desktop\Proyecto\PMDM\CarKier\caches\8.2\executionHistory)
2025-06-08T20:38:20.083+0200 [DEBUG] [org.gradle.cache.internal.btree.BTreePersistentIndexedCache] Closing cache executionHistory.bin (C:\Users\Alvaro\Desktop\Proyecto\PMDM\CarKier\caches\8.2\executionHistory\executionHistory.bin)
2025-06-08T20:38:20.083+0200 [DEBUG] [org.gradle.cache.internal.DefaultFileLockManager] Releasing lock on execution history cache (C:\Users\Alvaro\Desktop\Proyecto\PMDM\CarKier\caches\8.2\executionHistory).
2025-06-08T20:38:20.095+0200 [DEBUG] [org.gradle.cache.internal.VersionSpecificCacheCleanupAction] Processed version-specific caches at C:\Users\Alvaro\Desktop\Proyecto\PMDM\CarKier\caches for cleanup in 0.01 secs
Daemon vm is shutting down... The daemon has exited normally or was terminated in response to a user interrupt.
2025-06-08T20:38:20.101+0200 [DEBUG] [org.gradle.launcher.daemon.registry.PersistentDaemonRegistry] Removing daemon address: [633f4032-24e2-415c-a0d4-77c938152124 port:62399, addresses:[localhost/127.0.0.1]]
2025-06-08T20:38:20.103+0200 [DEBUG] [org.gradle.cache.internal.DefaultFileLockManager] Waiting to acquire exclusive lock on daemon addresses registry.
2025-06-08T20:38:20.103+0200 [DEBUG] [org.gradle.cache.internal.DefaultFileLockManager] Lock acquired on daemon addresses registry.
2025-06-08T20:38:20.104+0200 [DEBUG] [org.gradle.cache.internal.DefaultFileLockManager] Releasing lock on daemon addresses registry.
